<?xml version="1.0" encoding="UTF-8"?>
<testsuite xmlns:xsi="http://www.w3.org/2001/XMLSchema-instance" xsi:noNamespaceSchemaLocation="https://maven.apache.org/surefire/maven-surefire-plugin/xsd/surefire-test-report-3.0.xsd" version="3.0" name="TestSuite" time="28.687" tests="9" errors="0" skipped="0" failures="0">
  <properties>
    <property name="sun.desktop" value="windows"/>
    <property name="awt.toolkit" value="sun.awt.windows.WToolkit"/>
    <property name="file.encoding.pkg" value="sun.io"/>
    <property name="java.specification.version" value="1.8"/>
    <property name="sun.cpu.isalist" value="amd64"/>
    <property name="sun.jnu.encoding" value="Cp1252"/>
    <property name="java.class.path" value="C:\Users\chowd\eclipse-workspace\DemoBlaze_Hybrid_Framework\target\test-classes;C:\Users\chowd\eclipse-workspace\DemoBlaze_Hybrid_Framework\target\classes;C:\Users\chowd\.m2\repository\com\github\ralfstuckert\pdfbox-layout\pdfbox2-layout\1.0.1\pdfbox2-layout-1.0.1.jar;C:\Users\chowd\.m2\repository\org\apache\pdfbox\pdfbox\2.0.4\pdfbox-2.0.4.jar;C:\Users\chowd\.m2\repository\org\apache\pdfbox\fontbox\2.0.4\fontbox-2.0.4.jar;C:\Program Files\Java\jdk1.8.0_333\lib\tools.jar;C:\Users\chowd\.m2\repository\org\seleniumhq\selenium\selenium-java\4.8.2\selenium-java-4.8.2.jar;C:\Users\chowd\.m2\repository\org\seleniumhq\selenium\selenium-api\4.8.2\selenium-api-4.8.2.jar;C:\Users\chowd\.m2\repository\org\seleniumhq\selenium\selenium-chrome-driver\4.8.2\selenium-chrome-driver-4.8.2.jar;C:\Users\chowd\.m2\repository\com\google\auto\service\auto-service-annotations\1.0.1\auto-service-annotations-1.0.1.jar;C:\Users\chowd\.m2\repository\com\google\auto\service\auto-service\1.0.1\auto-service-1.0.1.jar;C:\Users\chowd\.m2\repository\com\google\auto\auto-common\1.2\auto-common-1.2.jar;C:\Users\chowd\.m2\repository\com\google\guava\guava\31.1-jre\guava-31.1-jre.jar;C:\Users\chowd\.m2\repository\com\google\guava\failureaccess\1.0.1\failureaccess-1.0.1.jar;C:\Users\chowd\.m2\repository\com\google\guava\listenablefuture\9999.0-empty-to-avoid-conflict-with-guava\listenablefuture-9999.0-empty-to-avoid-conflict-with-guava.jar;C:\Users\chowd\.m2\repository\com\google\code\findbugs\jsr305\3.0.2\jsr305-3.0.2.jar;C:\Users\chowd\.m2\repository\org\checkerframework\checker-qual\3.12.0\checker-qual-3.12.0.jar;C:\Users\chowd\.m2\repository\com\google\errorprone\error_prone_annotations\2.11.0\error_prone_annotations-2.11.0.jar;C:\Users\chowd\.m2\repository\com\google\j2objc\j2objc-annotations\1.3\j2objc-annotations-1.3.jar;C:\Users\chowd\.m2\repository\org\seleniumhq\selenium\selenium-chromium-driver\4.8.2\selenium-chromium-driver-4.8.2.jar;C:\Users\chowd\.m2\repository\org\seleniumhq\selenium\selenium-json\4.8.2\selenium-json-4.8.2.jar;C:\Users\chowd\.m2\repository\org\seleniumhq\selenium\selenium-manager\4.8.2\selenium-manager-4.8.2.jar;C:\Users\chowd\.m2\repository\org\seleniumhq\selenium\selenium-devtools-v109\4.8.2\selenium-devtools-v109-4.8.2.jar;C:\Users\chowd\.m2\repository\org\seleniumhq\selenium\selenium-devtools-v110\4.8.2\selenium-devtools-v110-4.8.2.jar;C:\Users\chowd\.m2\repository\org\seleniumhq\selenium\selenium-devtools-v111\4.8.2\selenium-devtools-v111-4.8.2.jar;C:\Users\chowd\.m2\repository\org\seleniumhq\selenium\selenium-devtools-v85\4.8.2\selenium-devtools-v85-4.8.2.jar;C:\Users\chowd\.m2\repository\org\seleniumhq\selenium\selenium-edge-driver\4.8.2\selenium-edge-driver-4.8.2.jar;C:\Users\chowd\.m2\repository\org\seleniumhq\selenium\selenium-firefox-driver\4.8.2\selenium-firefox-driver-4.8.2.jar;C:\Users\chowd\.m2\repository\org\seleniumhq\selenium\selenium-http\4.8.2\selenium-http-4.8.2.jar;C:\Users\chowd\.m2\repository\dev\failsafe\failsafe\3.3.1\failsafe-3.3.1.jar;C:\Users\chowd\.m2\repository\org\seleniumhq\selenium\selenium-ie-driver\4.8.2\selenium-ie-driver-4.8.2.jar;C:\Users\chowd\.m2\repository\org\seleniumhq\selenium\selenium-remote-driver\4.8.2\selenium-remote-driver-4.8.2.jar;C:\Users\chowd\.m2\repository\io\netty\netty-buffer\4.1.90.Final\netty-buffer-4.1.90.Final.jar;C:\Users\chowd\.m2\repository\io\netty\netty-codec-http\4.1.90.Final\netty-codec-http-4.1.90.Final.jar;C:\Users\chowd\.m2\repository\io\netty\netty-codec\4.1.90.Final\netty-codec-4.1.90.Final.jar;C:\Users\chowd\.m2\repository\io\netty\netty-handler\4.1.90.Final\netty-handler-4.1.90.Final.jar;C:\Users\chowd\.m2\repository\io\netty\netty-common\4.1.90.Final\netty-common-4.1.90.Final.jar;C:\Users\chowd\.m2\repository\io\netty\netty-transport-classes-epoll\4.1.90.Final\netty-transport-classes-epoll-4.1.90.Final.jar;C:\Users\chowd\.m2\repository\io\netty\netty-transport-classes-kqueue\4.1.90.Final\netty-transport-classes-kqueue-4.1.90.Final.jar;C:\Users\chowd\.m2\repository\io\netty\netty-transport-native-epoll\4.1.90.Final\netty-transport-native-epoll-4.1.90.Final.jar;C:\Users\chowd\.m2\repository\io\netty\netty-transport-native-kqueue\4.1.90.Final\netty-transport-native-kqueue-4.1.90.Final.jar;C:\Users\chowd\.m2\repository\io\netty\netty-transport-native-unix-common\4.1.90.Final\netty-transport-native-unix-common-4.1.90.Final.jar;C:\Users\chowd\.m2\repository\io\netty\netty-transport\4.1.90.Final\netty-transport-4.1.90.Final.jar;C:\Users\chowd\.m2\repository\io\netty\netty-resolver\4.1.90.Final\netty-resolver-4.1.90.Final.jar;C:\Users\chowd\.m2\repository\io\opentelemetry\opentelemetry-api\1.24.0\opentelemetry-api-1.24.0.jar;C:\Users\chowd\.m2\repository\io\opentelemetry\opentelemetry-context\1.24.0\opentelemetry-context-1.24.0.jar;C:\Users\chowd\.m2\repository\io\opentelemetry\opentelemetry-exporter-logging\1.24.0\opentelemetry-exporter-logging-1.24.0.jar;C:\Users\chowd\.m2\repository\io\opentelemetry\opentelemetry-sdk-metrics\1.24.0\opentelemetry-sdk-metrics-1.24.0.jar;C:\Users\chowd\.m2\repository\io\opentelemetry\opentelemetry-sdk-logs\1.24.0-alpha\opentelemetry-sdk-logs-1.24.0-alpha.jar;C:\Users\chowd\.m2\repository\io\opentelemetry\opentelemetry-api-logs\1.24.0-alpha\opentelemetry-api-logs-1.24.0-alpha.jar;C:\Users\chowd\.m2\repository\io\opentelemetry\opentelemetry-api-events\1.24.0-alpha\opentelemetry-api-events-1.24.0-alpha.jar;C:\Users\chowd\.m2\repository\io\opentelemetry\opentelemetry-sdk-common\1.24.0\opentelemetry-sdk-common-1.24.0.jar;C:\Users\chowd\.m2\repository\io\opentelemetry\opentelemetry-sdk-extension-autoconfigure-spi\1.24.0\opentelemetry-sdk-extension-autoconfigure-spi-1.24.0.jar;C:\Users\chowd\.m2\repository\io\opentelemetry\opentelemetry-sdk-extension-autoconfigure\1.24.0-alpha\opentelemetry-sdk-extension-autoconfigure-1.24.0-alpha.jar;C:\Users\chowd\.m2\repository\io\opentelemetry\opentelemetry-sdk-trace\1.24.0\opentelemetry-sdk-trace-1.24.0.jar;C:\Users\chowd\.m2\repository\io\opentelemetry\opentelemetry-sdk\1.24.0\opentelemetry-sdk-1.24.0.jar;C:\Users\chowd\.m2\repository\io\opentelemetry\opentelemetry-semconv\1.24.0-alpha\opentelemetry-semconv-1.24.0-alpha.jar;C:\Users\chowd\.m2\repository\io\ous\jtoml\2.0.0\jtoml-2.0.0.jar;C:\Users\chowd\.m2\repository\net\bytebuddy\byte-buddy\1.14.2\byte-buddy-1.14.2.jar;C:\Users\chowd\.m2\repository\org\apache\commons\commons-exec\1.3\commons-exec-1.3.jar;C:\Users\chowd\.m2\repository\org\asynchttpclient\async-http-client\2.12.3\async-http-client-2.12.3.jar;C:\Users\chowd\.m2\repository\org\asynchttpclient\async-http-client-netty-utils\2.12.3\async-http-client-netty-utils-2.12.3.jar;C:\Users\chowd\.m2\repository\io\netty\netty-codec-socks\4.1.60.Final\netty-codec-socks-4.1.60.Final.jar;C:\Users\chowd\.m2\repository\io\netty\netty-handler-proxy\4.1.60.Final\netty-handler-proxy-4.1.60.Final.jar;C:\Users\chowd\.m2\repository\io\netty\netty-transport-native-epoll\4.1.60.Final\netty-transport-native-epoll-4.1.60.Final-linux-x86_64.jar;C:\Users\chowd\.m2\repository\io\netty\netty-transport-native-kqueue\4.1.60.Final\netty-transport-native-kqueue-4.1.60.Final-osx-x86_64.jar;C:\Users\chowd\.m2\repository\com\typesafe\netty\netty-reactive-streams\2.0.4\netty-reactive-streams-2.0.4.jar;C:\Users\chowd\.m2\repository\com\sun\activation\jakarta.activation\1.2.2\jakarta.activation-1.2.2.jar;C:\Users\chowd\.m2\repository\org\seleniumhq\selenium\selenium-safari-driver\4.8.2\selenium-safari-driver-4.8.2.jar;C:\Users\chowd\.m2\repository\org\seleniumhq\selenium\selenium-support\4.8.2\selenium-support-4.8.2.jar;C:\Users\chowd\.m2\repository\org\testng\testng\6.14.3\testng-6.14.3.jar;C:\Users\chowd\.m2\repository\com\beust\jcommander\1.72\jcommander-1.72.jar;C:\Users\chowd\.m2\repository\org\apache-extras\beanshell\bsh\2.0b6\bsh-2.0b6.jar;C:\Users\chowd\.m2\repository\io\appium\java-client\7.5.1\java-client-7.5.1.jar;C:\Users\chowd\.m2\repository\com\google\code\gson\gson\2.8.6\gson-2.8.6.jar;C:\Users\chowd\.m2\repository\org\apache\httpcomponents\httpclient\4.5.13\httpclient-4.5.13.jar;C:\Users\chowd\.m2\repository\org\apache\httpcomponents\httpcore\4.4.13\httpcore-4.4.13.jar;C:\Users\chowd\.m2\repository\cglib\cglib\3.3.0\cglib-3.3.0.jar;C:\Users\chowd\.m2\repository\commons-validator\commons-validator\1.7\commons-validator-1.7.jar;C:\Users\chowd\.m2\repository\commons-beanutils\commons-beanutils\1.9.4\commons-beanutils-1.9.4.jar;C:\Users\chowd\.m2\repository\commons-digester\commons-digester\2.1\commons-digester-2.1.jar;C:\Users\chowd\.m2\repository\org\apache\commons\commons-lang3\3.12.0\commons-lang3-3.12.0.jar;C:\Users\chowd\.m2\repository\org\springframework\spring-context\5.3.4\spring-context-5.3.4.jar;C:\Users\chowd\.m2\repository\org\springframework\spring-aop\5.3.4\spring-aop-5.3.4.jar;C:\Users\chowd\.m2\repository\org\springframework\spring-beans\5.3.4\spring-beans-5.3.4.jar;C:\Users\chowd\.m2\repository\org\springframework\spring-core\5.3.4\spring-core-5.3.4.jar;C:\Users\chowd\.m2\repository\org\springframework\spring-jcl\5.3.4\spring-jcl-5.3.4.jar;C:\Users\chowd\.m2\repository\org\springframework\spring-expression\5.3.4\spring-expression-5.3.4.jar;C:\Users\chowd\.m2\repository\org\aspectj\aspectjweaver\1.9.6\aspectjweaver-1.9.6.jar;C:\Users\chowd\.m2\repository\org\slf4j\slf4j-api\1.7.30\slf4j-api-1.7.30.jar;C:\Users\chowd\.m2\repository\io\github\bonigarcia\webdrivermanager\5.2.1\webdrivermanager-5.2.1.jar;C:\Users\chowd\.m2\repository\com\github\docker-java\docker-java\3.2.13\docker-java-3.2.13.jar;C:\Users\chowd\.m2\repository\com\github\docker-java\docker-java-core\3.2.13\docker-java-core-3.2.13.jar;C:\Users\chowd\.m2\repository\com\github\docker-java\docker-java-api\3.2.13\docker-java-api-3.2.13.jar;C:\Users\chowd\.m2\repository\org\bouncycastle\bcpkix-jdk15on\1.64\bcpkix-jdk15on-1.64.jar;C:\Users\chowd\.m2\repository\org\bouncycastle\bcprov-jdk15on\1.64\bcprov-jdk15on-1.64.jar;C:\Users\chowd\.m2\repository\org\slf4j\jcl-over-slf4j\1.7.30\jcl-over-slf4j-1.7.30.jar;C:\Users\chowd\.m2\repository\com\github\docker-java\docker-java-transport-httpclient5\3.2.13\docker-java-transport-httpclient5-3.2.13.jar;C:\Users\chowd\.m2\repository\com\github\docker-java\docker-java-transport\3.2.13\docker-java-transport-3.2.13.jar;C:\Users\chowd\.m2\repository\net\java\dev\jna\jna\5.8.0\jna-5.8.0.jar;C:\Users\chowd\.m2\repository\org\brotli\dec\0.1.2\dec-0.1.2.jar;C:\Users\chowd\.m2\repository\org\apache\httpcomponents\client5\httpclient5\5.1.3\httpclient5-5.1.3.jar;C:\Users\chowd\.m2\repository\org\apache\httpcomponents\core5\httpcore5\5.1.3\httpcore5-5.1.3.jar;C:\Users\chowd\.m2\repository\org\apache\httpcomponents\core5\httpcore5-h2\5.1.3\httpcore5-h2-5.1.3.jar;C:\Users\chowd\.m2\repository\io\cucumber\cucumber-core\6.10.4\cucumber-core-6.10.4.jar;C:\Users\chowd\.m2\repository\io\cucumber\cucumber-gherkin\6.10.4\cucumber-gherkin-6.10.4.jar;C:\Users\chowd\.m2\repository\io\cucumber\cucumber-gherkin-messages\6.10.4\cucumber-gherkin-messages-6.10.4.jar;C:\Users\chowd\.m2\repository\io\cucumber\messages\15.0.0\messages-15.0.0.jar;C:\Users\chowd\.m2\repository\io\cucumber\tag-expressions\3.0.1\tag-expressions-3.0.1.jar;C:\Users\chowd\.m2\repository\io\cucumber\cucumber-expressions\10.3.0\cucumber-expressions-10.3.0.jar;C:\Users\chowd\.m2\repository\io\cucumber\datatable\3.5.0\datatable-3.5.0.jar;C:\Users\chowd\.m2\repository\io\cucumber\cucumber-plugin\6.10.4\cucumber-plugin-6.10.4.jar;C:\Users\chowd\.m2\repository\io\cucumber\docstring\6.10.4\docstring-6.10.4.jar;C:\Users\chowd\.m2\repository\io\cucumber\html-formatter\13.0.0\html-formatter-13.0.0.jar;C:\Users\chowd\.m2\repository\io\cucumber\create-meta\4.0.0\create-meta-4.0.0.jar;C:\Users\chowd\.m2\repository\org\apiguardian\apiguardian-api\1.1.1\apiguardian-api-1.1.1.jar;C:\Users\chowd\.m2\repository\io\cucumber\cucumber-java\6.10.4\cucumber-java-6.10.4.jar;C:\Users\chowd\.m2\repository\io\cucumber\cucumber-junit\6.10.4\cucumber-junit-6.10.4.jar;C:\Users\chowd\.m2\repository\io\cucumber\cucumber-testng\6.10.4\cucumber-testng-6.10.4.jar;C:\Users\chowd\.m2\repository\io\cucumber\cucumber-jvm-deps\1.0.6\cucumber-jvm-deps-1.0.6.jar;C:\Users\chowd\.m2\repository\net\masterthought\cucumber-reporting\5.5.3\cucumber-reporting-5.5.3.jar;C:\Users\chowd\.m2\repository\com\fasterxml\jackson\core\jackson-databind\2.12.1\jackson-databind-2.12.1.jar;C:\Users\chowd\.m2\repository\com\fasterxml\jackson\core\jackson-annotations\2.12.1\jackson-annotations-2.12.1.jar;C:\Users\chowd\.m2\repository\com\fasterxml\jackson\core\jackson-core\2.12.1\jackson-core-2.12.1.jar;C:\Users\chowd\.m2\repository\com\fasterxml\jackson\datatype\jackson-datatype-jsr310\2.12.1\jackson-datatype-jsr310-2.12.1.jar;C:\Users\chowd\.m2\repository\org\apache\velocity\velocity-engine-core\2.2\velocity-engine-core-2.2.jar;C:\Users\chowd\.m2\repository\commons-collections\commons-collections\3.2.2\commons-collections-3.2.2.jar;C:\Users\chowd\.m2\repository\joda-time\joda-time\2.10.9\joda-time-2.10.9.jar;C:\Users\chowd\.m2\repository\org\codehaus\plexus\plexus-utils\3.3.0\plexus-utils-3.3.0.jar;C:\Users\chowd\.m2\repository\org\jsoup\jsoup\1.13.1\jsoup-1.13.1.jar;C:\Users\chowd\.m2\repository\com\googlecode\owasp-java-html-sanitizer\owasp-java-html-sanitizer\20200713.1\owasp-java-html-sanitizer-20200713.1.jar;C:\Users\chowd\.m2\repository\commons-configuration\commons-configuration\1.10\commons-configuration-1.10.jar;C:\Users\chowd\.m2\repository\commons-lang\commons-lang\2.6\commons-lang-2.6.jar;C:\Users\chowd\.m2\repository\org\hamcrest\hamcrest-core\2.2\hamcrest-core-2.2.jar;C:\Users\chowd\.m2\repository\org\hamcrest\hamcrest\2.2\hamcrest-2.2.jar;C:\Users\chowd\.m2\repository\io\cucumber\gherkin\5.1.0\gherkin-5.1.0.jar;C:\Users\chowd\.m2\repository\io\cucumber\gherkin-jvm-deps\1.0.4\gherkin-jvm-deps-1.0.4.jar;C:\Users\chowd\.m2\repository\net\sourceforge\cobertura\cobertura\2.1.1\cobertura-2.1.1.jar;C:\Users\chowd\.m2\repository\org\ow2\asm\asm\5.0.1\asm-5.0.1.jar;C:\Users\chowd\.m2\repository\org\ow2\asm\asm-tree\5.0.1\asm-tree-5.0.1.jar;C:\Users\chowd\.m2\repository\org\ow2\asm\asm-commons\5.0.1\asm-commons-5.0.1.jar;C:\Users\chowd\.m2\repository\org\ow2\asm\asm-util\5.0.1\asm-util-5.0.1.jar;C:\Users\chowd\.m2\repository\org\ow2\asm\asm-analysis\5.0.1\asm-analysis-5.0.1.jar;C:\Users\chowd\.m2\repository\oro\oro\2.0.8\oro-2.0.8.jar;C:\Users\chowd\.m2\repository\jaxen\jaxen\1.1.4\jaxen-1.1.4.jar;C:\Users\chowd\.m2\repository\org\apache\ant\ant\1.8.3\ant-1.8.3.jar;C:\Users\chowd\.m2\repository\org\apache\ant\ant-launcher\1.8.3\ant-launcher-1.8.3.jar;C:\Users\chowd\.m2\repository\org\apache\ant\ant-junit\1.8.3\ant-junit-1.8.3.jar;C:\Users\chowd\.m2\repository\org\mortbay\jetty\servlet-api-2.5\6.1.14\servlet-api-2.5-6.1.14.jar;C:\Users\chowd\.m2\repository\org\mortbay\jetty\jetty\6.1.14\jetty-6.1.14.jar;C:\Users\chowd\.m2\repository\org\mortbay\jetty\jetty-util\6.1.14\jetty-util-6.1.14.jar;C:\Users\chowd\.m2\repository\ch\qos\logback\logback-classic\1.0.13\logback-classic-1.0.13.jar;C:\Users\chowd\.m2\repository\ch\qos\logback\logback-core\1.0.13\logback-core-1.0.13.jar;C:\Users\chowd\.m2\repository\junit\junit\4.11\junit-4.11.jar;C:\Users\chowd\.m2\repository\org\apache\poi\poi-ooxml\4.1.1\poi-ooxml-4.1.1.jar;C:\Users\chowd\.m2\repository\org\apache\commons\commons-compress\1.19\commons-compress-1.19.jar;C:\Users\chowd\.m2\repository\com\github\virtuald\curvesapi\1.06\curvesapi-1.06.jar;C:\Users\chowd\.m2\repository\org\apache\poi\poi\4.1.1\poi-4.1.1.jar;C:\Users\chowd\.m2\repository\commons-codec\commons-codec\1.13\commons-codec-1.13.jar;C:\Users\chowd\.m2\repository\org\apache\commons\commons-collections4\4.4\commons-collections4-4.4.jar;C:\Users\chowd\.m2\repository\org\apache\commons\commons-math3\3.6.1\commons-math3-3.6.1.jar;C:\Users\chowd\.m2\repository\org\apache\poi\poi-ooxml-schemas\4.1.1\poi-ooxml-schemas-4.1.1.jar;C:\Users\chowd\.m2\repository\org\apache\xmlbeans\xmlbeans\3.1.0\xmlbeans-3.1.0.jar;C:\Users\chowd\.m2\repository\commons-io\commons-io\2.6\commons-io-2.6.jar;C:\Users\chowd\.m2\repository\org\apache\httpcomponents\fluent-hc\4.5.13\fluent-hc-4.5.13.jar;C:\Users\chowd\.m2\repository\commons-logging\commons-logging\1.2\commons-logging-1.2.jar;C:\Users\chowd\.m2\repository\org\apache\poi\poi-scratchpad\4.1.1\poi-scratchpad-4.1.1.jar;C:\Users\chowd\.m2\repository\org\apache\poi\openxml4j\1.0-beta\openxml4j-1.0-beta.jar;C:\Users\chowd\.m2\repository\dom4j\dom4j\1.6.1\dom4j-1.6.1.jar;C:\Users\chowd\.m2\repository\xml-apis\xml-apis\1.0.b2\xml-apis-1.0.b2.jar;C:\Users\chowd\.m2\repository\log4j\log4j\1.2.8\log4j-1.2.8.jar;C:\Users\chowd\.m2\repository\com\googlecode\json-simple\json-simple\1.1.1\json-simple-1.1.1.jar;C:\Users\chowd\.m2\repository\tech\grasshopper\extentreports-cucumber6-adapter\2.6.0\extentreports-cucumber6-adapter-2.6.0.jar;C:\Users\chowd\.m2\repository\tech\grasshopper\extent-pdf-report\1.5.0\extent-pdf-report-1.5.0.jar;C:\Users\chowd\.m2\repository\tech\grasshopper\cucumber-pdf-report\1.7.0\cucumber-pdf-report-1.7.0.jar;C:\Users\chowd\.m2\repository\org\knowm\xchart\xchart\3.6.5\xchart-3.6.5.jar;C:\Users\chowd\.m2\repository\de\erichseifert\vectorgraphics2d\VectorGraphics2D\0.13\VectorGraphics2D-0.13.jar;C:\Users\chowd\.m2\repository\de\rototor\pdfbox\graphics2d\0.27\graphics2d-0.27.jar;C:\Users\chowd\.m2\repository\com\madgag\animated-gif-lib\1.4\animated-gif-lib-1.4.jar;C:\Users\chowd\.m2\repository\com\github\vandeseer\easytable\0.7.1\easytable-0.7.1.jar;C:\Users\chowd\.m2\repository\org\yaml\snakeyaml\1.27\snakeyaml-1.27.jar;C:\Users\chowd\.m2\repository\com\aventstack\klov-reporter\5.0.5\klov-reporter-5.0.5.jar;C:\Users\chowd\.m2\repository\org\mongodb\bson\3.6.4\bson-3.6.4.jar;C:\Users\chowd\.m2\repository\org\apache\httpcomponents\httpmime\4.5.2\httpmime-4.5.2.jar;C:\Users\chowd\.m2\repository\org\mongodb\mongodb-driver\3.3.0\mongodb-driver-3.3.0.jar;C:\Users\chowd\.m2\repository\org\mongodb\mongodb-driver-core\3.3.0\mongodb-driver-core-3.3.0.jar;C:\Users\chowd\.m2\repository\com\aventstack\extentreports\5.0.9\extentreports-5.0.9.jar;C:\Users\chowd\.m2\repository\io\reactivex\rxjava3\rxjava\3.0.4\rxjava-3.0.4.jar;C:\Users\chowd\.m2\repository\org\reactivestreams\reactive-streams\1.0.3\reactive-streams-1.0.3.jar;C:\Users\chowd\.m2\repository\org\freemarker\freemarker\2.3.30\freemarker-2.3.30.jar;C:\Users\chowd\.m2\repository\org\projectlombok\lombok\1.18.12\lombok-1.18.12.jar;"/>
    <property name="java.vm.vendor" value="Oracle Corporation"/>
    <property name="sun.arch.data.model" value="64"/>
    <property name="user.variant" value=""/>
    <property name="java.vendor.url" value="http://java.oracle.com/"/>
    <property name="user.timezone" value="America/Los_Angeles"/>
    <property name="java.vm.specification.version" value="1.8"/>
    <property name="os.name" value="Windows 11"/>
    <property name="user.country" value="US"/>
    <property name="sun.java.launcher" value="SUN_STANDARD"/>
    <property name="sun.boot.library.path" value="C:\Program Files\Java\jdk1.8.0_333\jre\bin"/>
    <property name="sun.java.command" value="C:\Users\chowd\AppData\Local\Temp\surefire6829915701556963879\surefirebooter-20230530192611305_3.jar C:\Users\chowd\AppData\Local\Temp\surefire6829915701556963879 2023-05-30T19-26-10_858-jvmRun1 surefire-20230530192611305_1tmp surefire_0-20230530192611305_2tmp"/>
    <property name="surefire.test.class.path" value="C:\Users\chowd\eclipse-workspace\DemoBlaze_Hybrid_Framework\target\test-classes;C:\Users\chowd\eclipse-workspace\DemoBlaze_Hybrid_Framework\target\classes;C:\Users\chowd\.m2\repository\com\github\ralfstuckert\pdfbox-layout\pdfbox2-layout\1.0.1\pdfbox2-layout-1.0.1.jar;C:\Users\chowd\.m2\repository\org\apache\pdfbox\pdfbox\2.0.4\pdfbox-2.0.4.jar;C:\Users\chowd\.m2\repository\org\apache\pdfbox\fontbox\2.0.4\fontbox-2.0.4.jar;C:\Program Files\Java\jdk1.8.0_333\lib\tools.jar;C:\Users\chowd\.m2\repository\org\seleniumhq\selenium\selenium-java\4.8.2\selenium-java-4.8.2.jar;C:\Users\chowd\.m2\repository\org\seleniumhq\selenium\selenium-api\4.8.2\selenium-api-4.8.2.jar;C:\Users\chowd\.m2\repository\org\seleniumhq\selenium\selenium-chrome-driver\4.8.2\selenium-chrome-driver-4.8.2.jar;C:\Users\chowd\.m2\repository\com\google\auto\service\auto-service-annotations\1.0.1\auto-service-annotations-1.0.1.jar;C:\Users\chowd\.m2\repository\com\google\auto\service\auto-service\1.0.1\auto-service-1.0.1.jar;C:\Users\chowd\.m2\repository\com\google\auto\auto-common\1.2\auto-common-1.2.jar;C:\Users\chowd\.m2\repository\com\google\guava\guava\31.1-jre\guava-31.1-jre.jar;C:\Users\chowd\.m2\repository\com\google\guava\failureaccess\1.0.1\failureaccess-1.0.1.jar;C:\Users\chowd\.m2\repository\com\google\guava\listenablefuture\9999.0-empty-to-avoid-conflict-with-guava\listenablefuture-9999.0-empty-to-avoid-conflict-with-guava.jar;C:\Users\chowd\.m2\repository\com\google\code\findbugs\jsr305\3.0.2\jsr305-3.0.2.jar;C:\Users\chowd\.m2\repository\org\checkerframework\checker-qual\3.12.0\checker-qual-3.12.0.jar;C:\Users\chowd\.m2\repository\com\google\errorprone\error_prone_annotations\2.11.0\error_prone_annotations-2.11.0.jar;C:\Users\chowd\.m2\repository\com\google\j2objc\j2objc-annotations\1.3\j2objc-annotations-1.3.jar;C:\Users\chowd\.m2\repository\org\seleniumhq\selenium\selenium-chromium-driver\4.8.2\selenium-chromium-driver-4.8.2.jar;C:\Users\chowd\.m2\repository\org\seleniumhq\selenium\selenium-json\4.8.2\selenium-json-4.8.2.jar;C:\Users\chowd\.m2\repository\org\seleniumhq\selenium\selenium-manager\4.8.2\selenium-manager-4.8.2.jar;C:\Users\chowd\.m2\repository\org\seleniumhq\selenium\selenium-devtools-v109\4.8.2\selenium-devtools-v109-4.8.2.jar;C:\Users\chowd\.m2\repository\org\seleniumhq\selenium\selenium-devtools-v110\4.8.2\selenium-devtools-v110-4.8.2.jar;C:\Users\chowd\.m2\repository\org\seleniumhq\selenium\selenium-devtools-v111\4.8.2\selenium-devtools-v111-4.8.2.jar;C:\Users\chowd\.m2\repository\org\seleniumhq\selenium\selenium-devtools-v85\4.8.2\selenium-devtools-v85-4.8.2.jar;C:\Users\chowd\.m2\repository\org\seleniumhq\selenium\selenium-edge-driver\4.8.2\selenium-edge-driver-4.8.2.jar;C:\Users\chowd\.m2\repository\org\seleniumhq\selenium\selenium-firefox-driver\4.8.2\selenium-firefox-driver-4.8.2.jar;C:\Users\chowd\.m2\repository\org\seleniumhq\selenium\selenium-http\4.8.2\selenium-http-4.8.2.jar;C:\Users\chowd\.m2\repository\dev\failsafe\failsafe\3.3.1\failsafe-3.3.1.jar;C:\Users\chowd\.m2\repository\org\seleniumhq\selenium\selenium-ie-driver\4.8.2\selenium-ie-driver-4.8.2.jar;C:\Users\chowd\.m2\repository\org\seleniumhq\selenium\selenium-remote-driver\4.8.2\selenium-remote-driver-4.8.2.jar;C:\Users\chowd\.m2\repository\io\netty\netty-buffer\4.1.90.Final\netty-buffer-4.1.90.Final.jar;C:\Users\chowd\.m2\repository\io\netty\netty-codec-http\4.1.90.Final\netty-codec-http-4.1.90.Final.jar;C:\Users\chowd\.m2\repository\io\netty\netty-codec\4.1.90.Final\netty-codec-4.1.90.Final.jar;C:\Users\chowd\.m2\repository\io\netty\netty-handler\4.1.90.Final\netty-handler-4.1.90.Final.jar;C:\Users\chowd\.m2\repository\io\netty\netty-common\4.1.90.Final\netty-common-4.1.90.Final.jar;C:\Users\chowd\.m2\repository\io\netty\netty-transport-classes-epoll\4.1.90.Final\netty-transport-classes-epoll-4.1.90.Final.jar;C:\Users\chowd\.m2\repository\io\netty\netty-transport-classes-kqueue\4.1.90.Final\netty-transport-classes-kqueue-4.1.90.Final.jar;C:\Users\chowd\.m2\repository\io\netty\netty-transport-native-epoll\4.1.90.Final\netty-transport-native-epoll-4.1.90.Final.jar;C:\Users\chowd\.m2\repository\io\netty\netty-transport-native-kqueue\4.1.90.Final\netty-transport-native-kqueue-4.1.90.Final.jar;C:\Users\chowd\.m2\repository\io\netty\netty-transport-native-unix-common\4.1.90.Final\netty-transport-native-unix-common-4.1.90.Final.jar;C:\Users\chowd\.m2\repository\io\netty\netty-transport\4.1.90.Final\netty-transport-4.1.90.Final.jar;C:\Users\chowd\.m2\repository\io\netty\netty-resolver\4.1.90.Final\netty-resolver-4.1.90.Final.jar;C:\Users\chowd\.m2\repository\io\opentelemetry\opentelemetry-api\1.24.0\opentelemetry-api-1.24.0.jar;C:\Users\chowd\.m2\repository\io\opentelemetry\opentelemetry-context\1.24.0\opentelemetry-context-1.24.0.jar;C:\Users\chowd\.m2\repository\io\opentelemetry\opentelemetry-exporter-logging\1.24.0\opentelemetry-exporter-logging-1.24.0.jar;C:\Users\chowd\.m2\repository\io\opentelemetry\opentelemetry-sdk-metrics\1.24.0\opentelemetry-sdk-metrics-1.24.0.jar;C:\Users\chowd\.m2\repository\io\opentelemetry\opentelemetry-sdk-logs\1.24.0-alpha\opentelemetry-sdk-logs-1.24.0-alpha.jar;C:\Users\chowd\.m2\repository\io\opentelemetry\opentelemetry-api-logs\1.24.0-alpha\opentelemetry-api-logs-1.24.0-alpha.jar;C:\Users\chowd\.m2\repository\io\opentelemetry\opentelemetry-api-events\1.24.0-alpha\opentelemetry-api-events-1.24.0-alpha.jar;C:\Users\chowd\.m2\repository\io\opentelemetry\opentelemetry-sdk-common\1.24.0\opentelemetry-sdk-common-1.24.0.jar;C:\Users\chowd\.m2\repository\io\opentelemetry\opentelemetry-sdk-extension-autoconfigure-spi\1.24.0\opentelemetry-sdk-extension-autoconfigure-spi-1.24.0.jar;C:\Users\chowd\.m2\repository\io\opentelemetry\opentelemetry-sdk-extension-autoconfigure\1.24.0-alpha\opentelemetry-sdk-extension-autoconfigure-1.24.0-alpha.jar;C:\Users\chowd\.m2\repository\io\opentelemetry\opentelemetry-sdk-trace\1.24.0\opentelemetry-sdk-trace-1.24.0.jar;C:\Users\chowd\.m2\repository\io\opentelemetry\opentelemetry-sdk\1.24.0\opentelemetry-sdk-1.24.0.jar;C:\Users\chowd\.m2\repository\io\opentelemetry\opentelemetry-semconv\1.24.0-alpha\opentelemetry-semconv-1.24.0-alpha.jar;C:\Users\chowd\.m2\repository\io\ous\jtoml\2.0.0\jtoml-2.0.0.jar;C:\Users\chowd\.m2\repository\net\bytebuddy\byte-buddy\1.14.2\byte-buddy-1.14.2.jar;C:\Users\chowd\.m2\repository\org\apache\commons\commons-exec\1.3\commons-exec-1.3.jar;C:\Users\chowd\.m2\repository\org\asynchttpclient\async-http-client\2.12.3\async-http-client-2.12.3.jar;C:\Users\chowd\.m2\repository\org\asynchttpclient\async-http-client-netty-utils\2.12.3\async-http-client-netty-utils-2.12.3.jar;C:\Users\chowd\.m2\repository\io\netty\netty-codec-socks\4.1.60.Final\netty-codec-socks-4.1.60.Final.jar;C:\Users\chowd\.m2\repository\io\netty\netty-handler-proxy\4.1.60.Final\netty-handler-proxy-4.1.60.Final.jar;C:\Users\chowd\.m2\repository\io\netty\netty-transport-native-epoll\4.1.60.Final\netty-transport-native-epoll-4.1.60.Final-linux-x86_64.jar;C:\Users\chowd\.m2\repository\io\netty\netty-transport-native-kqueue\4.1.60.Final\netty-transport-native-kqueue-4.1.60.Final-osx-x86_64.jar;C:\Users\chowd\.m2\repository\com\typesafe\netty\netty-reactive-streams\2.0.4\netty-reactive-streams-2.0.4.jar;C:\Users\chowd\.m2\repository\com\sun\activation\jakarta.activation\1.2.2\jakarta.activation-1.2.2.jar;C:\Users\chowd\.m2\repository\org\seleniumhq\selenium\selenium-safari-driver\4.8.2\selenium-safari-driver-4.8.2.jar;C:\Users\chowd\.m2\repository\org\seleniumhq\selenium\selenium-support\4.8.2\selenium-support-4.8.2.jar;C:\Users\chowd\.m2\repository\org\testng\testng\6.14.3\testng-6.14.3.jar;C:\Users\chowd\.m2\repository\com\beust\jcommander\1.72\jcommander-1.72.jar;C:\Users\chowd\.m2\repository\org\apache-extras\beanshell\bsh\2.0b6\bsh-2.0b6.jar;C:\Users\chowd\.m2\repository\io\appium\java-client\7.5.1\java-client-7.5.1.jar;C:\Users\chowd\.m2\repository\com\google\code\gson\gson\2.8.6\gson-2.8.6.jar;C:\Users\chowd\.m2\repository\org\apache\httpcomponents\httpclient\4.5.13\httpclient-4.5.13.jar;C:\Users\chowd\.m2\repository\org\apache\httpcomponents\httpcore\4.4.13\httpcore-4.4.13.jar;C:\Users\chowd\.m2\repository\cglib\cglib\3.3.0\cglib-3.3.0.jar;C:\Users\chowd\.m2\repository\commons-validator\commons-validator\1.7\commons-validator-1.7.jar;C:\Users\chowd\.m2\repository\commons-beanutils\commons-beanutils\1.9.4\commons-beanutils-1.9.4.jar;C:\Users\chowd\.m2\repository\commons-digester\commons-digester\2.1\commons-digester-2.1.jar;C:\Users\chowd\.m2\repository\org\apache\commons\commons-lang3\3.12.0\commons-lang3-3.12.0.jar;C:\Users\chowd\.m2\repository\org\springframework\spring-context\5.3.4\spring-context-5.3.4.jar;C:\Users\chowd\.m2\repository\org\springframework\spring-aop\5.3.4\spring-aop-5.3.4.jar;C:\Users\chowd\.m2\repository\org\springframework\spring-beans\5.3.4\spring-beans-5.3.4.jar;C:\Users\chowd\.m2\repository\org\springframework\spring-core\5.3.4\spring-core-5.3.4.jar;C:\Users\chowd\.m2\repository\org\springframework\spring-jcl\5.3.4\spring-jcl-5.3.4.jar;C:\Users\chowd\.m2\repository\org\springframework\spring-expression\5.3.4\spring-expression-5.3.4.jar;C:\Users\chowd\.m2\repository\org\aspectj\aspectjweaver\1.9.6\aspectjweaver-1.9.6.jar;C:\Users\chowd\.m2\repository\org\slf4j\slf4j-api\1.7.30\slf4j-api-1.7.30.jar;C:\Users\chowd\.m2\repository\io\github\bonigarcia\webdrivermanager\5.2.1\webdrivermanager-5.2.1.jar;C:\Users\chowd\.m2\repository\com\github\docker-java\docker-java\3.2.13\docker-java-3.2.13.jar;C:\Users\chowd\.m2\repository\com\github\docker-java\docker-java-core\3.2.13\docker-java-core-3.2.13.jar;C:\Users\chowd\.m2\repository\com\github\docker-java\docker-java-api\3.2.13\docker-java-api-3.2.13.jar;C:\Users\chowd\.m2\repository\org\bouncycastle\bcpkix-jdk15on\1.64\bcpkix-jdk15on-1.64.jar;C:\Users\chowd\.m2\repository\org\bouncycastle\bcprov-jdk15on\1.64\bcprov-jdk15on-1.64.jar;C:\Users\chowd\.m2\repository\org\slf4j\jcl-over-slf4j\1.7.30\jcl-over-slf4j-1.7.30.jar;C:\Users\chowd\.m2\repository\com\github\docker-java\docker-java-transport-httpclient5\3.2.13\docker-java-transport-httpclient5-3.2.13.jar;C:\Users\chowd\.m2\repository\com\github\docker-java\docker-java-transport\3.2.13\docker-java-transport-3.2.13.jar;C:\Users\chowd\.m2\repository\net\java\dev\jna\jna\5.8.0\jna-5.8.0.jar;C:\Users\chowd\.m2\repository\org\brotli\dec\0.1.2\dec-0.1.2.jar;C:\Users\chowd\.m2\repository\org\apache\httpcomponents\client5\httpclient5\5.1.3\httpclient5-5.1.3.jar;C:\Users\chowd\.m2\repository\org\apache\httpcomponents\core5\httpcore5\5.1.3\httpcore5-5.1.3.jar;C:\Users\chowd\.m2\repository\org\apache\httpcomponents\core5\httpcore5-h2\5.1.3\httpcore5-h2-5.1.3.jar;C:\Users\chowd\.m2\repository\io\cucumber\cucumber-core\6.10.4\cucumber-core-6.10.4.jar;C:\Users\chowd\.m2\repository\io\cucumber\cucumber-gherkin\6.10.4\cucumber-gherkin-6.10.4.jar;C:\Users\chowd\.m2\repository\io\cucumber\cucumber-gherkin-messages\6.10.4\cucumber-gherkin-messages-6.10.4.jar;C:\Users\chowd\.m2\repository\io\cucumber\messages\15.0.0\messages-15.0.0.jar;C:\Users\chowd\.m2\repository\io\cucumber\tag-expressions\3.0.1\tag-expressions-3.0.1.jar;C:\Users\chowd\.m2\repository\io\cucumber\cucumber-expressions\10.3.0\cucumber-expressions-10.3.0.jar;C:\Users\chowd\.m2\repository\io\cucumber\datatable\3.5.0\datatable-3.5.0.jar;C:\Users\chowd\.m2\repository\io\cucumber\cucumber-plugin\6.10.4\cucumber-plugin-6.10.4.jar;C:\Users\chowd\.m2\repository\io\cucumber\docstring\6.10.4\docstring-6.10.4.jar;C:\Users\chowd\.m2\repository\io\cucumber\html-formatter\13.0.0\html-formatter-13.0.0.jar;C:\Users\chowd\.m2\repository\io\cucumber\create-meta\4.0.0\create-meta-4.0.0.jar;C:\Users\chowd\.m2\repository\org\apiguardian\apiguardian-api\1.1.1\apiguardian-api-1.1.1.jar;C:\Users\chowd\.m2\repository\io\cucumber\cucumber-java\6.10.4\cucumber-java-6.10.4.jar;C:\Users\chowd\.m2\repository\io\cucumber\cucumber-junit\6.10.4\cucumber-junit-6.10.4.jar;C:\Users\chowd\.m2\repository\io\cucumber\cucumber-testng\6.10.4\cucumber-testng-6.10.4.jar;C:\Users\chowd\.m2\repository\io\cucumber\cucumber-jvm-deps\1.0.6\cucumber-jvm-deps-1.0.6.jar;C:\Users\chowd\.m2\repository\net\masterthought\cucumber-reporting\5.5.3\cucumber-reporting-5.5.3.jar;C:\Users\chowd\.m2\repository\com\fasterxml\jackson\core\jackson-databind\2.12.1\jackson-databind-2.12.1.jar;C:\Users\chowd\.m2\repository\com\fasterxml\jackson\core\jackson-annotations\2.12.1\jackson-annotations-2.12.1.jar;C:\Users\chowd\.m2\repository\com\fasterxml\jackson\core\jackson-core\2.12.1\jackson-core-2.12.1.jar;C:\Users\chowd\.m2\repository\com\fasterxml\jackson\datatype\jackson-datatype-jsr310\2.12.1\jackson-datatype-jsr310-2.12.1.jar;C:\Users\chowd\.m2\repository\org\apache\velocity\velocity-engine-core\2.2\velocity-engine-core-2.2.jar;C:\Users\chowd\.m2\repository\commons-collections\commons-collections\3.2.2\commons-collections-3.2.2.jar;C:\Users\chowd\.m2\repository\joda-time\joda-time\2.10.9\joda-time-2.10.9.jar;C:\Users\chowd\.m2\repository\org\codehaus\plexus\plexus-utils\3.3.0\plexus-utils-3.3.0.jar;C:\Users\chowd\.m2\repository\org\jsoup\jsoup\1.13.1\jsoup-1.13.1.jar;C:\Users\chowd\.m2\repository\com\googlecode\owasp-java-html-sanitizer\owasp-java-html-sanitizer\20200713.1\owasp-java-html-sanitizer-20200713.1.jar;C:\Users\chowd\.m2\repository\commons-configuration\commons-configuration\1.10\commons-configuration-1.10.jar;C:\Users\chowd\.m2\repository\commons-lang\commons-lang\2.6\commons-lang-2.6.jar;C:\Users\chowd\.m2\repository\org\hamcrest\hamcrest-core\2.2\hamcrest-core-2.2.jar;C:\Users\chowd\.m2\repository\org\hamcrest\hamcrest\2.2\hamcrest-2.2.jar;C:\Users\chowd\.m2\repository\io\cucumber\gherkin\5.1.0\gherkin-5.1.0.jar;C:\Users\chowd\.m2\repository\io\cucumber\gherkin-jvm-deps\1.0.4\gherkin-jvm-deps-1.0.4.jar;C:\Users\chowd\.m2\repository\net\sourceforge\cobertura\cobertura\2.1.1\cobertura-2.1.1.jar;C:\Users\chowd\.m2\repository\org\ow2\asm\asm\5.0.1\asm-5.0.1.jar;C:\Users\chowd\.m2\repository\org\ow2\asm\asm-tree\5.0.1\asm-tree-5.0.1.jar;C:\Users\chowd\.m2\repository\org\ow2\asm\asm-commons\5.0.1\asm-commons-5.0.1.jar;C:\Users\chowd\.m2\repository\org\ow2\asm\asm-util\5.0.1\asm-util-5.0.1.jar;C:\Users\chowd\.m2\repository\org\ow2\asm\asm-analysis\5.0.1\asm-analysis-5.0.1.jar;C:\Users\chowd\.m2\repository\oro\oro\2.0.8\oro-2.0.8.jar;C:\Users\chowd\.m2\repository\jaxen\jaxen\1.1.4\jaxen-1.1.4.jar;C:\Users\chowd\.m2\repository\org\apache\ant\ant\1.8.3\ant-1.8.3.jar;C:\Users\chowd\.m2\repository\org\apache\ant\ant-launcher\1.8.3\ant-launcher-1.8.3.jar;C:\Users\chowd\.m2\repository\org\apache\ant\ant-junit\1.8.3\ant-junit-1.8.3.jar;C:\Users\chowd\.m2\repository\org\mortbay\jetty\servlet-api-2.5\6.1.14\servlet-api-2.5-6.1.14.jar;C:\Users\chowd\.m2\repository\org\mortbay\jetty\jetty\6.1.14\jetty-6.1.14.jar;C:\Users\chowd\.m2\repository\org\mortbay\jetty\jetty-util\6.1.14\jetty-util-6.1.14.jar;C:\Users\chowd\.m2\repository\ch\qos\logback\logback-classic\1.0.13\logback-classic-1.0.13.jar;C:\Users\chowd\.m2\repository\ch\qos\logback\logback-core\1.0.13\logback-core-1.0.13.jar;C:\Users\chowd\.m2\repository\junit\junit\4.11\junit-4.11.jar;C:\Users\chowd\.m2\repository\org\apache\poi\poi-ooxml\4.1.1\poi-ooxml-4.1.1.jar;C:\Users\chowd\.m2\repository\org\apache\commons\commons-compress\1.19\commons-compress-1.19.jar;C:\Users\chowd\.m2\repository\com\github\virtuald\curvesapi\1.06\curvesapi-1.06.jar;C:\Users\chowd\.m2\repository\org\apache\poi\poi\4.1.1\poi-4.1.1.jar;C:\Users\chowd\.m2\repository\commons-codec\commons-codec\1.13\commons-codec-1.13.jar;C:\Users\chowd\.m2\repository\org\apache\commons\commons-collections4\4.4\commons-collections4-4.4.jar;C:\Users\chowd\.m2\repository\org\apache\commons\commons-math3\3.6.1\commons-math3-3.6.1.jar;C:\Users\chowd\.m2\repository\org\apache\poi\poi-ooxml-schemas\4.1.1\poi-ooxml-schemas-4.1.1.jar;C:\Users\chowd\.m2\repository\org\apache\xmlbeans\xmlbeans\3.1.0\xmlbeans-3.1.0.jar;C:\Users\chowd\.m2\repository\commons-io\commons-io\2.6\commons-io-2.6.jar;C:\Users\chowd\.m2\repository\org\apache\httpcomponents\fluent-hc\4.5.13\fluent-hc-4.5.13.jar;C:\Users\chowd\.m2\repository\commons-logging\commons-logging\1.2\commons-logging-1.2.jar;C:\Users\chowd\.m2\repository\org\apache\poi\poi-scratchpad\4.1.1\poi-scratchpad-4.1.1.jar;C:\Users\chowd\.m2\repository\org\apache\poi\openxml4j\1.0-beta\openxml4j-1.0-beta.jar;C:\Users\chowd\.m2\repository\dom4j\dom4j\1.6.1\dom4j-1.6.1.jar;C:\Users\chowd\.m2\repository\xml-apis\xml-apis\1.0.b2\xml-apis-1.0.b2.jar;C:\Users\chowd\.m2\repository\log4j\log4j\1.2.8\log4j-1.2.8.jar;C:\Users\chowd\.m2\repository\com\googlecode\json-simple\json-simple\1.1.1\json-simple-1.1.1.jar;C:\Users\chowd\.m2\repository\tech\grasshopper\extentreports-cucumber6-adapter\2.6.0\extentreports-cucumber6-adapter-2.6.0.jar;C:\Users\chowd\.m2\repository\tech\grasshopper\extent-pdf-report\1.5.0\extent-pdf-report-1.5.0.jar;C:\Users\chowd\.m2\repository\tech\grasshopper\cucumber-pdf-report\1.7.0\cucumber-pdf-report-1.7.0.jar;C:\Users\chowd\.m2\repository\org\knowm\xchart\xchart\3.6.5\xchart-3.6.5.jar;C:\Users\chowd\.m2\repository\de\erichseifert\vectorgraphics2d\VectorGraphics2D\0.13\VectorGraphics2D-0.13.jar;C:\Users\chowd\.m2\repository\de\rototor\pdfbox\graphics2d\0.27\graphics2d-0.27.jar;C:\Users\chowd\.m2\repository\com\madgag\animated-gif-lib\1.4\animated-gif-lib-1.4.jar;C:\Users\chowd\.m2\repository\com\github\vandeseer\easytable\0.7.1\easytable-0.7.1.jar;C:\Users\chowd\.m2\repository\org\yaml\snakeyaml\1.27\snakeyaml-1.27.jar;C:\Users\chowd\.m2\repository\com\aventstack\klov-reporter\5.0.5\klov-reporter-5.0.5.jar;C:\Users\chowd\.m2\repository\org\mongodb\bson\3.6.4\bson-3.6.4.jar;C:\Users\chowd\.m2\repository\org\apache\httpcomponents\httpmime\4.5.2\httpmime-4.5.2.jar;C:\Users\chowd\.m2\repository\org\mongodb\mongodb-driver\3.3.0\mongodb-driver-3.3.0.jar;C:\Users\chowd\.m2\repository\org\mongodb\mongodb-driver-core\3.3.0\mongodb-driver-core-3.3.0.jar;C:\Users\chowd\.m2\repository\com\aventstack\extentreports\5.0.9\extentreports-5.0.9.jar;C:\Users\chowd\.m2\repository\io\reactivex\rxjava3\rxjava\3.0.4\rxjava-3.0.4.jar;C:\Users\chowd\.m2\repository\org\reactivestreams\reactive-streams\1.0.3\reactive-streams-1.0.3.jar;C:\Users\chowd\.m2\repository\org\freemarker\freemarker\2.3.30\freemarker-2.3.30.jar;C:\Users\chowd\.m2\repository\org\projectlombok\lombok\1.18.12\lombok-1.18.12.jar;"/>
    <property name="sun.cpu.endian" value="little"/>
    <property name="user.home" value="C:\Users\chowd"/>
    <property name="user.language" value="en"/>
    <property name="java.specification.vendor" value="Oracle Corporation"/>
    <property name="java.home" value="C:\Program Files\Java\jdk1.8.0_333\jre"/>
    <property name="basedir" value="C:\Users\chowd\eclipse-workspace\DemoBlaze_Hybrid_Framework"/>
    <property name="file.separator" value="\"/>
    <property name="line.separator" value="&#10;"/>
    <property name="java.vm.specification.vendor" value="Oracle Corporation"/>
    <property name="java.specification.name" value="Java Platform API Specification"/>
    <property name="java.awt.graphicsenv" value="sun.awt.Win32GraphicsEnvironment"/>
    <property name="surefire.real.class.path" value="C:\Users\chowd\AppData\Local\Temp\surefire6829915701556963879\surefirebooter-20230530192611305_3.jar"/>
    <property name="sun.boot.class.path" value="C:\Program Files\Java\jdk1.8.0_333\jre\lib\resources.jar;C:\Program Files\Java\jdk1.8.0_333\jre\lib\rt.jar;C:\Program Files\Java\jdk1.8.0_333\jre\lib\sunrsasign.jar;C:\Program Files\Java\jdk1.8.0_333\jre\lib\jsse.jar;C:\Program Files\Java\jdk1.8.0_333\jre\lib\jce.jar;C:\Program Files\Java\jdk1.8.0_333\jre\lib\charsets.jar;C:\Program Files\Java\jdk1.8.0_333\jre\lib\jfr.jar;C:\Program Files\Java\jdk1.8.0_333\jre\classes"/>
    <property name="user.script" value=""/>
    <property name="sun.management.compiler" value="HotSpot 64-Bit Tiered Compilers"/>
    <property name="java.runtime.version" value="1.8.0_333-b02"/>
    <property name="user.name" value="chowd"/>
    <property name="path.separator" value=";"/>
    <property name="os.version" value="10.0"/>
    <property name="java.endorsed.dirs" value="C:\Program Files\Java\jdk1.8.0_333\jre\lib\endorsed"/>
    <property name="java.runtime.name" value="Java(TM) SE Runtime Environment"/>
    <property name="file.encoding" value="Cp1252"/>
    <property name="java.vm.name" value="Java HotSpot(TM) 64-Bit Server VM"/>
    <property name="localRepository" value="C:\Users\chowd\.m2\repository"/>
    <property name="java.vendor.url.bug" value="http://bugreport.sun.com/bugreport/"/>
    <property name="java.io.tmpdir" value="C:\Users\chowd\AppData\Local\Temp\"/>
    <property name="java.version" value="1.8.0_333"/>
    <property name="user.dir" value="C:\Users\chowd\eclipse-workspace\DemoBlaze_Hybrid_Framework"/>
    <property name="os.arch" value="amd64"/>
    <property name="java.vm.specification.name" value="Java Virtual Machine Specification"/>
    <property name="java.awt.printerjob" value="sun.awt.windows.WPrinterJob"/>
    <property name="sun.os.patch.level" value=""/>
    <property name="java.library.path" value="C:\Program Files\Java\jdk1.8.0_333\jre\bin;C:\WINDOWS\Sun\Java\bin;C:\WINDOWS\system32;C:\WINDOWS;C:\Program Files (x86)\Common Files\Oracle\Java\javapath;C:\Program Files (x86)\VMware\VMware Workstation\bin\;C:\WINDOWS\system32;C:\WINDOWS;C:\WINDOWS\System32\Wbem;C:\WINDOWS\System32\WindowsPowerShell\v1.0\;C:\WINDOWS\System32\OpenSSH\;C:\Program Files\Java\jdk1.8.0_333\bin;C:\Program Files\Git\cmd;C:\Program Files\Git\bin;c:\apache-maven-3.8.6\bin\;C:\apache-maven-3.8.6\\bin;C:\apache-maven-3.8.6\;C:\Users\chowd\AppData\Local\Microsoft\WindowsApps;;."/>
    <property name="java.vm.info" value="mixed mode"/>
    <property name="java.vendor" value="Oracle Corporation"/>
    <property name="java.vm.version" value="25.333-b02"/>
    <property name="java.ext.dirs" value="C:\Program Files\Java\jdk1.8.0_333\jre\lib\ext;C:\WINDOWS\Sun\Java\lib\ext"/>
    <property name="sun.io.unicode.encoding" value="UnicodeLittle"/>
    <property name="java.class.version" value="52.0"/>
  </properties>
  <testcase name="pageTitleAndUrl" classname="com.qa.demoblaze.testcases.DemoBlaze_Landingage" time="0.061">
    <system-out><![CDATA[[TestNGContentHandler] [WARN] It is strongly recommended to add "<!DOCTYPE suite SYSTEM "http://testng.org/testng-1.0.dtd" >" at the top of your file, otherwise TestNG may fail or not work as expected.
[DEBUG] Using SLF4J as the default logging framework
[DEBUG] -Dio.netty.leakDetection.level: simple
[DEBUG] -Dio.netty.leakDetection.targetRecords: 4
[DEBUG] Loaded default ResourceLeakDetector: io.netty.util.ResourceLeakDetector@5674e1f2
[DEBUG] -Dio.netty.noUnsafe: false
[DEBUG] Java version: 8
[DEBUG] sun.misc.Unsafe.theUnsafe: available
[DEBUG] sun.misc.Unsafe.copyMemory: available
[DEBUG] sun.misc.Unsafe.storeFence: available
[DEBUG] java.nio.Buffer.address: available
[DEBUG] direct buffer constructor: available
[DEBUG] java.nio.Bits.unaligned: available, true
[DEBUG] jdk.internal.misc.Unsafe.allocateUninitializedArray(int): unavailable prior to Java9
[DEBUG] java.nio.DirectByteBuffer.<init>(long, int): available
[DEBUG] sun.misc.Unsafe: available
[DEBUG] -Dio.netty.tmpdir: C:\Users\chowd\AppData\Local\Temp (java.io.tmpdir)
[DEBUG] -Dio.netty.bitMode: 64 (sun.arch.data.model)
[DEBUG] Platform: Windows
[DEBUG] -Dio.netty.maxDirectMemory: 2803892224 bytes
[DEBUG] -Dio.netty.uninitializedArrayAllocationThreshold: -1
[DEBUG] java.nio.ByteBuffer.cleaner(): available
[DEBUG] -Dio.netty.noPreferDirect: false
[DEBUG] org.jctools-core.MpscChunkedArrayQueue: available
[DEBUG] -Dio.netty.threadLocalMap.stringBuilder.initialSize: 1024
[DEBUG] -Dio.netty.threadLocalMap.stringBuilder.maxSize: 4096
[DEBUG] Default protocols (JDK): [TLSv1.2] 
[DEBUG] Default cipher suites (JDK): [TLS_ECDHE_ECDSA_WITH_AES_256_GCM_SHA384, TLS_ECDHE_ECDSA_WITH_AES_128_GCM_SHA256, TLS_ECDHE_RSA_WITH_AES_128_GCM_SHA256, TLS_ECDHE_RSA_WITH_AES_256_GCM_SHA384, TLS_ECDHE_RSA_WITH_AES_128_CBC_SHA, TLS_ECDHE_RSA_WITH_AES_256_CBC_SHA, TLS_RSA_WITH_AES_128_GCM_SHA256, TLS_RSA_WITH_AES_128_CBC_SHA, TLS_RSA_WITH_AES_256_CBC_SHA, TLS_AES_128_GCM_SHA256, TLS_AES_256_GCM_SHA384]
[DEBUG] -Dio.netty.globalEventExecutor.quietPeriodSeconds: 1
[DEBUG] -Dio.netty.eventLoopThreads: 16
[DEBUG] -Dio.netty.noKeySetOptimization: false
[DEBUG] -Dio.netty.selectorAutoRebuildThreshold: 512
[DEBUG] -Dio.netty.allocator.numHeapArenas: 16
[DEBUG] -Dio.netty.allocator.numDirectArenas: 16
[DEBUG] -Dio.netty.allocator.pageSize: 8192
[DEBUG] -Dio.netty.allocator.maxOrder: 9
[DEBUG] -Dio.netty.allocator.chunkSize: 4194304
[DEBUG] -Dio.netty.allocator.smallCacheSize: 256
[DEBUG] -Dio.netty.allocator.normalCacheSize: 64
[DEBUG] -Dio.netty.allocator.maxCachedBufferCapacity: 32768
[DEBUG] -Dio.netty.allocator.cacheTrimInterval: 8192
[DEBUG] -Dio.netty.allocator.cacheTrimIntervalMillis: 0
[DEBUG] -Dio.netty.allocator.useCacheForAllThreads: false
[DEBUG] -Dio.netty.allocator.maxCachedByteBuffersPerChunk: 1023
[DEBUG] -Dio.netty.allocator.type: pooled
[DEBUG] -Dio.netty.threadLocalDirectBufferSize: 0
[DEBUG] -Dio.netty.maxThreadLocalCharBufferSize: 16384
[DEBUG] -Dio.netty.processId: 7968 (auto-detected)
[DEBUG] -Djava.net.preferIPv4Stack: false
[DEBUG] -Djava.net.preferIPv6Addresses: false
[DEBUG] Loopback interface: lo (Software Loopback Interface 1, 127.0.0.1)
[DEBUG] Failed to get SOMAXCONN from sysctl and file \proc\sys\net\core\somaxconn. Default: 200
[DEBUG] -Dio.netty.machineId: 34:6f:24:ff:fe:1f:1c:1f (auto-detected)
[DEBUG] -Dio.netty.buffer.checkAccessible: true
[DEBUG] -Dio.netty.buffer.checkBounds: true
[DEBUG] Loaded default ResourceLeakDetector: io.netty.util.ResourceLeakDetector@20f926a6
[DEBUG] Using new Channel '[id: 0x5a4aedcb, L:/127.0.0.1:64194 - R:localhost/127.0.0.1:26860]' for 'POST' to '/session'
[DEBUG] -Dio.netty.recycler.maxCapacityPerThread: 4096
[DEBUG] -Dio.netty.recycler.ratio: 8
[DEBUG] -Dio.netty.recycler.chunkSize: 32
[DEBUG] -Dio.netty.recycler.blocking: false
[DEBUG] -Dio.netty.recycler.batchFastThreadLocalOnly: true
[DEBUG] brotli4j not in the classpath; Brotli support will be unavailable.
[DEBUG] 

Request DefaultHttpRequest(decodeResult: success, version: HTTP/1.1)
POST /session HTTP/1.1
User-Agent: selenium/4.8.2 (java windows)
Content-Length: 489
Content-Type: application/json; charset=utf-8
host: localhost:26860
accept: */*

Response DefaultHttpResponse(decodeResult: success, version: HTTP/1.1)
HTTP/1.1 200 OK
Content-Length: 858
Content-Type: application/json; charset=utf-8
cache-control: no-cache

[DEBUG] Adding key: http://localhost:26860 for channel [id: 0x5a4aedcb, L:/127.0.0.1:64194 - R:localhost/127.0.0.1:26860]
[DEBUG] Using new Channel '[id: 0x4129b36a, L:/127.0.0.1:64200 - R:localhost/127.0.0.1:64195]' for 'GET' to '/json/version'
[DEBUG] 

Request DefaultFullHttpRequest(decodeResult: success, version: HTTP/1.1, content: EmptyByteBufBE)
GET /json/version HTTP/1.1
User-Agent: selenium/4.8.2 (java windows)
host: localhost:64195
accept: */*

Response DefaultHttpResponse(decodeResult: success, version: HTTP/1.1)
HTTP/1.1 200 OK
Content-Security-Policy: frame-ancestors 'none'
Content-Length: 424
Content-Type: application/json; charset=UTF-8

[DEBUG] Adding key: http://localhost:64195 for channel [id: 0x4129b36a, L:/127.0.0.1:64200 - R:localhost/127.0.0.1:64195]
[DEBUG] -Dio.netty.initialSeedUniquifier: 0x7d691462d69f478d
[DEBUG] Using new Channel '[id: 0x208b39b3, L:/127.0.0.1:64201 - R:localhost/127.0.0.1:64195]' for 'GET' to '/devtools/browser/96001113-5856-4c94-af9e-5ded33925a12'
[DEBUG] 

Request DefaultFullHttpRequest(decodeResult: success, version: HTTP/1.1, content: EmptyByteBufBE)
GET /devtools/browser/96001113-5856-4c94-af9e-5ded33925a12 HTTP/1.1
upgrade: websocket
connection: upgrade
sec-websocket-key: tmiU7bmyazm0Gk13IOkdIA==
sec-websocket-version: 13
origin: http://localhost:64195
host: localhost:64195
accept: */*
user-agent: AHC/2.1

Response DefaultHttpResponse(decodeResult: success, version: HTTP/1.1)
HTTP/1.1 101 WebSocket Protocol Handshake
Upgrade: WebSocket
Connection: Upgrade
Sec-WebSocket-Accept: fnwU2bGrlkTZmEQtuxm9d/bdXho=

[DEBUG] Using pooled Channel '[id: 0x5a4aedcb, L:/127.0.0.1:64194 - R:localhost/127.0.0.1:26860]' for 'POST' to 'http://localhost:26860/session/996b74df7016ba767bec93e741d5f4b5/window/maximize'
[DEBUG] Using open Channel [id: 0x5a4aedcb, L:/127.0.0.1:64194 - R:localhost/127.0.0.1:26860] for POST '/session/996b74df7016ba767bec93e741d5f4b5/window/maximize'
[DEBUG] 

Request DefaultHttpRequest(decodeResult: success, version: HTTP/1.1)
POST /session/996b74df7016ba767bec93e741d5f4b5/window/maximize HTTP/1.1
User-Agent: selenium/4.8.2 (java windows)
Content-Length: 3
Content-Type: application/json; charset=utf-8
host: localhost:26860
accept: */*

Response DefaultHttpResponse(decodeResult: success, version: HTTP/1.1)
HTTP/1.1 200 OK
Content-Length: 51
Content-Type: application/json; charset=utf-8
cache-control: no-cache

[DEBUG] Adding key: http://localhost:26860 for channel [id: 0x5a4aedcb, L:/127.0.0.1:64194 - R:localhost/127.0.0.1:26860]
[DEBUG] Using pooled Channel '[id: 0x5a4aedcb, L:/127.0.0.1:64194 - R:localhost/127.0.0.1:26860]' for 'POST' to 'http://localhost:26860/session/996b74df7016ba767bec93e741d5f4b5/url'
[DEBUG] Using open Channel [id: 0x5a4aedcb, L:/127.0.0.1:64194 - R:localhost/127.0.0.1:26860] for POST '/session/996b74df7016ba767bec93e741d5f4b5/url'
[DEBUG] 

Request DefaultHttpRequest(decodeResult: success, version: HTTP/1.1)
POST /session/996b74df7016ba767bec93e741d5f4b5/url HTTP/1.1
User-Agent: selenium/4.8.2 (java windows)
Content-Length: 74
Content-Type: application/json; charset=utf-8
host: localhost:26860
accept: */*

Response DefaultHttpResponse(decodeResult: success, version: HTTP/1.1)
HTTP/1.1 200 OK
Content-Length: 14
Content-Type: application/json; charset=utf-8
cache-control: no-cache

[DEBUG] Adding key: http://localhost:26860 for channel [id: 0x5a4aedcb, L:/127.0.0.1:64194 - R:localhost/127.0.0.1:26860]
[DEBUG] Using pooled Channel '[id: 0x5a4aedcb, L:/127.0.0.1:64194 - R:localhost/127.0.0.1:26860]' for 'POST' to 'http://localhost:26860/session/996b74df7016ba767bec93e741d5f4b5/timeouts'
[DEBUG] Using open Channel [id: 0x5a4aedcb, L:/127.0.0.1:64194 - R:localhost/127.0.0.1:26860] for POST '/session/996b74df7016ba767bec93e741d5f4b5/timeouts'
[DEBUG] 

Request DefaultHttpRequest(decodeResult: success, version: HTTP/1.1)
POST /session/996b74df7016ba767bec93e741d5f4b5/timeouts HTTP/1.1
User-Agent: selenium/4.8.2 (java windows)
Content-Length: 23
Content-Type: application/json; charset=utf-8
host: localhost:26860
accept: */*

Response DefaultHttpResponse(decodeResult: success, version: HTTP/1.1)
HTTP/1.1 200 OK
Content-Length: 14
Content-Type: application/json; charset=utf-8
cache-control: no-cache

[DEBUG] Adding key: http://localhost:26860 for channel [id: 0x5a4aedcb, L:/127.0.0.1:64194 - R:localhost/127.0.0.1:26860]
[DEBUG] Using pooled Channel '[id: 0x5a4aedcb, L:/127.0.0.1:64194 - R:localhost/127.0.0.1:26860]' for 'POST' to 'http://localhost:26860/session/996b74df7016ba767bec93e741d5f4b5/timeouts'
[DEBUG] Using open Channel [id: 0x5a4aedcb, L:/127.0.0.1:64194 - R:localhost/127.0.0.1:26860] for POST '/session/996b74df7016ba767bec93e741d5f4b5/timeouts'
[DEBUG] 

Request DefaultHttpRequest(decodeResult: success, version: HTTP/1.1)
POST /session/996b74df7016ba767bec93e741d5f4b5/timeouts HTTP/1.1
User-Agent: selenium/4.8.2 (java windows)
Content-Length: 23
Content-Type: application/json; charset=utf-8
host: localhost:26860
accept: */*

Response DefaultHttpResponse(decodeResult: success, version: HTTP/1.1)
HTTP/1.1 200 OK
Content-Length: 14
Content-Type: application/json; charset=utf-8
cache-control: no-cache

[DEBUG] Adding key: http://localhost:26860 for channel [id: 0x5a4aedcb, L:/127.0.0.1:64194 - R:localhost/127.0.0.1:26860]
[DEBUG] Using pooled Channel '[id: 0x5a4aedcb, L:/127.0.0.1:64194 - R:localhost/127.0.0.1:26860]' for 'POST' to 'http://localhost:26860/session/996b74df7016ba767bec93e741d5f4b5/timeouts'
[DEBUG] Using open Channel [id: 0x5a4aedcb, L:/127.0.0.1:64194 - R:localhost/127.0.0.1:26860] for POST '/session/996b74df7016ba767bec93e741d5f4b5/timeouts'
[DEBUG] 

Request DefaultHttpRequest(decodeResult: success, version: HTTP/1.1)
POST /session/996b74df7016ba767bec93e741d5f4b5/timeouts HTTP/1.1
User-Agent: selenium/4.8.2 (java windows)
Content-Length: 22
Content-Type: application/json; charset=utf-8
host: localhost:26860
accept: */*

Response DefaultHttpResponse(decodeResult: success, version: HTTP/1.1)
HTTP/1.1 200 OK
Content-Length: 14
Content-Type: application/json; charset=utf-8
cache-control: no-cache

[DEBUG] Adding key: http://localhost:26860 for channel [id: 0x5a4aedcb, L:/127.0.0.1:64194 - R:localhost/127.0.0.1:26860]
[DEBUG] Using pooled Channel '[id: 0x5a4aedcb, L:/127.0.0.1:64194 - R:localhost/127.0.0.1:26860]' for 'GET' to 'http://localhost:26860/session/996b74df7016ba767bec93e741d5f4b5/title'
[DEBUG] Using open Channel [id: 0x5a4aedcb, L:/127.0.0.1:64194 - R:localhost/127.0.0.1:26860] for GET '/session/996b74df7016ba767bec93e741d5f4b5/title'
[DEBUG] 

Request DefaultFullHttpRequest(decodeResult: success, version: HTTP/1.1, content: EmptyByteBufBE)
GET /session/996b74df7016ba767bec93e741d5f4b5/title HTTP/1.1
User-Agent: selenium/4.8.2 (java windows)
Cache-Control: no-cache
Content-Type: application/json; charset=utf-8
host: localhost:26860
accept: */*

Response DefaultHttpResponse(decodeResult: success, version: HTTP/1.1)
HTTP/1.1 200 OK
Content-Length: 17
Content-Type: application/json; charset=utf-8
cache-control: no-cache

[DEBUG] Adding key: http://localhost:26860 for channel [id: 0x5a4aedcb, L:/127.0.0.1:64194 - R:localhost/127.0.0.1:26860]
STORE
[DEBUG] Using pooled Channel '[id: 0x5a4aedcb, L:/127.0.0.1:64194 - R:localhost/127.0.0.1:26860]' for 'GET' to 'http://localhost:26860/session/996b74df7016ba767bec93e741d5f4b5/url'
[DEBUG] Using open Channel [id: 0x5a4aedcb, L:/127.0.0.1:64194 - R:localhost/127.0.0.1:26860] for GET '/session/996b74df7016ba767bec93e741d5f4b5/url'
[DEBUG] 

Request DefaultFullHttpRequest(decodeResult: success, version: HTTP/1.1, content: EmptyByteBufBE)
GET /session/996b74df7016ba767bec93e741d5f4b5/url HTTP/1.1
User-Agent: selenium/4.8.2 (java windows)
Cache-Control: no-cache
Content-Type: application/json; charset=utf-8
host: localhost:26860
accept: */*

Response DefaultHttpResponse(decodeResult: success, version: HTTP/1.1)
HTTP/1.1 200 OK
Content-Length: 48
Content-Type: application/json; charset=utf-8
cache-control: no-cache

[DEBUG] Adding key: http://localhost:26860 for channel [id: 0x5a4aedcb, L:/127.0.0.1:64194 - R:localhost/127.0.0.1:26860]
https://www.demoblaze.com/index.html
[DEBUG] Using pooled Channel '[id: 0x5a4aedcb, L:/127.0.0.1:64194 - R:localhost/127.0.0.1:26860]' for 'GET' to 'http://localhost:26860/session/996b74df7016ba767bec93e741d5f4b5/title'
[DEBUG] Using open Channel [id: 0x5a4aedcb, L:/127.0.0.1:64194 - R:localhost/127.0.0.1:26860] for GET '/session/996b74df7016ba767bec93e741d5f4b5/title'
[DEBUG] 

Request DefaultFullHttpRequest(decodeResult: success, version: HTTP/1.1, content: EmptyByteBufBE)
GET /session/996b74df7016ba767bec93e741d5f4b5/title HTTP/1.1
User-Agent: selenium/4.8.2 (java windows)
Cache-Control: no-cache
Content-Type: application/json; charset=utf-8
host: localhost:26860
accept: */*

Response DefaultHttpResponse(decodeResult: success, version: HTTP/1.1)
HTTP/1.1 200 OK
Content-Length: 17
Content-Type: application/json; charset=utf-8
cache-control: no-cache

[DEBUG] Adding key: http://localhost:26860 for channel [id: 0x5a4aedcb, L:/127.0.0.1:64194 - R:localhost/127.0.0.1:26860]
[DEBUG] Using pooled Channel '[id: 0x5a4aedcb, L:/127.0.0.1:64194 - R:localhost/127.0.0.1:26860]' for 'GET' to 'http://localhost:26860/session/996b74df7016ba767bec93e741d5f4b5/url'
[DEBUG] Using open Channel [id: 0x5a4aedcb, L:/127.0.0.1:64194 - R:localhost/127.0.0.1:26860] for GET '/session/996b74df7016ba767bec93e741d5f4b5/url'
[DEBUG] 

Request DefaultFullHttpRequest(decodeResult: success, version: HTTP/1.1, content: EmptyByteBufBE)
GET /session/996b74df7016ba767bec93e741d5f4b5/url HTTP/1.1
User-Agent: selenium/4.8.2 (java windows)
Cache-Control: no-cache
Content-Type: application/json; charset=utf-8
host: localhost:26860
accept: */*

Response DefaultHttpResponse(decodeResult: success, version: HTTP/1.1)
HTTP/1.1 200 OK
Content-Length: 48
Content-Type: application/json; charset=utf-8
cache-control: no-cache

[DEBUG] Adding key: http://localhost:26860 for channel [id: 0x5a4aedcb, L:/127.0.0.1:64194 - R:localhost/127.0.0.1:26860]
Webpage is non functional and not valid
]]></system-out>
    <system-err><![CDATA[Starting ChromeDriver 113.0.5672.63 (0e1a4471d5ae5bf128b1bd8f4d627c8cbd55f70c-refs/branch-heads/5672@{#912}) on port 26860
Only local connections are allowed.
Please see https://chromedriver.chromium.org/security-considerations for suggestions on keeping ChromeDriver safe.
ChromeDriver was started successfully.
May 30, 2023 7:26:15 PM org.openqa.selenium.devtools.CdpVersionFinder findNearestMatch
WARNING: Unable to find an exact match for CDP version 113, so returning the closest version found: 111
]]></system-err>
  </testcase>
  <testcase name="presenceOfProductStoreLink" classname="com.qa.demoblaze.testcases.DemoBlaze_Landingage" time="0.081">
    <system-out><![CDATA[[DEBUG] Channel Closed: [id: 0x9a3ae74b, L:/127.0.0.1:64320 ! R:localhost/127.0.0.1:64314] with attribute NettyResponseFuture{currentRetry=0,
	isDone=1,
	isCancelled=0,
	asyncHandler=org.asynchttpclient.ws.WebSocketUpgradeHandler@44b6df36,
	nettyRequest=org.asynchttpclient.netty.request.NettyRequest@2a7ad382,
	future=java.util.concurrent.CompletableFuture@3c8ddeaa[Completed normally],
	uri=ws://localhost:64314/devtools/browser/25fad763-d89f-42f1-9d36-fe59af4c8b5a,
	keepAlive=true,
	redirectCount=0,
	timeoutsHolder=null,
	inAuth=0,
	touch=1685499996505}
[DEBUG] Closing Channel [id: 0x9a3ae74b, L:/127.0.0.1:64320 ! R:localhost/127.0.0.1:64314] 
[DEBUG] Using pooled Channel '[id: 0xa8905105, L:/127.0.0.1:64313 - R:localhost/127.0.0.1:23544]' for 'DELETE' to 'http://localhost:23544/session/0bb7ec56883e21ab4a9927e1f5f12f38'
[DEBUG] Using open Channel [id: 0xa8905105, L:/127.0.0.1:64313 - R:localhost/127.0.0.1:23544] for DELETE '/session/0bb7ec56883e21ab4a9927e1f5f12f38'
[DEBUG] Unexpected I/O exception on channel [id: 0xae7089d2, L:/127.0.0.1:64319 - R:localhost/127.0.0.1:64314]
java.io.IOException: An existing connection was forcibly closed by the remote host
	at sun.nio.ch.SocketDispatcher.read0(Native Method) ~[na:1.8.0_333]
	at sun.nio.ch.SocketDispatcher.read(SocketDispatcher.java:43) ~[na:1.8.0_333]
	at sun.nio.ch.IOUtil.readIntoNativeBuffer(IOUtil.java:223) ~[na:1.8.0_333]
	at sun.nio.ch.IOUtil.read(IOUtil.java:192) ~[na:1.8.0_333]
	at sun.nio.ch.SocketChannelImpl.read(SocketChannelImpl.java:378) ~[na:1.8.0_333]
	at io.netty.buffer.PooledByteBuf.setBytes(PooledByteBuf.java:256) ~[netty-buffer-4.1.90.Final.jar:4.1.90.Final]
	at io.netty.buffer.AbstractByteBuf.writeBytes(AbstractByteBuf.java:1132) ~[netty-buffer-4.1.90.Final.jar:4.1.90.Final]
	at io.netty.channel.socket.nio.NioSocketChannel.doReadBytes(NioSocketChannel.java:357) ~[netty-transport-4.1.90.Final.jar:4.1.90.Final]
	at io.netty.channel.nio.AbstractNioByteChannel$NioByteUnsafe.read(AbstractNioByteChannel.java:151) ~[netty-transport-4.1.90.Final.jar:4.1.90.Final]
	at io.netty.channel.nio.NioEventLoop.processSelectedKey(NioEventLoop.java:788) [netty-transport-4.1.90.Final.jar:4.1.90.Final]
	at io.netty.channel.nio.NioEventLoop.processSelectedKeysOptimized(NioEventLoop.java:724) [netty-transport-4.1.90.Final.jar:4.1.90.Final]
	at io.netty.channel.nio.NioEventLoop.processSelectedKeys(NioEventLoop.java:650) [netty-transport-4.1.90.Final.jar:4.1.90.Final]
	at io.netty.channel.nio.NioEventLoop.run(NioEventLoop.java:562) [netty-transport-4.1.90.Final.jar:4.1.90.Final]
	at io.netty.util.concurrent.SingleThreadEventExecutor$4.run(SingleThreadEventExecutor.java:997) [netty-common-4.1.90.Final.jar:4.1.90.Final]
	at io.netty.util.internal.ThreadExecutorMap$2.run(ThreadExecutorMap.java:74) [netty-common-4.1.90.Final.jar:4.1.90.Final]
	at io.netty.util.concurrent.FastThreadLocalRunnable.run(FastThreadLocalRunnable.java:30) [netty-common-4.1.90.Final.jar:4.1.90.Final]
	at java.lang.Thread.run(Thread.java:750) [na:1.8.0_333]
[DEBUG] Closing Channel [id: 0xae7089d2, L:/127.0.0.1:64319 - R:localhost/127.0.0.1:64314] 
[DEBUG] Channel Closed: [id: 0xae7089d2, L:/127.0.0.1:64319 ! R:localhost/127.0.0.1:64314] with attribute DISCARD
[DEBUG] 

Request DefaultFullHttpRequest(decodeResult: success, version: HTTP/1.1, content: EmptyByteBufBE)
DELETE /session/0bb7ec56883e21ab4a9927e1f5f12f38 HTTP/1.1
User-Agent: selenium/4.8.2 (java windows)
Content-Type: application/json; charset=utf-8
host: localhost:23544
accept: */*

Response DefaultHttpResponse(decodeResult: success, version: HTTP/1.1)
HTTP/1.1 200 OK
Content-Length: 14
Content-Type: application/json; charset=utf-8
cache-control: no-cache

[DEBUG] Adding key: http://localhost:23544 for channel [id: 0xa8905105, L:/127.0.0.1:64313 - R:localhost/127.0.0.1:23544]
[DEBUG] Channel Closed: [id: 0xa8905105, L:/127.0.0.1:64313 ! R:localhost/127.0.0.1:23544] with attribute DISCARD
[DEBUG] Entry count for : http://localhost:23544 : 1
[DEBUG] Entry count for : http://localhost:64314 : 1
[DEBUG] Adding Candidate expired Channel [id: 0xa8905105, L:/127.0.0.1:64313 ! R:localhost/127.0.0.1:23544] isIdleTimeoutExpired=false isRemotelyClosed=true isTtlExpired=false
[DEBUG] Closing Idle Channel [id: 0xa8905105, L:/127.0.0.1:64313 ! R:localhost/127.0.0.1:23544]
[DEBUG] Adding Candidate expired Channel [id: 0xae7089d2, L:/127.0.0.1:64319 ! R:localhost/127.0.0.1:64314] isIdleTimeoutExpired=false isRemotelyClosed=true isTtlExpired=false
[DEBUG] Closing Idle Channel [id: 0xae7089d2, L:/127.0.0.1:64319 ! R:localhost/127.0.0.1:64314]
[DEBUG] Closed 2 connections out of 2 in 0 ms
[DEBUG] Using new Channel '[id: 0xe4d018a1, L:/127.0.0.1:64330 - R:localhost/127.0.0.1:32307]' for 'POST' to '/session'
[DEBUG] 

Request DefaultHttpRequest(decodeResult: success, version: HTTP/1.1)
POST /session HTTP/1.1
User-Agent: selenium/4.8.2 (java windows)
Content-Length: 489
Content-Type: application/json; charset=utf-8
host: localhost:32307
accept: */*

Response DefaultHttpResponse(decodeResult: success, version: HTTP/1.1)
HTTP/1.1 200 OK
Content-Length: 857
Content-Type: application/json; charset=utf-8
cache-control: no-cache

[DEBUG] Adding key: http://localhost:32307 for channel [id: 0xe4d018a1, L:/127.0.0.1:64330 - R:localhost/127.0.0.1:32307]
[DEBUG] Using new Channel '[id: 0x00474e96, L:/127.0.0.1:64336 - R:localhost/127.0.0.1:64331]' for 'GET' to '/json/version'
[DEBUG] 

Request DefaultFullHttpRequest(decodeResult: success, version: HTTP/1.1, content: EmptyByteBufBE)
GET /json/version HTTP/1.1
User-Agent: selenium/4.8.2 (java windows)
host: localhost:64331
accept: */*

Response DefaultHttpResponse(decodeResult: success, version: HTTP/1.1)
HTTP/1.1 200 OK
Content-Security-Policy: frame-ancestors 'none'
Content-Length: 424
Content-Type: application/json; charset=UTF-8

[DEBUG] Adding key: http://localhost:64331 for channel [id: 0x00474e96, L:/127.0.0.1:64336 - R:localhost/127.0.0.1:64331]
[DEBUG] Using new Channel '[id: 0xd0d17a41, L:/127.0.0.1:64337 - R:localhost/127.0.0.1:64331]' for 'GET' to '/devtools/browser/a72e8e59-329c-4407-a9aa-bf3236b89df0'
[DEBUG] 

Request DefaultFullHttpRequest(decodeResult: success, version: HTTP/1.1, content: EmptyByteBufBE)
GET /devtools/browser/a72e8e59-329c-4407-a9aa-bf3236b89df0 HTTP/1.1
upgrade: websocket
connection: upgrade
sec-websocket-key: lu9RxuB5lFHwJDj6wuxwsg==
sec-websocket-version: 13
origin: http://localhost:64331
host: localhost:64331
accept: */*
user-agent: AHC/2.1

Response DefaultHttpResponse(decodeResult: success, version: HTTP/1.1)
HTTP/1.1 101 WebSocket Protocol Handshake
Upgrade: WebSocket
Connection: Upgrade
Sec-WebSocket-Accept: 9Pv0UogM1CvUaFQCnZYtc0fbGzQ=

[DEBUG] Using pooled Channel '[id: 0xe4d018a1, L:/127.0.0.1:64330 - R:localhost/127.0.0.1:32307]' for 'POST' to 'http://localhost:32307/session/fe5552950928b3b2ab4260c8a8e8a1dc/window/maximize'
[DEBUG] Using open Channel [id: 0xe4d018a1, L:/127.0.0.1:64330 - R:localhost/127.0.0.1:32307] for POST '/session/fe5552950928b3b2ab4260c8a8e8a1dc/window/maximize'
[DEBUG] 

Request DefaultHttpRequest(decodeResult: success, version: HTTP/1.1)
POST /session/fe5552950928b3b2ab4260c8a8e8a1dc/window/maximize HTTP/1.1
User-Agent: selenium/4.8.2 (java windows)
Content-Length: 3
Content-Type: application/json; charset=utf-8
host: localhost:32307
accept: */*

Response DefaultHttpResponse(decodeResult: success, version: HTTP/1.1)
HTTP/1.1 200 OK
Content-Length: 51
Content-Type: application/json; charset=utf-8
cache-control: no-cache

[DEBUG] Adding key: http://localhost:32307 for channel [id: 0xe4d018a1, L:/127.0.0.1:64330 - R:localhost/127.0.0.1:32307]
[DEBUG] Using pooled Channel '[id: 0xe4d018a1, L:/127.0.0.1:64330 - R:localhost/127.0.0.1:32307]' for 'POST' to 'http://localhost:32307/session/fe5552950928b3b2ab4260c8a8e8a1dc/url'
[DEBUG] Using open Channel [id: 0xe4d018a1, L:/127.0.0.1:64330 - R:localhost/127.0.0.1:32307] for POST '/session/fe5552950928b3b2ab4260c8a8e8a1dc/url'
[DEBUG] Entry count for : http://localhost:64331 : 1
[DEBUG] 

Request DefaultHttpRequest(decodeResult: success, version: HTTP/1.1)
POST /session/fe5552950928b3b2ab4260c8a8e8a1dc/url HTTP/1.1
User-Agent: selenium/4.8.2 (java windows)
Content-Length: 74
Content-Type: application/json; charset=utf-8
host: localhost:32307
accept: */*

Response DefaultHttpResponse(decodeResult: success, version: HTTP/1.1)
HTTP/1.1 200 OK
Content-Length: 14
Content-Type: application/json; charset=utf-8
cache-control: no-cache

[DEBUG] Adding key: http://localhost:32307 for channel [id: 0xe4d018a1, L:/127.0.0.1:64330 - R:localhost/127.0.0.1:32307]
[DEBUG] Using pooled Channel '[id: 0xe4d018a1, L:/127.0.0.1:64330 - R:localhost/127.0.0.1:32307]' for 'POST' to 'http://localhost:32307/session/fe5552950928b3b2ab4260c8a8e8a1dc/timeouts'
[DEBUG] Using open Channel [id: 0xe4d018a1, L:/127.0.0.1:64330 - R:localhost/127.0.0.1:32307] for POST '/session/fe5552950928b3b2ab4260c8a8e8a1dc/timeouts'
[DEBUG] 

Request DefaultHttpRequest(decodeResult: success, version: HTTP/1.1)
POST /session/fe5552950928b3b2ab4260c8a8e8a1dc/timeouts HTTP/1.1
User-Agent: selenium/4.8.2 (java windows)
Content-Length: 23
Content-Type: application/json; charset=utf-8
host: localhost:32307
accept: */*

Response DefaultHttpResponse(decodeResult: success, version: HTTP/1.1)
HTTP/1.1 200 OK
Content-Length: 14
Content-Type: application/json; charset=utf-8
cache-control: no-cache

[DEBUG] Adding key: http://localhost:32307 for channel [id: 0xe4d018a1, L:/127.0.0.1:64330 - R:localhost/127.0.0.1:32307]
[DEBUG] Using pooled Channel '[id: 0xe4d018a1, L:/127.0.0.1:64330 - R:localhost/127.0.0.1:32307]' for 'POST' to 'http://localhost:32307/session/fe5552950928b3b2ab4260c8a8e8a1dc/timeouts'
[DEBUG] Using open Channel [id: 0xe4d018a1, L:/127.0.0.1:64330 - R:localhost/127.0.0.1:32307] for POST '/session/fe5552950928b3b2ab4260c8a8e8a1dc/timeouts'
[DEBUG] 

Request DefaultHttpRequest(decodeResult: success, version: HTTP/1.1)
POST /session/fe5552950928b3b2ab4260c8a8e8a1dc/timeouts HTTP/1.1
User-Agent: selenium/4.8.2 (java windows)
Content-Length: 23
Content-Type: application/json; charset=utf-8
host: localhost:32307
accept: */*

Response DefaultHttpResponse(decodeResult: success, version: HTTP/1.1)
HTTP/1.1 200 OK
Content-Length: 14
Content-Type: application/json; charset=utf-8
cache-control: no-cache

[DEBUG] Adding key: http://localhost:32307 for channel [id: 0xe4d018a1, L:/127.0.0.1:64330 - R:localhost/127.0.0.1:32307]
[DEBUG] Using pooled Channel '[id: 0xe4d018a1, L:/127.0.0.1:64330 - R:localhost/127.0.0.1:32307]' for 'POST' to 'http://localhost:32307/session/fe5552950928b3b2ab4260c8a8e8a1dc/timeouts'
[DEBUG] Using open Channel [id: 0xe4d018a1, L:/127.0.0.1:64330 - R:localhost/127.0.0.1:32307] for POST '/session/fe5552950928b3b2ab4260c8a8e8a1dc/timeouts'
[DEBUG] 

Request DefaultHttpRequest(decodeResult: success, version: HTTP/1.1)
POST /session/fe5552950928b3b2ab4260c8a8e8a1dc/timeouts HTTP/1.1
User-Agent: selenium/4.8.2 (java windows)
Content-Length: 22
Content-Type: application/json; charset=utf-8
host: localhost:32307
accept: */*

Response DefaultHttpResponse(decodeResult: success, version: HTTP/1.1)
HTTP/1.1 200 OK
Content-Length: 14
Content-Type: application/json; charset=utf-8
cache-control: no-cache

[DEBUG] Adding key: http://localhost:32307 for channel [id: 0xe4d018a1, L:/127.0.0.1:64330 - R:localhost/127.0.0.1:32307]
[DEBUG] Using pooled Channel '[id: 0xe4d018a1, L:/127.0.0.1:64330 - R:localhost/127.0.0.1:32307]' for 'POST' to 'http://localhost:32307/session/fe5552950928b3b2ab4260c8a8e8a1dc/element'
[DEBUG] Using open Channel [id: 0xe4d018a1, L:/127.0.0.1:64330 - R:localhost/127.0.0.1:32307] for POST '/session/fe5552950928b3b2ab4260c8a8e8a1dc/element'
[DEBUG] 

Request DefaultHttpRequest(decodeResult: success, version: HTTP/1.1)
POST /session/fe5552950928b3b2ab4260c8a8e8a1dc/element HTTP/1.1
User-Agent: selenium/4.8.2 (java windows)
Content-Length: 49
Content-Type: application/json; charset=utf-8
host: localhost:32307
accept: */*

Response DefaultHttpResponse(decodeResult: success, version: HTTP/1.1)
HTTP/1.1 200 OK
Content-Length: 95
Content-Type: application/json; charset=utf-8
cache-control: no-cache

[DEBUG] Adding key: http://localhost:32307 for channel [id: 0xe4d018a1, L:/127.0.0.1:64330 - R:localhost/127.0.0.1:32307]
[DEBUG] Using pooled Channel '[id: 0xe4d018a1, L:/127.0.0.1:64330 - R:localhost/127.0.0.1:32307]' for 'POST' to 'http://localhost:32307/session/fe5552950928b3b2ab4260c8a8e8a1dc/execute/sync'
[DEBUG] Using open Channel [id: 0xe4d018a1, L:/127.0.0.1:64330 - R:localhost/127.0.0.1:32307] for POST '/session/fe5552950928b3b2ab4260c8a8e8a1dc/execute/sync'
[DEBUG] 

Request DefaultHttpRequest(decodeResult: success, version: HTTP/1.1)
POST /session/fe5552950928b3b2ab4260c8a8e8a1dc/execute/sync HTTP/1.1
User-Agent: selenium/4.8.2 (java windows)
Content-Length: 48814
Content-Type: application/json; charset=utf-8
host: localhost:32307
accept: */*

Response DefaultHttpResponse(decodeResult: success, version: HTTP/1.1)
HTTP/1.1 200 OK
Content-Length: 14
Content-Type: application/json; charset=utf-8
cache-control: no-cache

[DEBUG] Adding key: http://localhost:32307 for channel [id: 0xe4d018a1, L:/127.0.0.1:64330 - R:localhost/127.0.0.1:32307]
[DEBUG] Using pooled Channel '[id: 0xe4d018a1, L:/127.0.0.1:64330 - R:localhost/127.0.0.1:32307]' for 'POST' to 'http://localhost:32307/session/fe5552950928b3b2ab4260c8a8e8a1dc/element'
[DEBUG] Using open Channel [id: 0xe4d018a1, L:/127.0.0.1:64330 - R:localhost/127.0.0.1:32307] for POST '/session/fe5552950928b3b2ab4260c8a8e8a1dc/element'
[DEBUG] 

Request DefaultHttpRequest(decodeResult: success, version: HTTP/1.1)
POST /session/fe5552950928b3b2ab4260c8a8e8a1dc/element HTTP/1.1
User-Agent: selenium/4.8.2 (java windows)
Content-Length: 49
Content-Type: application/json; charset=utf-8
host: localhost:32307
accept: */*

Response DefaultHttpResponse(decodeResult: success, version: HTTP/1.1)
HTTP/1.1 200 OK
Content-Length: 95
Content-Type: application/json; charset=utf-8
cache-control: no-cache

[DEBUG] Adding key: http://localhost:32307 for channel [id: 0xe4d018a1, L:/127.0.0.1:64330 - R:localhost/127.0.0.1:32307]
[DEBUG] Using pooled Channel '[id: 0xe4d018a1, L:/127.0.0.1:64330 - R:localhost/127.0.0.1:32307]' for 'POST' to 'http://localhost:32307/session/fe5552950928b3b2ab4260c8a8e8a1dc/execute/sync'
[DEBUG] Using open Channel [id: 0xe4d018a1, L:/127.0.0.1:64330 - R:localhost/127.0.0.1:32307] for POST '/session/fe5552950928b3b2ab4260c8a8e8a1dc/execute/sync'
[DEBUG] 

Request DefaultHttpRequest(decodeResult: success, version: HTTP/1.1)
POST /session/fe5552950928b3b2ab4260c8a8e8a1dc/execute/sync HTTP/1.1
User-Agent: selenium/4.8.2 (java windows)
Content-Length: 48814
Content-Type: application/json; charset=utf-8
host: localhost:32307
accept: */*

Response DefaultHttpResponse(decodeResult: success, version: HTTP/1.1)
HTTP/1.1 200 OK
Content-Length: 14
Content-Type: application/json; charset=utf-8
cache-control: no-cache

[DEBUG] Adding key: http://localhost:32307 for channel [id: 0xe4d018a1, L:/127.0.0.1:64330 - R:localhost/127.0.0.1:32307]
]]></system-out>
    <system-err><![CDATA[Starting ChromeDriver 113.0.5672.63 (0e1a4471d5ae5bf128b1bd8f4d627c8cbd55f70c-refs/branch-heads/5672@{#912}) on port 32307
Only local connections are allowed.
Please see https://chromedriver.chromium.org/security-considerations for suggestions on keeping ChromeDriver safe.
ChromeDriver was started successfully.
May 30, 2023 7:26:38 PM org.openqa.selenium.devtools.CdpVersionFinder findNearestMatch
WARNING: Unable to find an exact match for CDP version 113, so returning the closest version found: 111
]]></system-err>
  </testcase>
  <testcase name="loginWithValidCredentials[chowdhurygs@gmail.com, shajlee](1)" classname="com.qa.demoblaze.testcases.DemoBlaze_LoginTest" time="0.361">
    <system-out><![CDATA[[DEBUG] Using pooled Channel '[id: 0x5a4aedcb, L:/127.0.0.1:64194 - R:localhost/127.0.0.1:26860]' for 'DELETE' to 'http://localhost:26860/session/996b74df7016ba767bec93e741d5f4b5'
[DEBUG] Using open Channel [id: 0x5a4aedcb, L:/127.0.0.1:64194 - R:localhost/127.0.0.1:26860] for DELETE '/session/996b74df7016ba767bec93e741d5f4b5'
[DEBUG] Channel Closed: [id: 0x208b39b3, L:/127.0.0.1:64201 ! R:localhost/127.0.0.1:64195] with attribute NettyResponseFuture{currentRetry=0,
	isDone=1,
	isCancelled=0,
	asyncHandler=org.asynchttpclient.ws.WebSocketUpgradeHandler@7cfec848,
	nettyRequest=org.asynchttpclient.netty.request.NettyRequest@27525590,
	future=java.util.concurrent.CompletableFuture@17c49bd9[Completed normally],
	uri=ws://localhost:64195/devtools/browser/96001113-5856-4c94-af9e-5ded33925a12,
	keepAlive=true,
	redirectCount=0,
	timeoutsHolder=null,
	inAuth=0,
	touch=1685499975113}
[DEBUG] Closing Channel [id: 0x208b39b3, L:/127.0.0.1:64201 ! R:localhost/127.0.0.1:64195] 
[DEBUG] Entry count for : http://localhost:64195 : 1
[DEBUG] Unexpected I/O exception on channel [id: 0x4129b36a, L:/127.0.0.1:64200 - R:localhost/127.0.0.1:64195]
java.io.IOException: An existing connection was forcibly closed by the remote host
	at sun.nio.ch.SocketDispatcher.read0(Native Method) ~[na:1.8.0_333]
	at sun.nio.ch.SocketDispatcher.read(SocketDispatcher.java:43) ~[na:1.8.0_333]
	at sun.nio.ch.IOUtil.readIntoNativeBuffer(IOUtil.java:223) ~[na:1.8.0_333]
	at sun.nio.ch.IOUtil.read(IOUtil.java:192) ~[na:1.8.0_333]
	at sun.nio.ch.SocketChannelImpl.read(SocketChannelImpl.java:378) ~[na:1.8.0_333]
	at io.netty.buffer.PooledByteBuf.setBytes(PooledByteBuf.java:256) ~[netty-buffer-4.1.90.Final.jar:4.1.90.Final]
	at io.netty.buffer.AbstractByteBuf.writeBytes(AbstractByteBuf.java:1132) ~[netty-buffer-4.1.90.Final.jar:4.1.90.Final]
	at io.netty.channel.socket.nio.NioSocketChannel.doReadBytes(NioSocketChannel.java:357) ~[netty-transport-4.1.90.Final.jar:4.1.90.Final]
	at io.netty.channel.nio.AbstractNioByteChannel$NioByteUnsafe.read(AbstractNioByteChannel.java:151) ~[netty-transport-4.1.90.Final.jar:4.1.90.Final]
	at io.netty.channel.nio.NioEventLoop.processSelectedKey(NioEventLoop.java:788) [netty-transport-4.1.90.Final.jar:4.1.90.Final]
	at io.netty.channel.nio.NioEventLoop.processSelectedKeysOptimized(NioEventLoop.java:724) [netty-transport-4.1.90.Final.jar:4.1.90.Final]
	at io.netty.channel.nio.NioEventLoop.processSelectedKeys(NioEventLoop.java:650) [netty-transport-4.1.90.Final.jar:4.1.90.Final]
	at io.netty.channel.nio.NioEventLoop.run(NioEventLoop.java:562) [netty-transport-4.1.90.Final.jar:4.1.90.Final]
	at io.netty.util.concurrent.SingleThreadEventExecutor$4.run(SingleThreadEventExecutor.java:997) [netty-common-4.1.90.Final.jar:4.1.90.Final]
	at io.netty.util.internal.ThreadExecutorMap$2.run(ThreadExecutorMap.java:74) [netty-common-4.1.90.Final.jar:4.1.90.Final]
	at io.netty.util.concurrent.FastThreadLocalRunnable.run(FastThreadLocalRunnable.java:30) [netty-common-4.1.90.Final.jar:4.1.90.Final]
	at java.lang.Thread.run(Thread.java:750) [na:1.8.0_333]
[DEBUG] Closing Channel [id: 0x4129b36a, L:/127.0.0.1:64200 - R:localhost/127.0.0.1:64195] 
[DEBUG] Channel Closed: [id: 0x4129b36a, L:/127.0.0.1:64200 ! R:localhost/127.0.0.1:64195] with attribute DISCARD
[DEBUG] 

Request DefaultFullHttpRequest(decodeResult: success, version: HTTP/1.1, content: EmptyByteBufBE)
DELETE /session/996b74df7016ba767bec93e741d5f4b5 HTTP/1.1
User-Agent: selenium/4.8.2 (java windows)
Content-Type: application/json; charset=utf-8
host: localhost:26860
accept: */*

Response DefaultHttpResponse(decodeResult: success, version: HTTP/1.1)
HTTP/1.1 200 OK
Content-Length: 14
Content-Type: application/json; charset=utf-8
cache-control: no-cache

[DEBUG] Adding key: http://localhost:26860 for channel [id: 0x5a4aedcb, L:/127.0.0.1:64194 - R:localhost/127.0.0.1:26860]
[DEBUG] Channel Closed: [id: 0x5a4aedcb, L:/127.0.0.1:64194 ! R:localhost/127.0.0.1:26860] with attribute DISCARD
[DEBUG] Entry count for : http://localhost:64195 : 1
[DEBUG] Entry count for : http://localhost:26860 : 1
[DEBUG] Adding Candidate expired Channel [id: 0x4129b36a, L:/127.0.0.1:64200 ! R:localhost/127.0.0.1:64195] isIdleTimeoutExpired=false isRemotelyClosed=true isTtlExpired=false
[DEBUG] Closing Idle Channel [id: 0x4129b36a, L:/127.0.0.1:64200 ! R:localhost/127.0.0.1:64195]
[DEBUG] Adding Candidate expired Channel [id: 0x5a4aedcb, L:/127.0.0.1:64194 ! R:localhost/127.0.0.1:26860] isIdleTimeoutExpired=false isRemotelyClosed=true isTtlExpired=false
[DEBUG] Closing Idle Channel [id: 0x5a4aedcb, L:/127.0.0.1:64194 ! R:localhost/127.0.0.1:26860]
[DEBUG] Closed 2 connections out of 2 in 0 ms
[DEBUG] Using new Channel '[id: 0xbb0d586f, L:/127.0.0.1:64211 - R:localhost/127.0.0.1:12091]' for 'POST' to '/session'
[DEBUG] 

Request DefaultHttpRequest(decodeResult: success, version: HTTP/1.1)
POST /session HTTP/1.1
User-Agent: selenium/4.8.2 (java windows)
Content-Length: 489
Content-Type: application/json; charset=utf-8
host: localhost:12091
accept: */*

Response DefaultHttpResponse(decodeResult: success, version: HTTP/1.1)
HTTP/1.1 200 OK
Content-Length: 859
Content-Type: application/json; charset=utf-8
cache-control: no-cache

[DEBUG] Adding key: http://localhost:12091 for channel [id: 0xbb0d586f, L:/127.0.0.1:64211 - R:localhost/127.0.0.1:12091]
[DEBUG] Using new Channel '[id: 0x924bfb55, L:/127.0.0.1:64217 - R:localhost/127.0.0.1:64212]' for 'GET' to '/json/version'
[DEBUG] 

Request DefaultFullHttpRequest(decodeResult: success, version: HTTP/1.1, content: EmptyByteBufBE)
GET /json/version HTTP/1.1
User-Agent: selenium/4.8.2 (java windows)
host: localhost:64212
accept: */*

Response DefaultHttpResponse(decodeResult: success, version: HTTP/1.1)
HTTP/1.1 200 OK
Content-Security-Policy: frame-ancestors 'none'
Content-Length: 424
Content-Type: application/json; charset=UTF-8

[DEBUG] Adding key: http://localhost:64212 for channel [id: 0x924bfb55, L:/127.0.0.1:64217 - R:localhost/127.0.0.1:64212]
[DEBUG] Using new Channel '[id: 0x0a5622fd, L:/127.0.0.1:64218 - R:localhost/127.0.0.1:64212]' for 'GET' to '/devtools/browser/30d30a3d-b69c-4310-b715-5c481167b36a'
[DEBUG] 

Request DefaultFullHttpRequest(decodeResult: success, version: HTTP/1.1, content: EmptyByteBufBE)
GET /devtools/browser/30d30a3d-b69c-4310-b715-5c481167b36a HTTP/1.1
upgrade: websocket
connection: upgrade
sec-websocket-key: mQo9/m6rDRKCECRes1GTFA==
sec-websocket-version: 13
origin: http://localhost:64212
host: localhost:64212
accept: */*
user-agent: AHC/2.1

Response DefaultHttpResponse(decodeResult: success, version: HTTP/1.1)
HTTP/1.1 101 WebSocket Protocol Handshake
Upgrade: WebSocket
Connection: Upgrade
Sec-WebSocket-Accept: e2jS8UJhZeAoedtJGmMg2xnQe2E=

[DEBUG] Using pooled Channel '[id: 0xbb0d586f, L:/127.0.0.1:64211 - R:localhost/127.0.0.1:12091]' for 'POST' to 'http://localhost:12091/session/90dd349a1d30da308d993b879d1f87cf/window/maximize'
[DEBUG] Using open Channel [id: 0xbb0d586f, L:/127.0.0.1:64211 - R:localhost/127.0.0.1:12091] for POST '/session/90dd349a1d30da308d993b879d1f87cf/window/maximize'
[DEBUG] 

Request DefaultHttpRequest(decodeResult: success, version: HTTP/1.1)
POST /session/90dd349a1d30da308d993b879d1f87cf/window/maximize HTTP/1.1
User-Agent: selenium/4.8.2 (java windows)
Content-Length: 3
Content-Type: application/json; charset=utf-8
host: localhost:12091
accept: */*

Response DefaultHttpResponse(decodeResult: success, version: HTTP/1.1)
HTTP/1.1 200 OK
Content-Length: 51
Content-Type: application/json; charset=utf-8
cache-control: no-cache

[DEBUG] Adding key: http://localhost:12091 for channel [id: 0xbb0d586f, L:/127.0.0.1:64211 - R:localhost/127.0.0.1:12091]
[DEBUG] Using pooled Channel '[id: 0xbb0d586f, L:/127.0.0.1:64211 - R:localhost/127.0.0.1:12091]' for 'POST' to 'http://localhost:12091/session/90dd349a1d30da308d993b879d1f87cf/url'
[DEBUG] Using open Channel [id: 0xbb0d586f, L:/127.0.0.1:64211 - R:localhost/127.0.0.1:12091] for POST '/session/90dd349a1d30da308d993b879d1f87cf/url'
[DEBUG] Entry count for : http://localhost:64212 : 1
[DEBUG] 

Request DefaultHttpRequest(decodeResult: success, version: HTTP/1.1)
POST /session/90dd349a1d30da308d993b879d1f87cf/url HTTP/1.1
User-Agent: selenium/4.8.2 (java windows)
Content-Length: 74
Content-Type: application/json; charset=utf-8
host: localhost:12091
accept: */*

Response DefaultHttpResponse(decodeResult: success, version: HTTP/1.1)
HTTP/1.1 200 OK
Content-Length: 14
Content-Type: application/json; charset=utf-8
cache-control: no-cache

[DEBUG] Adding key: http://localhost:12091 for channel [id: 0xbb0d586f, L:/127.0.0.1:64211 - R:localhost/127.0.0.1:12091]
[DEBUG] Using pooled Channel '[id: 0xbb0d586f, L:/127.0.0.1:64211 - R:localhost/127.0.0.1:12091]' for 'POST' to 'http://localhost:12091/session/90dd349a1d30da308d993b879d1f87cf/timeouts'
[DEBUG] Using open Channel [id: 0xbb0d586f, L:/127.0.0.1:64211 - R:localhost/127.0.0.1:12091] for POST '/session/90dd349a1d30da308d993b879d1f87cf/timeouts'
[DEBUG] 

Request DefaultHttpRequest(decodeResult: success, version: HTTP/1.1)
POST /session/90dd349a1d30da308d993b879d1f87cf/timeouts HTTP/1.1
User-Agent: selenium/4.8.2 (java windows)
Content-Length: 23
Content-Type: application/json; charset=utf-8
host: localhost:12091
accept: */*

Response DefaultHttpResponse(decodeResult: success, version: HTTP/1.1)
HTTP/1.1 200 OK
Content-Length: 14
Content-Type: application/json; charset=utf-8
cache-control: no-cache

[DEBUG] Adding key: http://localhost:12091 for channel [id: 0xbb0d586f, L:/127.0.0.1:64211 - R:localhost/127.0.0.1:12091]
[DEBUG] Using pooled Channel '[id: 0xbb0d586f, L:/127.0.0.1:64211 - R:localhost/127.0.0.1:12091]' for 'POST' to 'http://localhost:12091/session/90dd349a1d30da308d993b879d1f87cf/timeouts'
[DEBUG] Using open Channel [id: 0xbb0d586f, L:/127.0.0.1:64211 - R:localhost/127.0.0.1:12091] for POST '/session/90dd349a1d30da308d993b879d1f87cf/timeouts'
[DEBUG] 

Request DefaultHttpRequest(decodeResult: success, version: HTTP/1.1)
POST /session/90dd349a1d30da308d993b879d1f87cf/timeouts HTTP/1.1
User-Agent: selenium/4.8.2 (java windows)
Content-Length: 23
Content-Type: application/json; charset=utf-8
host: localhost:12091
accept: */*

Response DefaultHttpResponse(decodeResult: success, version: HTTP/1.1)
HTTP/1.1 200 OK
Content-Length: 14
Content-Type: application/json; charset=utf-8
cache-control: no-cache

[DEBUG] Adding key: http://localhost:12091 for channel [id: 0xbb0d586f, L:/127.0.0.1:64211 - R:localhost/127.0.0.1:12091]
[DEBUG] Using pooled Channel '[id: 0xbb0d586f, L:/127.0.0.1:64211 - R:localhost/127.0.0.1:12091]' for 'POST' to 'http://localhost:12091/session/90dd349a1d30da308d993b879d1f87cf/timeouts'
[DEBUG] Using open Channel [id: 0xbb0d586f, L:/127.0.0.1:64211 - R:localhost/127.0.0.1:12091] for POST '/session/90dd349a1d30da308d993b879d1f87cf/timeouts'
[DEBUG] 

Request DefaultHttpRequest(decodeResult: success, version: HTTP/1.1)
POST /session/90dd349a1d30da308d993b879d1f87cf/timeouts HTTP/1.1
User-Agent: selenium/4.8.2 (java windows)
Content-Length: 22
Content-Type: application/json; charset=utf-8
host: localhost:12091
accept: */*

Response DefaultHttpResponse(decodeResult: success, version: HTTP/1.1)
HTTP/1.1 200 OK
Content-Length: 14
Content-Type: application/json; charset=utf-8
cache-control: no-cache

[DEBUG] Adding key: http://localhost:12091 for channel [id: 0xbb0d586f, L:/127.0.0.1:64211 - R:localhost/127.0.0.1:12091]
[DEBUG] Using pooled Channel '[id: 0xbb0d586f, L:/127.0.0.1:64211 - R:localhost/127.0.0.1:12091]' for 'POST' to 'http://localhost:12091/session/90dd349a1d30da308d993b879d1f87cf/element'
[DEBUG] Using open Channel [id: 0xbb0d586f, L:/127.0.0.1:64211 - R:localhost/127.0.0.1:12091] for POST '/session/90dd349a1d30da308d993b879d1f87cf/element'
[DEBUG] 

Request DefaultHttpRequest(decodeResult: success, version: HTTP/1.1)
POST /session/90dd349a1d30da308d993b879d1f87cf/element HTTP/1.1
User-Agent: selenium/4.8.2 (java windows)
Content-Length: 51
Content-Type: application/json; charset=utf-8
host: localhost:12091
accept: */*

Response DefaultHttpResponse(decodeResult: success, version: HTTP/1.1)
HTTP/1.1 200 OK
Content-Length: 95
Content-Type: application/json; charset=utf-8
cache-control: no-cache

[DEBUG] Adding key: http://localhost:12091 for channel [id: 0xbb0d586f, L:/127.0.0.1:64211 - R:localhost/127.0.0.1:12091]
[DEBUG] Using pooled Channel '[id: 0xbb0d586f, L:/127.0.0.1:64211 - R:localhost/127.0.0.1:12091]' for 'POST' to 'http://localhost:12091/session/90dd349a1d30da308d993b879d1f87cf/element/F362454E09BC96F1B4C5A11F93533B79_element_41/click'
[DEBUG] Using open Channel [id: 0xbb0d586f, L:/127.0.0.1:64211 - R:localhost/127.0.0.1:12091] for POST '/session/90dd349a1d30da308d993b879d1f87cf/element/F362454E09BC96F1B4C5A11F93533B79_element_41/click'
[DEBUG] 

Request DefaultHttpRequest(decodeResult: success, version: HTTP/1.1)
POST /session/90dd349a1d30da308d993b879d1f87cf/element/F362454E09BC96F1B4C5A11F93533B79_element_41/click HTTP/1.1
User-Agent: selenium/4.8.2 (java windows)
Content-Length: 57
Content-Type: application/json; charset=utf-8
host: localhost:12091
accept: */*

Response DefaultHttpResponse(decodeResult: success, version: HTTP/1.1)
HTTP/1.1 200 OK
Content-Length: 14
Content-Type: application/json; charset=utf-8
cache-control: no-cache

[DEBUG] Adding key: http://localhost:12091 for channel [id: 0xbb0d586f, L:/127.0.0.1:64211 - R:localhost/127.0.0.1:12091]
[DEBUG] Using pooled Channel '[id: 0xbb0d586f, L:/127.0.0.1:64211 - R:localhost/127.0.0.1:12091]' for 'POST' to 'http://localhost:12091/session/90dd349a1d30da308d993b879d1f87cf/element'
[DEBUG] Using open Channel [id: 0xbb0d586f, L:/127.0.0.1:64211 - R:localhost/127.0.0.1:12091] for POST '/session/90dd349a1d30da308d993b879d1f87cf/element'
[DEBUG] 

Request DefaultHttpRequest(decodeResult: success, version: HTTP/1.1)
POST /session/90dd349a1d30da308d993b879d1f87cf/element HTTP/1.1
User-Agent: selenium/4.8.2 (java windows)
Content-Length: 58
Content-Type: application/json; charset=utf-8
host: localhost:12091
accept: */*

Response DefaultHttpResponse(decodeResult: success, version: HTTP/1.1)
HTTP/1.1 200 OK
Content-Length: 95
Content-Type: application/json; charset=utf-8
cache-control: no-cache

[DEBUG] Adding key: http://localhost:12091 for channel [id: 0xbb0d586f, L:/127.0.0.1:64211 - R:localhost/127.0.0.1:12091]
[DEBUG] Using pooled Channel '[id: 0xbb0d586f, L:/127.0.0.1:64211 - R:localhost/127.0.0.1:12091]' for 'POST' to 'http://localhost:12091/session/90dd349a1d30da308d993b879d1f87cf/element/F362454E09BC96F1B4C5A11F93533B79_element_42/value'
[DEBUG] Using open Channel [id: 0xbb0d586f, L:/127.0.0.1:64211 - R:localhost/127.0.0.1:12091] for POST '/session/90dd349a1d30da308d993b879d1f87cf/element/F362454E09BC96F1B4C5A11F93533B79_element_42/value'
[DEBUG] 

Request DefaultHttpRequest(decodeResult: success, version: HTTP/1.1)
POST /session/90dd349a1d30da308d993b879d1f87cf/element/F362454E09BC96F1B4C5A11F93533B79_element_42/value HTTP/1.1
User-Agent: selenium/4.8.2 (java windows)
Content-Length: 298
Content-Type: application/json; charset=utf-8
host: localhost:12091
accept: */*

Response DefaultHttpResponse(decodeResult: success, version: HTTP/1.1)
HTTP/1.1 200 OK
Content-Length: 14
Content-Type: application/json; charset=utf-8
cache-control: no-cache

[DEBUG] Adding key: http://localhost:12091 for channel [id: 0xbb0d586f, L:/127.0.0.1:64211 - R:localhost/127.0.0.1:12091]
[DEBUG] Using pooled Channel '[id: 0xbb0d586f, L:/127.0.0.1:64211 - R:localhost/127.0.0.1:12091]' for 'POST' to 'http://localhost:12091/session/90dd349a1d30da308d993b879d1f87cf/element'
[DEBUG] Using open Channel [id: 0xbb0d586f, L:/127.0.0.1:64211 - R:localhost/127.0.0.1:12091] for POST '/session/90dd349a1d30da308d993b879d1f87cf/element'
[DEBUG] 

Request DefaultHttpRequest(decodeResult: success, version: HTTP/1.1)
POST /session/90dd349a1d30da308d993b879d1f87cf/element HTTP/1.1
User-Agent: selenium/4.8.2 (java windows)
Content-Length: 58
Content-Type: application/json; charset=utf-8
host: localhost:12091
accept: */*

Response DefaultHttpResponse(decodeResult: success, version: HTTP/1.1)
HTTP/1.1 200 OK
Content-Length: 95
Content-Type: application/json; charset=utf-8
cache-control: no-cache

[DEBUG] Adding key: http://localhost:12091 for channel [id: 0xbb0d586f, L:/127.0.0.1:64211 - R:localhost/127.0.0.1:12091]
[DEBUG] Using pooled Channel '[id: 0xbb0d586f, L:/127.0.0.1:64211 - R:localhost/127.0.0.1:12091]' for 'POST' to 'http://localhost:12091/session/90dd349a1d30da308d993b879d1f87cf/element/F362454E09BC96F1B4C5A11F93533B79_element_19/value'
[DEBUG] Using open Channel [id: 0xbb0d586f, L:/127.0.0.1:64211 - R:localhost/127.0.0.1:12091] for POST '/session/90dd349a1d30da308d993b879d1f87cf/element/F362454E09BC96F1B4C5A11F93533B79_element_19/value'
[DEBUG] 

Request DefaultHttpRequest(decodeResult: success, version: HTTP/1.1)
POST /session/90dd349a1d30da308d993b879d1f87cf/element/F362454E09BC96F1B4C5A11F93533B79_element_19/value HTTP/1.1
User-Agent: selenium/4.8.2 (java windows)
Content-Length: 158
Content-Type: application/json; charset=utf-8
host: localhost:12091
accept: */*

Response DefaultHttpResponse(decodeResult: success, version: HTTP/1.1)
HTTP/1.1 200 OK
Content-Length: 14
Content-Type: application/json; charset=utf-8
cache-control: no-cache

[DEBUG] Adding key: http://localhost:12091 for channel [id: 0xbb0d586f, L:/127.0.0.1:64211 - R:localhost/127.0.0.1:12091]
[DEBUG] Using pooled Channel '[id: 0xbb0d586f, L:/127.0.0.1:64211 - R:localhost/127.0.0.1:12091]' for 'POST' to 'http://localhost:12091/session/90dd349a1d30da308d993b879d1f87cf/element'
[DEBUG] Using open Channel [id: 0xbb0d586f, L:/127.0.0.1:64211 - R:localhost/127.0.0.1:12091] for POST '/session/90dd349a1d30da308d993b879d1f87cf/element'
[DEBUG] 

Request DefaultHttpRequest(decodeResult: success, version: HTTP/1.1)
POST /session/90dd349a1d30da308d993b879d1f87cf/element HTTP/1.1
User-Agent: selenium/4.8.2 (java windows)
Content-Length: 72
Content-Type: application/json; charset=utf-8
host: localhost:12091
accept: */*

Response DefaultHttpResponse(decodeResult: success, version: HTTP/1.1)
HTTP/1.1 200 OK
Content-Length: 95
Content-Type: application/json; charset=utf-8
cache-control: no-cache

[DEBUG] Adding key: http://localhost:12091 for channel [id: 0xbb0d586f, L:/127.0.0.1:64211 - R:localhost/127.0.0.1:12091]
[DEBUG] Using pooled Channel '[id: 0xbb0d586f, L:/127.0.0.1:64211 - R:localhost/127.0.0.1:12091]' for 'POST' to 'http://localhost:12091/session/90dd349a1d30da308d993b879d1f87cf/element/F362454E09BC96F1B4C5A11F93533B79_element_58/click'
[DEBUG] Using open Channel [id: 0xbb0d586f, L:/127.0.0.1:64211 - R:localhost/127.0.0.1:12091] for POST '/session/90dd349a1d30da308d993b879d1f87cf/element/F362454E09BC96F1B4C5A11F93533B79_element_58/click'
[DEBUG] 

Request DefaultHttpRequest(decodeResult: success, version: HTTP/1.1)
POST /session/90dd349a1d30da308d993b879d1f87cf/element/F362454E09BC96F1B4C5A11F93533B79_element_58/click HTTP/1.1
User-Agent: selenium/4.8.2 (java windows)
Content-Length: 57
Content-Type: application/json; charset=utf-8
host: localhost:12091
accept: */*

Response DefaultHttpResponse(decodeResult: success, version: HTTP/1.1)
HTTP/1.1 200 OK
Content-Length: 14
Content-Type: application/json; charset=utf-8
cache-control: no-cache

[DEBUG] Adding key: http://localhost:12091 for channel [id: 0xbb0d586f, L:/127.0.0.1:64211 - R:localhost/127.0.0.1:12091]
[DEBUG] Using pooled Channel '[id: 0xbb0d586f, L:/127.0.0.1:64211 - R:localhost/127.0.0.1:12091]' for 'POST' to 'http://localhost:12091/session/90dd349a1d30da308d993b879d1f87cf/element'
[DEBUG] Using open Channel [id: 0xbb0d586f, L:/127.0.0.1:64211 - R:localhost/127.0.0.1:12091] for POST '/session/90dd349a1d30da308d993b879d1f87cf/element'
[DEBUG] 

Request DefaultHttpRequest(decodeResult: success, version: HTTP/1.1)
POST /session/90dd349a1d30da308d993b879d1f87cf/element HTTP/1.1
User-Agent: selenium/4.8.2 (java windows)
Content-Length: 56
Content-Type: application/json; charset=utf-8
host: localhost:12091
accept: */*

Response DefaultHttpResponse(decodeResult: success, version: HTTP/1.1)
HTTP/1.1 200 OK
Content-Length: 95
Content-Type: application/json; charset=utf-8
cache-control: no-cache

[DEBUG] Adding key: http://localhost:12091 for channel [id: 0xbb0d586f, L:/127.0.0.1:64211 - R:localhost/127.0.0.1:12091]
[DEBUG] Using pooled Channel '[id: 0xbb0d586f, L:/127.0.0.1:64211 - R:localhost/127.0.0.1:12091]' for 'GET' to 'http://localhost:12091/session/90dd349a1d30da308d993b879d1f87cf/element/F362454E09BC96F1B4C5A11F93533B79_element_59/text'
[DEBUG] Using open Channel [id: 0xbb0d586f, L:/127.0.0.1:64211 - R:localhost/127.0.0.1:12091] for GET '/session/90dd349a1d30da308d993b879d1f87cf/element/F362454E09BC96F1B4C5A11F93533B79_element_59/text'
[DEBUG] 

Request DefaultFullHttpRequest(decodeResult: success, version: HTTP/1.1, content: EmptyByteBufBE)
GET /session/90dd349a1d30da308d993b879d1f87cf/element/F362454E09BC96F1B4C5A11F93533B79_element_59/text HTTP/1.1
User-Agent: selenium/4.8.2 (java windows)
Cache-Control: no-cache
Content-Type: application/json; charset=utf-8
host: localhost:12091
accept: */*

Response DefaultHttpResponse(decodeResult: success, version: HTTP/1.1)
HTTP/1.1 200 OK
Content-Length: 12
Content-Type: application/json; charset=utf-8
cache-control: no-cache

[DEBUG] Adding key: http://localhost:12091 for channel [id: 0xbb0d586f, L:/127.0.0.1:64211 - R:localhost/127.0.0.1:12091]
]]></system-out>
    <system-err><![CDATA[Starting ChromeDriver 113.0.5672.63 (0e1a4471d5ae5bf128b1bd8f4d627c8cbd55f70c-refs/branch-heads/5672@{#912}) on port 12091
Only local connections are allowed.
Please see https://chromedriver.chromium.org/security-considerations for suggestions on keeping ChromeDriver safe.
ChromeDriver was started successfully.
May 30, 2023 7:26:17 PM org.openqa.selenium.devtools.CdpVersionFinder findNearestMatch
WARNING: Unable to find an exact match for CDP version 113, so returning the closest version found: 111
]]></system-err>
  </testcase>
  <testcase name="loginWithValidCredentials[chowdhurygs@rediffmail.com, shajlee](2)" classname="com.qa.demoblaze.testcases.DemoBlaze_LoginTest" time="0.365">
    <system-out><![CDATA[[DEBUG] Channel Closed: [id: 0x0a5622fd, L:/127.0.0.1:64218 ! R:localhost/127.0.0.1:64212] with attribute NettyResponseFuture{currentRetry=0,
	isDone=1,
	isCancelled=0,
	asyncHandler=org.asynchttpclient.ws.WebSocketUpgradeHandler@7106d110,
	nettyRequest=org.asynchttpclient.netty.request.NettyRequest@34044154,
	future=java.util.concurrent.CompletableFuture@3aa7c00e[Completed normally],
	uri=ws://localhost:64212/devtools/browser/30d30a3d-b69c-4310-b715-5c481167b36a,
	keepAlive=true,
	redirectCount=0,
	timeoutsHolder=null,
	inAuth=0,
	touch=1685499977896}
[DEBUG] Closing Channel [id: 0x0a5622fd, L:/127.0.0.1:64218 ! R:localhost/127.0.0.1:64212] 
[DEBUG] Using pooled Channel '[id: 0xbb0d586f, L:/127.0.0.1:64211 - R:localhost/127.0.0.1:12091]' for 'DELETE' to 'http://localhost:12091/session/90dd349a1d30da308d993b879d1f87cf'
[DEBUG] Using open Channel [id: 0xbb0d586f, L:/127.0.0.1:64211 - R:localhost/127.0.0.1:12091] for DELETE '/session/90dd349a1d30da308d993b879d1f87cf'
[DEBUG] Unexpected I/O exception on channel [id: 0x924bfb55, L:/127.0.0.1:64217 - R:localhost/127.0.0.1:64212]
java.io.IOException: An existing connection was forcibly closed by the remote host
	at sun.nio.ch.SocketDispatcher.read0(Native Method) ~[na:1.8.0_333]
	at sun.nio.ch.SocketDispatcher.read(SocketDispatcher.java:43) ~[na:1.8.0_333]
	at sun.nio.ch.IOUtil.readIntoNativeBuffer(IOUtil.java:223) ~[na:1.8.0_333]
	at sun.nio.ch.IOUtil.read(IOUtil.java:192) ~[na:1.8.0_333]
	at sun.nio.ch.SocketChannelImpl.read(SocketChannelImpl.java:378) ~[na:1.8.0_333]
	at io.netty.buffer.PooledByteBuf.setBytes(PooledByteBuf.java:256) ~[netty-buffer-4.1.90.Final.jar:4.1.90.Final]
	at io.netty.buffer.AbstractByteBuf.writeBytes(AbstractByteBuf.java:1132) ~[netty-buffer-4.1.90.Final.jar:4.1.90.Final]
	at io.netty.channel.socket.nio.NioSocketChannel.doReadBytes(NioSocketChannel.java:357) ~[netty-transport-4.1.90.Final.jar:4.1.90.Final]
	at io.netty.channel.nio.AbstractNioByteChannel$NioByteUnsafe.read(AbstractNioByteChannel.java:151) ~[netty-transport-4.1.90.Final.jar:4.1.90.Final]
	at io.netty.channel.nio.NioEventLoop.processSelectedKey(NioEventLoop.java:788) [netty-transport-4.1.90.Final.jar:4.1.90.Final]
	at io.netty.channel.nio.NioEventLoop.processSelectedKeysOptimized(NioEventLoop.java:724) [netty-transport-4.1.90.Final.jar:4.1.90.Final]
	at io.netty.channel.nio.NioEventLoop.processSelectedKeys(NioEventLoop.java:650) [netty-transport-4.1.90.Final.jar:4.1.90.Final]
	at io.netty.channel.nio.NioEventLoop.run(NioEventLoop.java:562) [netty-transport-4.1.90.Final.jar:4.1.90.Final]
	at io.netty.util.concurrent.SingleThreadEventExecutor$4.run(SingleThreadEventExecutor.java:997) [netty-common-4.1.90.Final.jar:4.1.90.Final]
	at io.netty.util.internal.ThreadExecutorMap$2.run(ThreadExecutorMap.java:74) [netty-common-4.1.90.Final.jar:4.1.90.Final]
	at io.netty.util.concurrent.FastThreadLocalRunnable.run(FastThreadLocalRunnable.java:30) [netty-common-4.1.90.Final.jar:4.1.90.Final]
	at java.lang.Thread.run(Thread.java:750) [na:1.8.0_333]
[DEBUG] Closing Channel [id: 0x924bfb55, L:/127.0.0.1:64217 - R:localhost/127.0.0.1:64212] 
[DEBUG] Channel Closed: [id: 0x924bfb55, L:/127.0.0.1:64217 ! R:localhost/127.0.0.1:64212] with attribute DISCARD
[DEBUG] 

Request DefaultFullHttpRequest(decodeResult: success, version: HTTP/1.1, content: EmptyByteBufBE)
DELETE /session/90dd349a1d30da308d993b879d1f87cf HTTP/1.1
User-Agent: selenium/4.8.2 (java windows)
Content-Type: application/json; charset=utf-8
host: localhost:12091
accept: */*

Response DefaultHttpResponse(decodeResult: success, version: HTTP/1.1)
HTTP/1.1 200 OK
Content-Length: 14
Content-Type: application/json; charset=utf-8
cache-control: no-cache

[DEBUG] Adding key: http://localhost:12091 for channel [id: 0xbb0d586f, L:/127.0.0.1:64211 - R:localhost/127.0.0.1:12091]
[DEBUG] Channel Closed: [id: 0xbb0d586f, L:/127.0.0.1:64211 ! R:localhost/127.0.0.1:12091] with attribute DISCARD
[DEBUG] Entry count for : http://localhost:12091 : 1
[DEBUG] Entry count for : http://localhost:64212 : 1
[DEBUG] Adding Candidate expired Channel [id: 0xbb0d586f, L:/127.0.0.1:64211 ! R:localhost/127.0.0.1:12091] isIdleTimeoutExpired=false isRemotelyClosed=true isTtlExpired=false
[DEBUG] Closing Idle Channel [id: 0xbb0d586f, L:/127.0.0.1:64211 ! R:localhost/127.0.0.1:12091]
[DEBUG] Adding Candidate expired Channel [id: 0x924bfb55, L:/127.0.0.1:64217 ! R:localhost/127.0.0.1:64212] isIdleTimeoutExpired=false isRemotelyClosed=true isTtlExpired=false
[DEBUG] Closing Idle Channel [id: 0x924bfb55, L:/127.0.0.1:64217 ! R:localhost/127.0.0.1:64212]
[DEBUG] Closed 2 connections out of 2 in 0 ms
[DEBUG] Using new Channel '[id: 0xf6c2f7bf, L:/127.0.0.1:64228 - R:localhost/127.0.0.1:23075]' for 'POST' to '/session'
[DEBUG] 

Request DefaultHttpRequest(decodeResult: success, version: HTTP/1.1)
POST /session HTTP/1.1
User-Agent: selenium/4.8.2 (java windows)
Content-Length: 489
Content-Type: application/json; charset=utf-8
host: localhost:23075
accept: */*

Response DefaultHttpResponse(decodeResult: success, version: HTTP/1.1)
HTTP/1.1 200 OK
Content-Length: 859
Content-Type: application/json; charset=utf-8
cache-control: no-cache

[DEBUG] Adding key: http://localhost:23075 for channel [id: 0xf6c2f7bf, L:/127.0.0.1:64228 - R:localhost/127.0.0.1:23075]
[DEBUG] Using new Channel '[id: 0x628b133d, L:/127.0.0.1:64234 - R:localhost/127.0.0.1:64229]' for 'GET' to '/json/version'
[DEBUG] 

Request DefaultFullHttpRequest(decodeResult: success, version: HTTP/1.1, content: EmptyByteBufBE)
GET /json/version HTTP/1.1
User-Agent: selenium/4.8.2 (java windows)
host: localhost:64229
accept: */*

Response DefaultHttpResponse(decodeResult: success, version: HTTP/1.1)
HTTP/1.1 200 OK
Content-Security-Policy: frame-ancestors 'none'
Content-Length: 424
Content-Type: application/json; charset=UTF-8

[DEBUG] Adding key: http://localhost:64229 for channel [id: 0x628b133d, L:/127.0.0.1:64234 - R:localhost/127.0.0.1:64229]
[DEBUG] Using new Channel '[id: 0xd2900b39, L:/127.0.0.1:64235 - R:localhost/127.0.0.1:64229]' for 'GET' to '/devtools/browser/ff6a1efa-c314-4080-b1d8-4105154b7e67'
[DEBUG] 

Request DefaultFullHttpRequest(decodeResult: success, version: HTTP/1.1, content: EmptyByteBufBE)
GET /devtools/browser/ff6a1efa-c314-4080-b1d8-4105154b7e67 HTTP/1.1
upgrade: websocket
connection: upgrade
sec-websocket-key: pkpK5qpz7JZ4Kk9SKHEOPA==
sec-websocket-version: 13
origin: http://localhost:64229
host: localhost:64229
accept: */*
user-agent: AHC/2.1

Response DefaultHttpResponse(decodeResult: success, version: HTTP/1.1)
HTTP/1.1 101 WebSocket Protocol Handshake
Upgrade: WebSocket
Connection: Upgrade
Sec-WebSocket-Accept: 5H2lpDmYG8Jz2dITRTMJfqUhW8w=

[DEBUG] Using pooled Channel '[id: 0xf6c2f7bf, L:/127.0.0.1:64228 - R:localhost/127.0.0.1:23075]' for 'POST' to 'http://localhost:23075/session/c70e24ea414b5e1c59e4f7f3e7437dbf/window/maximize'
[DEBUG] Using open Channel [id: 0xf6c2f7bf, L:/127.0.0.1:64228 - R:localhost/127.0.0.1:23075] for POST '/session/c70e24ea414b5e1c59e4f7f3e7437dbf/window/maximize'
[DEBUG] 

Request DefaultHttpRequest(decodeResult: success, version: HTTP/1.1)
POST /session/c70e24ea414b5e1c59e4f7f3e7437dbf/window/maximize HTTP/1.1
User-Agent: selenium/4.8.2 (java windows)
Content-Length: 3
Content-Type: application/json; charset=utf-8
host: localhost:23075
accept: */*

Response DefaultHttpResponse(decodeResult: success, version: HTTP/1.1)
HTTP/1.1 200 OK
Content-Length: 51
Content-Type: application/json; charset=utf-8
cache-control: no-cache

[DEBUG] Adding key: http://localhost:23075 for channel [id: 0xf6c2f7bf, L:/127.0.0.1:64228 - R:localhost/127.0.0.1:23075]
[DEBUG] Using pooled Channel '[id: 0xf6c2f7bf, L:/127.0.0.1:64228 - R:localhost/127.0.0.1:23075]' for 'POST' to 'http://localhost:23075/session/c70e24ea414b5e1c59e4f7f3e7437dbf/url'
[DEBUG] Using open Channel [id: 0xf6c2f7bf, L:/127.0.0.1:64228 - R:localhost/127.0.0.1:23075] for POST '/session/c70e24ea414b5e1c59e4f7f3e7437dbf/url'
[DEBUG] 

Request DefaultHttpRequest(decodeResult: success, version: HTTP/1.1)
POST /session/c70e24ea414b5e1c59e4f7f3e7437dbf/url HTTP/1.1
User-Agent: selenium/4.8.2 (java windows)
Content-Length: 74
Content-Type: application/json; charset=utf-8
host: localhost:23075
accept: */*

Response DefaultHttpResponse(decodeResult: success, version: HTTP/1.1)
HTTP/1.1 200 OK
Content-Length: 14
Content-Type: application/json; charset=utf-8
cache-control: no-cache

[DEBUG] Adding key: http://localhost:23075 for channel [id: 0xf6c2f7bf, L:/127.0.0.1:64228 - R:localhost/127.0.0.1:23075]
[DEBUG] Using pooled Channel '[id: 0xf6c2f7bf, L:/127.0.0.1:64228 - R:localhost/127.0.0.1:23075]' for 'POST' to 'http://localhost:23075/session/c70e24ea414b5e1c59e4f7f3e7437dbf/timeouts'
[DEBUG] Using open Channel [id: 0xf6c2f7bf, L:/127.0.0.1:64228 - R:localhost/127.0.0.1:23075] for POST '/session/c70e24ea414b5e1c59e4f7f3e7437dbf/timeouts'
[DEBUG] 

Request DefaultHttpRequest(decodeResult: success, version: HTTP/1.1)
POST /session/c70e24ea414b5e1c59e4f7f3e7437dbf/timeouts HTTP/1.1
User-Agent: selenium/4.8.2 (java windows)
Content-Length: 23
Content-Type: application/json; charset=utf-8
host: localhost:23075
accept: */*

Response DefaultHttpResponse(decodeResult: success, version: HTTP/1.1)
HTTP/1.1 200 OK
Content-Length: 14
Content-Type: application/json; charset=utf-8
cache-control: no-cache

[DEBUG] Adding key: http://localhost:23075 for channel [id: 0xf6c2f7bf, L:/127.0.0.1:64228 - R:localhost/127.0.0.1:23075]
[DEBUG] Using pooled Channel '[id: 0xf6c2f7bf, L:/127.0.0.1:64228 - R:localhost/127.0.0.1:23075]' for 'POST' to 'http://localhost:23075/session/c70e24ea414b5e1c59e4f7f3e7437dbf/timeouts'
[DEBUG] Using open Channel [id: 0xf6c2f7bf, L:/127.0.0.1:64228 - R:localhost/127.0.0.1:23075] for POST '/session/c70e24ea414b5e1c59e4f7f3e7437dbf/timeouts'
[DEBUG] 

Request DefaultHttpRequest(decodeResult: success, version: HTTP/1.1)
POST /session/c70e24ea414b5e1c59e4f7f3e7437dbf/timeouts HTTP/1.1
User-Agent: selenium/4.8.2 (java windows)
Content-Length: 23
Content-Type: application/json; charset=utf-8
host: localhost:23075
accept: */*

Response DefaultHttpResponse(decodeResult: success, version: HTTP/1.1)
HTTP/1.1 200 OK
Content-Length: 14
Content-Type: application/json; charset=utf-8
cache-control: no-cache

[DEBUG] Adding key: http://localhost:23075 for channel [id: 0xf6c2f7bf, L:/127.0.0.1:64228 - R:localhost/127.0.0.1:23075]
[DEBUG] Using pooled Channel '[id: 0xf6c2f7bf, L:/127.0.0.1:64228 - R:localhost/127.0.0.1:23075]' for 'POST' to 'http://localhost:23075/session/c70e24ea414b5e1c59e4f7f3e7437dbf/timeouts'
[DEBUG] Using open Channel [id: 0xf6c2f7bf, L:/127.0.0.1:64228 - R:localhost/127.0.0.1:23075] for POST '/session/c70e24ea414b5e1c59e4f7f3e7437dbf/timeouts'
[DEBUG] 

Request DefaultHttpRequest(decodeResult: success, version: HTTP/1.1)
POST /session/c70e24ea414b5e1c59e4f7f3e7437dbf/timeouts HTTP/1.1
User-Agent: selenium/4.8.2 (java windows)
Content-Length: 22
Content-Type: application/json; charset=utf-8
host: localhost:23075
accept: */*

Response DefaultHttpResponse(decodeResult: success, version: HTTP/1.1)
HTTP/1.1 200 OK
Content-Length: 14
Content-Type: application/json; charset=utf-8
cache-control: no-cache

[DEBUG] Adding key: http://localhost:23075 for channel [id: 0xf6c2f7bf, L:/127.0.0.1:64228 - R:localhost/127.0.0.1:23075]
[DEBUG] Using pooled Channel '[id: 0xf6c2f7bf, L:/127.0.0.1:64228 - R:localhost/127.0.0.1:23075]' for 'POST' to 'http://localhost:23075/session/c70e24ea414b5e1c59e4f7f3e7437dbf/element'
[DEBUG] Using open Channel [id: 0xf6c2f7bf, L:/127.0.0.1:64228 - R:localhost/127.0.0.1:23075] for POST '/session/c70e24ea414b5e1c59e4f7f3e7437dbf/element'
[DEBUG] 

Request DefaultHttpRequest(decodeResult: success, version: HTTP/1.1)
POST /session/c70e24ea414b5e1c59e4f7f3e7437dbf/element HTTP/1.1
User-Agent: selenium/4.8.2 (java windows)
Content-Length: 51
Content-Type: application/json; charset=utf-8
host: localhost:23075
accept: */*

Response DefaultHttpResponse(decodeResult: success, version: HTTP/1.1)
HTTP/1.1 200 OK
Content-Length: 95
Content-Type: application/json; charset=utf-8
cache-control: no-cache

[DEBUG] Adding key: http://localhost:23075 for channel [id: 0xf6c2f7bf, L:/127.0.0.1:64228 - R:localhost/127.0.0.1:23075]
[DEBUG] Using pooled Channel '[id: 0xf6c2f7bf, L:/127.0.0.1:64228 - R:localhost/127.0.0.1:23075]' for 'POST' to 'http://localhost:23075/session/c70e24ea414b5e1c59e4f7f3e7437dbf/element/719180D5AC25691851D6502EFFF2A23B_element_42/click'
[DEBUG] Using open Channel [id: 0xf6c2f7bf, L:/127.0.0.1:64228 - R:localhost/127.0.0.1:23075] for POST '/session/c70e24ea414b5e1c59e4f7f3e7437dbf/element/719180D5AC25691851D6502EFFF2A23B_element_42/click'
[DEBUG] 

Request DefaultHttpRequest(decodeResult: success, version: HTTP/1.1)
POST /session/c70e24ea414b5e1c59e4f7f3e7437dbf/element/719180D5AC25691851D6502EFFF2A23B_element_42/click HTTP/1.1
User-Agent: selenium/4.8.2 (java windows)
Content-Length: 57
Content-Type: application/json; charset=utf-8
host: localhost:23075
accept: */*

Response DefaultHttpResponse(decodeResult: success, version: HTTP/1.1)
HTTP/1.1 200 OK
Content-Length: 14
Content-Type: application/json; charset=utf-8
cache-control: no-cache

[DEBUG] Adding key: http://localhost:23075 for channel [id: 0xf6c2f7bf, L:/127.0.0.1:64228 - R:localhost/127.0.0.1:23075]
[DEBUG] Using pooled Channel '[id: 0xf6c2f7bf, L:/127.0.0.1:64228 - R:localhost/127.0.0.1:23075]' for 'POST' to 'http://localhost:23075/session/c70e24ea414b5e1c59e4f7f3e7437dbf/element'
[DEBUG] Using open Channel [id: 0xf6c2f7bf, L:/127.0.0.1:64228 - R:localhost/127.0.0.1:23075] for POST '/session/c70e24ea414b5e1c59e4f7f3e7437dbf/element'
[DEBUG] 

Request DefaultHttpRequest(decodeResult: success, version: HTTP/1.1)
POST /session/c70e24ea414b5e1c59e4f7f3e7437dbf/element HTTP/1.1
User-Agent: selenium/4.8.2 (java windows)
Content-Length: 58
Content-Type: application/json; charset=utf-8
host: localhost:23075
accept: */*

Response DefaultHttpResponse(decodeResult: success, version: HTTP/1.1)
HTTP/1.1 200 OK
Content-Length: 95
Content-Type: application/json; charset=utf-8
cache-control: no-cache

[DEBUG] Adding key: http://localhost:23075 for channel [id: 0xf6c2f7bf, L:/127.0.0.1:64228 - R:localhost/127.0.0.1:23075]
[DEBUG] Using pooled Channel '[id: 0xf6c2f7bf, L:/127.0.0.1:64228 - R:localhost/127.0.0.1:23075]' for 'POST' to 'http://localhost:23075/session/c70e24ea414b5e1c59e4f7f3e7437dbf/element/719180D5AC25691851D6502EFFF2A23B_element_43/value'
[DEBUG] Using open Channel [id: 0xf6c2f7bf, L:/127.0.0.1:64228 - R:localhost/127.0.0.1:23075] for POST '/session/c70e24ea414b5e1c59e4f7f3e7437dbf/element/719180D5AC25691851D6502EFFF2A23B_element_43/value'
[DEBUG] Entry count for : http://localhost:64229 : 1
[DEBUG] 

Request DefaultHttpRequest(decodeResult: success, version: HTTP/1.1)
POST /session/c70e24ea414b5e1c59e4f7f3e7437dbf/element/719180D5AC25691851D6502EFFF2A23B_element_43/value HTTP/1.1
User-Agent: selenium/4.8.2 (java windows)
Content-Length: 348
Content-Type: application/json; charset=utf-8
host: localhost:23075
accept: */*

Response DefaultHttpResponse(decodeResult: success, version: HTTP/1.1)
HTTP/1.1 200 OK
Content-Length: 14
Content-Type: application/json; charset=utf-8
cache-control: no-cache

[DEBUG] Adding key: http://localhost:23075 for channel [id: 0xf6c2f7bf, L:/127.0.0.1:64228 - R:localhost/127.0.0.1:23075]
[DEBUG] Using pooled Channel '[id: 0xf6c2f7bf, L:/127.0.0.1:64228 - R:localhost/127.0.0.1:23075]' for 'POST' to 'http://localhost:23075/session/c70e24ea414b5e1c59e4f7f3e7437dbf/element'
[DEBUG] Using open Channel [id: 0xf6c2f7bf, L:/127.0.0.1:64228 - R:localhost/127.0.0.1:23075] for POST '/session/c70e24ea414b5e1c59e4f7f3e7437dbf/element'
[DEBUG] 

Request DefaultHttpRequest(decodeResult: success, version: HTTP/1.1)
POST /session/c70e24ea414b5e1c59e4f7f3e7437dbf/element HTTP/1.1
User-Agent: selenium/4.8.2 (java windows)
Content-Length: 58
Content-Type: application/json; charset=utf-8
host: localhost:23075
accept: */*

Response DefaultHttpResponse(decodeResult: success, version: HTTP/1.1)
HTTP/1.1 200 OK
Content-Length: 95
Content-Type: application/json; charset=utf-8
cache-control: no-cache

[DEBUG] Adding key: http://localhost:23075 for channel [id: 0xf6c2f7bf, L:/127.0.0.1:64228 - R:localhost/127.0.0.1:23075]
[DEBUG] Using pooled Channel '[id: 0xf6c2f7bf, L:/127.0.0.1:64228 - R:localhost/127.0.0.1:23075]' for 'POST' to 'http://localhost:23075/session/c70e24ea414b5e1c59e4f7f3e7437dbf/element/719180D5AC25691851D6502EFFF2A23B_element_35/value'
[DEBUG] Using open Channel [id: 0xf6c2f7bf, L:/127.0.0.1:64228 - R:localhost/127.0.0.1:23075] for POST '/session/c70e24ea414b5e1c59e4f7f3e7437dbf/element/719180D5AC25691851D6502EFFF2A23B_element_35/value'
[DEBUG] 

Request DefaultHttpRequest(decodeResult: success, version: HTTP/1.1)
POST /session/c70e24ea414b5e1c59e4f7f3e7437dbf/element/719180D5AC25691851D6502EFFF2A23B_element_35/value HTTP/1.1
User-Agent: selenium/4.8.2 (java windows)
Content-Length: 158
Content-Type: application/json; charset=utf-8
host: localhost:23075
accept: */*

Response DefaultHttpResponse(decodeResult: success, version: HTTP/1.1)
HTTP/1.1 200 OK
Content-Length: 14
Content-Type: application/json; charset=utf-8
cache-control: no-cache

[DEBUG] Adding key: http://localhost:23075 for channel [id: 0xf6c2f7bf, L:/127.0.0.1:64228 - R:localhost/127.0.0.1:23075]
[DEBUG] Using pooled Channel '[id: 0xf6c2f7bf, L:/127.0.0.1:64228 - R:localhost/127.0.0.1:23075]' for 'POST' to 'http://localhost:23075/session/c70e24ea414b5e1c59e4f7f3e7437dbf/element'
[DEBUG] Using open Channel [id: 0xf6c2f7bf, L:/127.0.0.1:64228 - R:localhost/127.0.0.1:23075] for POST '/session/c70e24ea414b5e1c59e4f7f3e7437dbf/element'
[DEBUG] 

Request DefaultHttpRequest(decodeResult: success, version: HTTP/1.1)
POST /session/c70e24ea414b5e1c59e4f7f3e7437dbf/element HTTP/1.1
User-Agent: selenium/4.8.2 (java windows)
Content-Length: 72
Content-Type: application/json; charset=utf-8
host: localhost:23075
accept: */*

Response DefaultHttpResponse(decodeResult: success, version: HTTP/1.1)
HTTP/1.1 200 OK
Content-Length: 95
Content-Type: application/json; charset=utf-8
cache-control: no-cache

[DEBUG] Adding key: http://localhost:23075 for channel [id: 0xf6c2f7bf, L:/127.0.0.1:64228 - R:localhost/127.0.0.1:23075]
[DEBUG] Using pooled Channel '[id: 0xf6c2f7bf, L:/127.0.0.1:64228 - R:localhost/127.0.0.1:23075]' for 'POST' to 'http://localhost:23075/session/c70e24ea414b5e1c59e4f7f3e7437dbf/element/719180D5AC25691851D6502EFFF2A23B_element_52/click'
[DEBUG] Using open Channel [id: 0xf6c2f7bf, L:/127.0.0.1:64228 - R:localhost/127.0.0.1:23075] for POST '/session/c70e24ea414b5e1c59e4f7f3e7437dbf/element/719180D5AC25691851D6502EFFF2A23B_element_52/click'
[DEBUG] 

Request DefaultHttpRequest(decodeResult: success, version: HTTP/1.1)
POST /session/c70e24ea414b5e1c59e4f7f3e7437dbf/element/719180D5AC25691851D6502EFFF2A23B_element_52/click HTTP/1.1
User-Agent: selenium/4.8.2 (java windows)
Content-Length: 57
Content-Type: application/json; charset=utf-8
host: localhost:23075
accept: */*

Response DefaultHttpResponse(decodeResult: success, version: HTTP/1.1)
HTTP/1.1 200 OK
Content-Length: 14
Content-Type: application/json; charset=utf-8
cache-control: no-cache

[DEBUG] Adding key: http://localhost:23075 for channel [id: 0xf6c2f7bf, L:/127.0.0.1:64228 - R:localhost/127.0.0.1:23075]
[DEBUG] Using pooled Channel '[id: 0xf6c2f7bf, L:/127.0.0.1:64228 - R:localhost/127.0.0.1:23075]' for 'POST' to 'http://localhost:23075/session/c70e24ea414b5e1c59e4f7f3e7437dbf/element'
[DEBUG] Using open Channel [id: 0xf6c2f7bf, L:/127.0.0.1:64228 - R:localhost/127.0.0.1:23075] for POST '/session/c70e24ea414b5e1c59e4f7f3e7437dbf/element'
[DEBUG] 

Request DefaultHttpRequest(decodeResult: success, version: HTTP/1.1)
POST /session/c70e24ea414b5e1c59e4f7f3e7437dbf/element HTTP/1.1
User-Agent: selenium/4.8.2 (java windows)
Content-Length: 56
Content-Type: application/json; charset=utf-8
host: localhost:23075
accept: */*

Response DefaultHttpResponse(decodeResult: success, version: HTTP/1.1)
HTTP/1.1 200 OK
Content-Length: 95
Content-Type: application/json; charset=utf-8
cache-control: no-cache

[DEBUG] Adding key: http://localhost:23075 for channel [id: 0xf6c2f7bf, L:/127.0.0.1:64228 - R:localhost/127.0.0.1:23075]
[DEBUG] Using pooled Channel '[id: 0xf6c2f7bf, L:/127.0.0.1:64228 - R:localhost/127.0.0.1:23075]' for 'GET' to 'http://localhost:23075/session/c70e24ea414b5e1c59e4f7f3e7437dbf/element/719180D5AC25691851D6502EFFF2A23B_element_53/text'
[DEBUG] Using open Channel [id: 0xf6c2f7bf, L:/127.0.0.1:64228 - R:localhost/127.0.0.1:23075] for GET '/session/c70e24ea414b5e1c59e4f7f3e7437dbf/element/719180D5AC25691851D6502EFFF2A23B_element_53/text'
[DEBUG] 

Request DefaultFullHttpRequest(decodeResult: success, version: HTTP/1.1, content: EmptyByteBufBE)
GET /session/c70e24ea414b5e1c59e4f7f3e7437dbf/element/719180D5AC25691851D6502EFFF2A23B_element_53/text HTTP/1.1
User-Agent: selenium/4.8.2 (java windows)
Cache-Control: no-cache
Content-Type: application/json; charset=utf-8
host: localhost:23075
accept: */*

Response DefaultHttpResponse(decodeResult: success, version: HTTP/1.1)
HTTP/1.1 200 OK
Content-Length: 12
Content-Type: application/json; charset=utf-8
cache-control: no-cache

[DEBUG] Adding key: http://localhost:23075 for channel [id: 0xf6c2f7bf, L:/127.0.0.1:64228 - R:localhost/127.0.0.1:23075]
]]></system-out>
    <system-err><![CDATA[Starting ChromeDriver 113.0.5672.63 (0e1a4471d5ae5bf128b1bd8f4d627c8cbd55f70c-refs/branch-heads/5672@{#912}) on port 23075
Only local connections are allowed.
Please see https://chromedriver.chromium.org/security-considerations for suggestions on keeping ChromeDriver safe.
ChromeDriver was started successfully.
May 30, 2023 7:26:20 PM org.openqa.selenium.devtools.CdpVersionFinder findNearestMatch
WARNING: Unable to find an exact match for CDP version 113, so returning the closest version found: 111
]]></system-err>
  </testcase>
  <testcase name="loginWithValidCredentials[golam.chodhury@gmail.com, shajlee](3)" classname="com.qa.demoblaze.testcases.DemoBlaze_LoginTest" time="0.381">
    <system-out><![CDATA[[DEBUG] Channel Closed: [id: 0xd2900b39, L:/127.0.0.1:64235 ! R:localhost/127.0.0.1:64229] with attribute NettyResponseFuture{currentRetry=0,
	isDone=1,
	isCancelled=0,
	asyncHandler=org.asynchttpclient.ws.WebSocketUpgradeHandler@6ee2ab0b,
	nettyRequest=org.asynchttpclient.netty.request.NettyRequest@2be028b3,
	future=java.util.concurrent.CompletableFuture@19cb2cac[Completed normally],
	uri=ws://localhost:64229/devtools/browser/ff6a1efa-c314-4080-b1d8-4105154b7e67,
	keepAlive=true,
	redirectCount=0,
	timeoutsHolder=null,
	inAuth=0,
	touch=1685499980597}
[DEBUG] Closing Channel [id: 0xd2900b39, L:/127.0.0.1:64235 ! R:localhost/127.0.0.1:64229] 
[DEBUG] Using pooled Channel '[id: 0xf6c2f7bf, L:/127.0.0.1:64228 - R:localhost/127.0.0.1:23075]' for 'DELETE' to 'http://localhost:23075/session/c70e24ea414b5e1c59e4f7f3e7437dbf'
[DEBUG] Using open Channel [id: 0xf6c2f7bf, L:/127.0.0.1:64228 - R:localhost/127.0.0.1:23075] for DELETE '/session/c70e24ea414b5e1c59e4f7f3e7437dbf'
[DEBUG] Unexpected I/O exception on channel [id: 0x628b133d, L:/127.0.0.1:64234 - R:localhost/127.0.0.1:64229]
java.io.IOException: An existing connection was forcibly closed by the remote host
	at sun.nio.ch.SocketDispatcher.read0(Native Method) ~[na:1.8.0_333]
	at sun.nio.ch.SocketDispatcher.read(SocketDispatcher.java:43) ~[na:1.8.0_333]
	at sun.nio.ch.IOUtil.readIntoNativeBuffer(IOUtil.java:223) ~[na:1.8.0_333]
	at sun.nio.ch.IOUtil.read(IOUtil.java:192) ~[na:1.8.0_333]
	at sun.nio.ch.SocketChannelImpl.read(SocketChannelImpl.java:378) ~[na:1.8.0_333]
	at io.netty.buffer.PooledByteBuf.setBytes(PooledByteBuf.java:256) ~[netty-buffer-4.1.90.Final.jar:4.1.90.Final]
	at io.netty.buffer.AbstractByteBuf.writeBytes(AbstractByteBuf.java:1132) ~[netty-buffer-4.1.90.Final.jar:4.1.90.Final]
	at io.netty.channel.socket.nio.NioSocketChannel.doReadBytes(NioSocketChannel.java:357) ~[netty-transport-4.1.90.Final.jar:4.1.90.Final]
	at io.netty.channel.nio.AbstractNioByteChannel$NioByteUnsafe.read(AbstractNioByteChannel.java:151) ~[netty-transport-4.1.90.Final.jar:4.1.90.Final]
	at io.netty.channel.nio.NioEventLoop.processSelectedKey(NioEventLoop.java:788) [netty-transport-4.1.90.Final.jar:4.1.90.Final]
	at io.netty.channel.nio.NioEventLoop.processSelectedKeysOptimized(NioEventLoop.java:724) [netty-transport-4.1.90.Final.jar:4.1.90.Final]
	at io.netty.channel.nio.NioEventLoop.processSelectedKeys(NioEventLoop.java:650) [netty-transport-4.1.90.Final.jar:4.1.90.Final]
	at io.netty.channel.nio.NioEventLoop.run(NioEventLoop.java:562) [netty-transport-4.1.90.Final.jar:4.1.90.Final]
	at io.netty.util.concurrent.SingleThreadEventExecutor$4.run(SingleThreadEventExecutor.java:997) [netty-common-4.1.90.Final.jar:4.1.90.Final]
	at io.netty.util.internal.ThreadExecutorMap$2.run(ThreadExecutorMap.java:74) [netty-common-4.1.90.Final.jar:4.1.90.Final]
	at io.netty.util.concurrent.FastThreadLocalRunnable.run(FastThreadLocalRunnable.java:30) [netty-common-4.1.90.Final.jar:4.1.90.Final]
	at java.lang.Thread.run(Thread.java:750) [na:1.8.0_333]
[DEBUG] Closing Channel [id: 0x628b133d, L:/127.0.0.1:64234 - R:localhost/127.0.0.1:64229] 
[DEBUG] Channel Closed: [id: 0x628b133d, L:/127.0.0.1:64234 ! R:localhost/127.0.0.1:64229] with attribute DISCARD
[DEBUG] 

Request DefaultFullHttpRequest(decodeResult: success, version: HTTP/1.1, content: EmptyByteBufBE)
DELETE /session/c70e24ea414b5e1c59e4f7f3e7437dbf HTTP/1.1
User-Agent: selenium/4.8.2 (java windows)
Content-Type: application/json; charset=utf-8
host: localhost:23075
accept: */*

Response DefaultHttpResponse(decodeResult: success, version: HTTP/1.1)
HTTP/1.1 200 OK
Content-Length: 14
Content-Type: application/json; charset=utf-8
cache-control: no-cache

[DEBUG] Adding key: http://localhost:23075 for channel [id: 0xf6c2f7bf, L:/127.0.0.1:64228 - R:localhost/127.0.0.1:23075]
[DEBUG] Channel Closed: [id: 0xf6c2f7bf, L:/127.0.0.1:64228 ! R:localhost/127.0.0.1:23075] with attribute DISCARD
[DEBUG] Entry count for : http://localhost:64229 : 1
[DEBUG] Entry count for : http://localhost:23075 : 1
[DEBUG] Adding Candidate expired Channel [id: 0x628b133d, L:/127.0.0.1:64234 ! R:localhost/127.0.0.1:64229] isIdleTimeoutExpired=false isRemotelyClosed=true isTtlExpired=false
[DEBUG] Closing Idle Channel [id: 0x628b133d, L:/127.0.0.1:64234 ! R:localhost/127.0.0.1:64229]
[DEBUG] Adding Candidate expired Channel [id: 0xf6c2f7bf, L:/127.0.0.1:64228 ! R:localhost/127.0.0.1:23075] isIdleTimeoutExpired=false isRemotelyClosed=true isTtlExpired=false
[DEBUG] Closing Idle Channel [id: 0xf6c2f7bf, L:/127.0.0.1:64228 ! R:localhost/127.0.0.1:23075]
[DEBUG] Closed 2 connections out of 2 in 0 ms
[DEBUG] Using new Channel '[id: 0x17509cba, L:/127.0.0.1:64245 - R:localhost/127.0.0.1:31810]' for 'POST' to '/session'
[DEBUG] 

Request DefaultHttpRequest(decodeResult: success, version: HTTP/1.1)
POST /session HTTP/1.1
User-Agent: selenium/4.8.2 (java windows)
Content-Length: 489
Content-Type: application/json; charset=utf-8
host: localhost:31810
accept: */*

Response DefaultHttpResponse(decodeResult: success, version: HTTP/1.1)
HTTP/1.1 200 OK
Content-Length: 859
Content-Type: application/json; charset=utf-8
cache-control: no-cache

[DEBUG] Adding key: http://localhost:31810 for channel [id: 0x17509cba, L:/127.0.0.1:64245 - R:localhost/127.0.0.1:31810]
[DEBUG] Using new Channel '[id: 0x09739979, L:/127.0.0.1:64251 - R:localhost/127.0.0.1:64246]' for 'GET' to '/json/version'
[DEBUG] 

Request DefaultFullHttpRequest(decodeResult: success, version: HTTP/1.1, content: EmptyByteBufBE)
GET /json/version HTTP/1.1
User-Agent: selenium/4.8.2 (java windows)
host: localhost:64246
accept: */*

Response DefaultHttpResponse(decodeResult: success, version: HTTP/1.1)
HTTP/1.1 200 OK
Content-Security-Policy: frame-ancestors 'none'
Content-Length: 424
Content-Type: application/json; charset=UTF-8

[DEBUG] Adding key: http://localhost:64246 for channel [id: 0x09739979, L:/127.0.0.1:64251 - R:localhost/127.0.0.1:64246]
[DEBUG] Using new Channel '[id: 0x3f8788c7, L:/127.0.0.1:64252 - R:localhost/127.0.0.1:64246]' for 'GET' to '/devtools/browser/4f5de8ce-4aa8-49ea-949d-03211d929cb6'
[DEBUG] 

Request DefaultFullHttpRequest(decodeResult: success, version: HTTP/1.1, content: EmptyByteBufBE)
GET /devtools/browser/4f5de8ce-4aa8-49ea-949d-03211d929cb6 HTTP/1.1
upgrade: websocket
connection: upgrade
sec-websocket-key: 1TDfOgwCYm20rMzVzITJpA==
sec-websocket-version: 13
origin: http://localhost:64246
host: localhost:64246
accept: */*
user-agent: AHC/2.1

Response DefaultHttpResponse(decodeResult: success, version: HTTP/1.1)
HTTP/1.1 101 WebSocket Protocol Handshake
Upgrade: WebSocket
Connection: Upgrade
Sec-WebSocket-Accept: H8i2agSiKbeGscCtCSWsxf5aIr4=

[DEBUG] Using pooled Channel '[id: 0x17509cba, L:/127.0.0.1:64245 - R:localhost/127.0.0.1:31810]' for 'POST' to 'http://localhost:31810/session/e4319ff33417cb72591c694d7360d94b/window/maximize'
[DEBUG] Using open Channel [id: 0x17509cba, L:/127.0.0.1:64245 - R:localhost/127.0.0.1:31810] for POST '/session/e4319ff33417cb72591c694d7360d94b/window/maximize'
[DEBUG] 

Request DefaultHttpRequest(decodeResult: success, version: HTTP/1.1)
POST /session/e4319ff33417cb72591c694d7360d94b/window/maximize HTTP/1.1
User-Agent: selenium/4.8.2 (java windows)
Content-Length: 3
Content-Type: application/json; charset=utf-8
host: localhost:31810
accept: */*

Response DefaultHttpResponse(decodeResult: success, version: HTTP/1.1)
HTTP/1.1 200 OK
Content-Length: 51
Content-Type: application/json; charset=utf-8
cache-control: no-cache

[DEBUG] Adding key: http://localhost:31810 for channel [id: 0x17509cba, L:/127.0.0.1:64245 - R:localhost/127.0.0.1:31810]
[DEBUG] Using pooled Channel '[id: 0x17509cba, L:/127.0.0.1:64245 - R:localhost/127.0.0.1:31810]' for 'POST' to 'http://localhost:31810/session/e4319ff33417cb72591c694d7360d94b/url'
[DEBUG] Using open Channel [id: 0x17509cba, L:/127.0.0.1:64245 - R:localhost/127.0.0.1:31810] for POST '/session/e4319ff33417cb72591c694d7360d94b/url'
[DEBUG] Entry count for : http://localhost:64246 : 1
[DEBUG] 

Request DefaultHttpRequest(decodeResult: success, version: HTTP/1.1)
POST /session/e4319ff33417cb72591c694d7360d94b/url HTTP/1.1
User-Agent: selenium/4.8.2 (java windows)
Content-Length: 74
Content-Type: application/json; charset=utf-8
host: localhost:31810
accept: */*

Response DefaultHttpResponse(decodeResult: success, version: HTTP/1.1)
HTTP/1.1 200 OK
Content-Length: 14
Content-Type: application/json; charset=utf-8
cache-control: no-cache

[DEBUG] Adding key: http://localhost:31810 for channel [id: 0x17509cba, L:/127.0.0.1:64245 - R:localhost/127.0.0.1:31810]
[DEBUG] Using pooled Channel '[id: 0x17509cba, L:/127.0.0.1:64245 - R:localhost/127.0.0.1:31810]' for 'POST' to 'http://localhost:31810/session/e4319ff33417cb72591c694d7360d94b/timeouts'
[DEBUG] Using open Channel [id: 0x17509cba, L:/127.0.0.1:64245 - R:localhost/127.0.0.1:31810] for POST '/session/e4319ff33417cb72591c694d7360d94b/timeouts'
[DEBUG] 

Request DefaultHttpRequest(decodeResult: success, version: HTTP/1.1)
POST /session/e4319ff33417cb72591c694d7360d94b/timeouts HTTP/1.1
User-Agent: selenium/4.8.2 (java windows)
Content-Length: 23
Content-Type: application/json; charset=utf-8
host: localhost:31810
accept: */*

Response DefaultHttpResponse(decodeResult: success, version: HTTP/1.1)
HTTP/1.1 200 OK
Content-Length: 14
Content-Type: application/json; charset=utf-8
cache-control: no-cache

[DEBUG] Adding key: http://localhost:31810 for channel [id: 0x17509cba, L:/127.0.0.1:64245 - R:localhost/127.0.0.1:31810]
[DEBUG] Using pooled Channel '[id: 0x17509cba, L:/127.0.0.1:64245 - R:localhost/127.0.0.1:31810]' for 'POST' to 'http://localhost:31810/session/e4319ff33417cb72591c694d7360d94b/timeouts'
[DEBUG] Using open Channel [id: 0x17509cba, L:/127.0.0.1:64245 - R:localhost/127.0.0.1:31810] for POST '/session/e4319ff33417cb72591c694d7360d94b/timeouts'
[DEBUG] 

Request DefaultHttpRequest(decodeResult: success, version: HTTP/1.1)
POST /session/e4319ff33417cb72591c694d7360d94b/timeouts HTTP/1.1
User-Agent: selenium/4.8.2 (java windows)
Content-Length: 23
Content-Type: application/json; charset=utf-8
host: localhost:31810
accept: */*

Response DefaultHttpResponse(decodeResult: success, version: HTTP/1.1)
HTTP/1.1 200 OK
Content-Length: 14
Content-Type: application/json; charset=utf-8
cache-control: no-cache

[DEBUG] Adding key: http://localhost:31810 for channel [id: 0x17509cba, L:/127.0.0.1:64245 - R:localhost/127.0.0.1:31810]
[DEBUG] Using pooled Channel '[id: 0x17509cba, L:/127.0.0.1:64245 - R:localhost/127.0.0.1:31810]' for 'POST' to 'http://localhost:31810/session/e4319ff33417cb72591c694d7360d94b/timeouts'
[DEBUG] Using open Channel [id: 0x17509cba, L:/127.0.0.1:64245 - R:localhost/127.0.0.1:31810] for POST '/session/e4319ff33417cb72591c694d7360d94b/timeouts'
[DEBUG] 

Request DefaultHttpRequest(decodeResult: success, version: HTTP/1.1)
POST /session/e4319ff33417cb72591c694d7360d94b/timeouts HTTP/1.1
User-Agent: selenium/4.8.2 (java windows)
Content-Length: 22
Content-Type: application/json; charset=utf-8
host: localhost:31810
accept: */*

Response DefaultHttpResponse(decodeResult: success, version: HTTP/1.1)
HTTP/1.1 200 OK
Content-Length: 14
Content-Type: application/json; charset=utf-8
cache-control: no-cache

[DEBUG] Adding key: http://localhost:31810 for channel [id: 0x17509cba, L:/127.0.0.1:64245 - R:localhost/127.0.0.1:31810]
[DEBUG] Using pooled Channel '[id: 0x17509cba, L:/127.0.0.1:64245 - R:localhost/127.0.0.1:31810]' for 'POST' to 'http://localhost:31810/session/e4319ff33417cb72591c694d7360d94b/element'
[DEBUG] Using open Channel [id: 0x17509cba, L:/127.0.0.1:64245 - R:localhost/127.0.0.1:31810] for POST '/session/e4319ff33417cb72591c694d7360d94b/element'
[DEBUG] 

Request DefaultHttpRequest(decodeResult: success, version: HTTP/1.1)
POST /session/e4319ff33417cb72591c694d7360d94b/element HTTP/1.1
User-Agent: selenium/4.8.2 (java windows)
Content-Length: 51
Content-Type: application/json; charset=utf-8
host: localhost:31810
accept: */*

Response DefaultHttpResponse(decodeResult: success, version: HTTP/1.1)
HTTP/1.1 200 OK
Content-Length: 95
Content-Type: application/json; charset=utf-8
cache-control: no-cache

[DEBUG] Adding key: http://localhost:31810 for channel [id: 0x17509cba, L:/127.0.0.1:64245 - R:localhost/127.0.0.1:31810]
[DEBUG] Using pooled Channel '[id: 0x17509cba, L:/127.0.0.1:64245 - R:localhost/127.0.0.1:31810]' for 'POST' to 'http://localhost:31810/session/e4319ff33417cb72591c694d7360d94b/element/6FBAD7DE7B2F9C0E72D614848770670F_element_41/click'
[DEBUG] Using open Channel [id: 0x17509cba, L:/127.0.0.1:64245 - R:localhost/127.0.0.1:31810] for POST '/session/e4319ff33417cb72591c694d7360d94b/element/6FBAD7DE7B2F9C0E72D614848770670F_element_41/click'
[DEBUG] 

Request DefaultHttpRequest(decodeResult: success, version: HTTP/1.1)
POST /session/e4319ff33417cb72591c694d7360d94b/element/6FBAD7DE7B2F9C0E72D614848770670F_element_41/click HTTP/1.1
User-Agent: selenium/4.8.2 (java windows)
Content-Length: 57
Content-Type: application/json; charset=utf-8
host: localhost:31810
accept: */*

Response DefaultHttpResponse(decodeResult: success, version: HTTP/1.1)
HTTP/1.1 200 OK
Content-Length: 14
Content-Type: application/json; charset=utf-8
cache-control: no-cache

[DEBUG] Adding key: http://localhost:31810 for channel [id: 0x17509cba, L:/127.0.0.1:64245 - R:localhost/127.0.0.1:31810]
[DEBUG] Using pooled Channel '[id: 0x17509cba, L:/127.0.0.1:64245 - R:localhost/127.0.0.1:31810]' for 'POST' to 'http://localhost:31810/session/e4319ff33417cb72591c694d7360d94b/element'
[DEBUG] Using open Channel [id: 0x17509cba, L:/127.0.0.1:64245 - R:localhost/127.0.0.1:31810] for POST '/session/e4319ff33417cb72591c694d7360d94b/element'
[DEBUG] 

Request DefaultHttpRequest(decodeResult: success, version: HTTP/1.1)
POST /session/e4319ff33417cb72591c694d7360d94b/element HTTP/1.1
User-Agent: selenium/4.8.2 (java windows)
Content-Length: 58
Content-Type: application/json; charset=utf-8
host: localhost:31810
accept: */*

Response DefaultHttpResponse(decodeResult: success, version: HTTP/1.1)
HTTP/1.1 200 OK
Content-Length: 95
Content-Type: application/json; charset=utf-8
cache-control: no-cache

[DEBUG] Adding key: http://localhost:31810 for channel [id: 0x17509cba, L:/127.0.0.1:64245 - R:localhost/127.0.0.1:31810]
[DEBUG] Using pooled Channel '[id: 0x17509cba, L:/127.0.0.1:64245 - R:localhost/127.0.0.1:31810]' for 'POST' to 'http://localhost:31810/session/e4319ff33417cb72591c694d7360d94b/element/6FBAD7DE7B2F9C0E72D614848770670F_element_42/value'
[DEBUG] Using open Channel [id: 0x17509cba, L:/127.0.0.1:64245 - R:localhost/127.0.0.1:31810] for POST '/session/e4319ff33417cb72591c694d7360d94b/element/6FBAD7DE7B2F9C0E72D614848770670F_element_42/value'
[DEBUG] 

Request DefaultHttpRequest(decodeResult: success, version: HTTP/1.1)
POST /session/e4319ff33417cb72591c694d7360d94b/element/6FBAD7DE7B2F9C0E72D614848770670F_element_42/value HTTP/1.1
User-Agent: selenium/4.8.2 (java windows)
Content-Length: 328
Content-Type: application/json; charset=utf-8
host: localhost:31810
accept: */*

Response DefaultHttpResponse(decodeResult: success, version: HTTP/1.1)
HTTP/1.1 200 OK
Content-Length: 14
Content-Type: application/json; charset=utf-8
cache-control: no-cache

[DEBUG] Adding key: http://localhost:31810 for channel [id: 0x17509cba, L:/127.0.0.1:64245 - R:localhost/127.0.0.1:31810]
[DEBUG] Using pooled Channel '[id: 0x17509cba, L:/127.0.0.1:64245 - R:localhost/127.0.0.1:31810]' for 'POST' to 'http://localhost:31810/session/e4319ff33417cb72591c694d7360d94b/element'
[DEBUG] Using open Channel [id: 0x17509cba, L:/127.0.0.1:64245 - R:localhost/127.0.0.1:31810] for POST '/session/e4319ff33417cb72591c694d7360d94b/element'
[DEBUG] 

Request DefaultHttpRequest(decodeResult: success, version: HTTP/1.1)
POST /session/e4319ff33417cb72591c694d7360d94b/element HTTP/1.1
User-Agent: selenium/4.8.2 (java windows)
Content-Length: 58
Content-Type: application/json; charset=utf-8
host: localhost:31810
accept: */*

Response DefaultHttpResponse(decodeResult: success, version: HTTP/1.1)
HTTP/1.1 200 OK
Content-Length: 95
Content-Type: application/json; charset=utf-8
cache-control: no-cache

[DEBUG] Adding key: http://localhost:31810 for channel [id: 0x17509cba, L:/127.0.0.1:64245 - R:localhost/127.0.0.1:31810]
[DEBUG] Using pooled Channel '[id: 0x17509cba, L:/127.0.0.1:64245 - R:localhost/127.0.0.1:31810]' for 'POST' to 'http://localhost:31810/session/e4319ff33417cb72591c694d7360d94b/element/6FBAD7DE7B2F9C0E72D614848770670F_element_34/value'
[DEBUG] Using open Channel [id: 0x17509cba, L:/127.0.0.1:64245 - R:localhost/127.0.0.1:31810] for POST '/session/e4319ff33417cb72591c694d7360d94b/element/6FBAD7DE7B2F9C0E72D614848770670F_element_34/value'
[DEBUG] 

Request DefaultHttpRequest(decodeResult: success, version: HTTP/1.1)
POST /session/e4319ff33417cb72591c694d7360d94b/element/6FBAD7DE7B2F9C0E72D614848770670F_element_34/value HTTP/1.1
User-Agent: selenium/4.8.2 (java windows)
Content-Length: 158
Content-Type: application/json; charset=utf-8
host: localhost:31810
accept: */*

Response DefaultHttpResponse(decodeResult: success, version: HTTP/1.1)
HTTP/1.1 200 OK
Content-Length: 14
Content-Type: application/json; charset=utf-8
cache-control: no-cache

[DEBUG] Adding key: http://localhost:31810 for channel [id: 0x17509cba, L:/127.0.0.1:64245 - R:localhost/127.0.0.1:31810]
[DEBUG] Using pooled Channel '[id: 0x17509cba, L:/127.0.0.1:64245 - R:localhost/127.0.0.1:31810]' for 'POST' to 'http://localhost:31810/session/e4319ff33417cb72591c694d7360d94b/element'
[DEBUG] Using open Channel [id: 0x17509cba, L:/127.0.0.1:64245 - R:localhost/127.0.0.1:31810] for POST '/session/e4319ff33417cb72591c694d7360d94b/element'
[DEBUG] 

Request DefaultHttpRequest(decodeResult: success, version: HTTP/1.1)
POST /session/e4319ff33417cb72591c694d7360d94b/element HTTP/1.1
User-Agent: selenium/4.8.2 (java windows)
Content-Length: 72
Content-Type: application/json; charset=utf-8
host: localhost:31810
accept: */*

Response DefaultHttpResponse(decodeResult: success, version: HTTP/1.1)
HTTP/1.1 200 OK
Content-Length: 95
Content-Type: application/json; charset=utf-8
cache-control: no-cache

[DEBUG] Adding key: http://localhost:31810 for channel [id: 0x17509cba, L:/127.0.0.1:64245 - R:localhost/127.0.0.1:31810]
[DEBUG] Using pooled Channel '[id: 0x17509cba, L:/127.0.0.1:64245 - R:localhost/127.0.0.1:31810]' for 'POST' to 'http://localhost:31810/session/e4319ff33417cb72591c694d7360d94b/element/6FBAD7DE7B2F9C0E72D614848770670F_element_57/click'
[DEBUG] Using open Channel [id: 0x17509cba, L:/127.0.0.1:64245 - R:localhost/127.0.0.1:31810] for POST '/session/e4319ff33417cb72591c694d7360d94b/element/6FBAD7DE7B2F9C0E72D614848770670F_element_57/click'
[DEBUG] 

Request DefaultHttpRequest(decodeResult: success, version: HTTP/1.1)
POST /session/e4319ff33417cb72591c694d7360d94b/element/6FBAD7DE7B2F9C0E72D614848770670F_element_57/click HTTP/1.1
User-Agent: selenium/4.8.2 (java windows)
Content-Length: 57
Content-Type: application/json; charset=utf-8
host: localhost:31810
accept: */*

Response DefaultHttpResponse(decodeResult: success, version: HTTP/1.1)
HTTP/1.1 200 OK
Content-Length: 14
Content-Type: application/json; charset=utf-8
cache-control: no-cache

[DEBUG] Adding key: http://localhost:31810 for channel [id: 0x17509cba, L:/127.0.0.1:64245 - R:localhost/127.0.0.1:31810]
[DEBUG] Using pooled Channel '[id: 0x17509cba, L:/127.0.0.1:64245 - R:localhost/127.0.0.1:31810]' for 'POST' to 'http://localhost:31810/session/e4319ff33417cb72591c694d7360d94b/element'
[DEBUG] Using open Channel [id: 0x17509cba, L:/127.0.0.1:64245 - R:localhost/127.0.0.1:31810] for POST '/session/e4319ff33417cb72591c694d7360d94b/element'
[DEBUG] 

Request DefaultHttpRequest(decodeResult: success, version: HTTP/1.1)
POST /session/e4319ff33417cb72591c694d7360d94b/element HTTP/1.1
User-Agent: selenium/4.8.2 (java windows)
Content-Length: 56
Content-Type: application/json; charset=utf-8
host: localhost:31810
accept: */*

Response DefaultHttpResponse(decodeResult: success, version: HTTP/1.1)
HTTP/1.1 200 OK
Content-Length: 95
Content-Type: application/json; charset=utf-8
cache-control: no-cache

[DEBUG] Adding key: http://localhost:31810 for channel [id: 0x17509cba, L:/127.0.0.1:64245 - R:localhost/127.0.0.1:31810]
[DEBUG] Using pooled Channel '[id: 0x17509cba, L:/127.0.0.1:64245 - R:localhost/127.0.0.1:31810]' for 'GET' to 'http://localhost:31810/session/e4319ff33417cb72591c694d7360d94b/element/6FBAD7DE7B2F9C0E72D614848770670F_element_58/text'
[DEBUG] Using open Channel [id: 0x17509cba, L:/127.0.0.1:64245 - R:localhost/127.0.0.1:31810] for GET '/session/e4319ff33417cb72591c694d7360d94b/element/6FBAD7DE7B2F9C0E72D614848770670F_element_58/text'
[DEBUG] 

Request DefaultFullHttpRequest(decodeResult: success, version: HTTP/1.1, content: EmptyByteBufBE)
GET /session/e4319ff33417cb72591c694d7360d94b/element/6FBAD7DE7B2F9C0E72D614848770670F_element_58/text HTTP/1.1
User-Agent: selenium/4.8.2 (java windows)
Cache-Control: no-cache
Content-Type: application/json; charset=utf-8
host: localhost:31810
accept: */*

Response DefaultHttpResponse(decodeResult: success, version: HTTP/1.1)
HTTP/1.1 200 OK
Content-Length: 12
Content-Type: application/json; charset=utf-8
cache-control: no-cache

[DEBUG] Adding key: http://localhost:31810 for channel [id: 0x17509cba, L:/127.0.0.1:64245 - R:localhost/127.0.0.1:31810]
]]></system-out>
    <system-err><![CDATA[Starting ChromeDriver 113.0.5672.63 (0e1a4471d5ae5bf128b1bd8f4d627c8cbd55f70c-refs/branch-heads/5672@{#912}) on port 31810
Only local connections are allowed.
Please see https://chromedriver.chromium.org/security-considerations for suggestions on keeping ChromeDriver safe.
ChromeDriver was started successfully.
May 30, 2023 7:26:23 PM org.openqa.selenium.devtools.CdpVersionFinder findNearestMatch
WARNING: Unable to find an exact match for CDP version 113, so returning the closest version found: 111
]]></system-err>
  </testcase>
  <testcase name="loginWithValidCredentials[nawshinaniqa@gmail.com, shajlee](4)" classname="com.qa.demoblaze.testcases.DemoBlaze_LoginTest" time="0.363">
    <system-out><![CDATA[[DEBUG] Channel Closed: [id: 0x3f8788c7, L:/127.0.0.1:64252 ! R:localhost/127.0.0.1:64246] with attribute NettyResponseFuture{currentRetry=0,
	isDone=1,
	isCancelled=0,
	asyncHandler=org.asynchttpclient.ws.WebSocketUpgradeHandler@144494e7,
	nettyRequest=org.asynchttpclient.netty.request.NettyRequest@5146180b,
	future=java.util.concurrent.CompletableFuture@287f15f3[Completed normally],
	uri=ws://localhost:64246/devtools/browser/4f5de8ce-4aa8-49ea-949d-03211d929cb6,
	keepAlive=true,
	redirectCount=0,
	timeoutsHolder=null,
	inAuth=0,
	touch=1685499983393}
[DEBUG] Closing Channel [id: 0x3f8788c7, L:/127.0.0.1:64252 ! R:localhost/127.0.0.1:64246] 
[DEBUG] Using pooled Channel '[id: 0x17509cba, L:/127.0.0.1:64245 - R:localhost/127.0.0.1:31810]' for 'DELETE' to 'http://localhost:31810/session/e4319ff33417cb72591c694d7360d94b'
[DEBUG] Using open Channel [id: 0x17509cba, L:/127.0.0.1:64245 - R:localhost/127.0.0.1:31810] for DELETE '/session/e4319ff33417cb72591c694d7360d94b'
[DEBUG] Unexpected I/O exception on channel [id: 0x09739979, L:/127.0.0.1:64251 - R:localhost/127.0.0.1:64246]
java.io.IOException: An existing connection was forcibly closed by the remote host
	at sun.nio.ch.SocketDispatcher.read0(Native Method) ~[na:1.8.0_333]
	at sun.nio.ch.SocketDispatcher.read(SocketDispatcher.java:43) ~[na:1.8.0_333]
	at sun.nio.ch.IOUtil.readIntoNativeBuffer(IOUtil.java:223) ~[na:1.8.0_333]
	at sun.nio.ch.IOUtil.read(IOUtil.java:192) ~[na:1.8.0_333]
	at sun.nio.ch.SocketChannelImpl.read(SocketChannelImpl.java:378) ~[na:1.8.0_333]
	at io.netty.buffer.PooledByteBuf.setBytes(PooledByteBuf.java:256) ~[netty-buffer-4.1.90.Final.jar:4.1.90.Final]
	at io.netty.buffer.AbstractByteBuf.writeBytes(AbstractByteBuf.java:1132) ~[netty-buffer-4.1.90.Final.jar:4.1.90.Final]
	at io.netty.channel.socket.nio.NioSocketChannel.doReadBytes(NioSocketChannel.java:357) ~[netty-transport-4.1.90.Final.jar:4.1.90.Final]
	at io.netty.channel.nio.AbstractNioByteChannel$NioByteUnsafe.read(AbstractNioByteChannel.java:151) ~[netty-transport-4.1.90.Final.jar:4.1.90.Final]
	at io.netty.channel.nio.NioEventLoop.processSelectedKey(NioEventLoop.java:788) [netty-transport-4.1.90.Final.jar:4.1.90.Final]
	at io.netty.channel.nio.NioEventLoop.processSelectedKeysOptimized(NioEventLoop.java:724) [netty-transport-4.1.90.Final.jar:4.1.90.Final]
	at io.netty.channel.nio.NioEventLoop.processSelectedKeys(NioEventLoop.java:650) [netty-transport-4.1.90.Final.jar:4.1.90.Final]
	at io.netty.channel.nio.NioEventLoop.run(NioEventLoop.java:562) [netty-transport-4.1.90.Final.jar:4.1.90.Final]
	at io.netty.util.concurrent.SingleThreadEventExecutor$4.run(SingleThreadEventExecutor.java:997) [netty-common-4.1.90.Final.jar:4.1.90.Final]
	at io.netty.util.internal.ThreadExecutorMap$2.run(ThreadExecutorMap.java:74) [netty-common-4.1.90.Final.jar:4.1.90.Final]
	at io.netty.util.concurrent.FastThreadLocalRunnable.run(FastThreadLocalRunnable.java:30) [netty-common-4.1.90.Final.jar:4.1.90.Final]
	at java.lang.Thread.run(Thread.java:750) [na:1.8.0_333]
[DEBUG] Closing Channel [id: 0x09739979, L:/127.0.0.1:64251 - R:localhost/127.0.0.1:64246] 
[DEBUG] Channel Closed: [id: 0x09739979, L:/127.0.0.1:64251 ! R:localhost/127.0.0.1:64246] with attribute DISCARD
[DEBUG] 

Request DefaultFullHttpRequest(decodeResult: success, version: HTTP/1.1, content: EmptyByteBufBE)
DELETE /session/e4319ff33417cb72591c694d7360d94b HTTP/1.1
User-Agent: selenium/4.8.2 (java windows)
Content-Type: application/json; charset=utf-8
host: localhost:31810
accept: */*

Response DefaultHttpResponse(decodeResult: success, version: HTTP/1.1)
HTTP/1.1 200 OK
Content-Length: 14
Content-Type: application/json; charset=utf-8
cache-control: no-cache

[DEBUG] Adding key: http://localhost:31810 for channel [id: 0x17509cba, L:/127.0.0.1:64245 - R:localhost/127.0.0.1:31810]
[DEBUG] Channel Closed: [id: 0x17509cba, L:/127.0.0.1:64245 ! R:localhost/127.0.0.1:31810] with attribute DISCARD
[DEBUG] Entry count for : http://localhost:31810 : 1
[DEBUG] Entry count for : http://localhost:64246 : 1
[DEBUG] Adding Candidate expired Channel [id: 0x17509cba, L:/127.0.0.1:64245 ! R:localhost/127.0.0.1:31810] isIdleTimeoutExpired=false isRemotelyClosed=true isTtlExpired=false
[DEBUG] Closing Idle Channel [id: 0x17509cba, L:/127.0.0.1:64245 ! R:localhost/127.0.0.1:31810]
[DEBUG] Adding Candidate expired Channel [id: 0x09739979, L:/127.0.0.1:64251 ! R:localhost/127.0.0.1:64246] isIdleTimeoutExpired=false isRemotelyClosed=true isTtlExpired=false
[DEBUG] Closing Idle Channel [id: 0x09739979, L:/127.0.0.1:64251 ! R:localhost/127.0.0.1:64246]
[DEBUG] Closed 2 connections out of 2 in 0 ms
[DEBUG] Using new Channel '[id: 0xdb28415d, L:/127.0.0.1:64262 - R:localhost/127.0.0.1:16238]' for 'POST' to '/session'
[DEBUG] 

Request DefaultHttpRequest(decodeResult: success, version: HTTP/1.1)
POST /session HTTP/1.1
User-Agent: selenium/4.8.2 (java windows)
Content-Length: 489
Content-Type: application/json; charset=utf-8
host: localhost:16238
accept: */*

Response DefaultHttpResponse(decodeResult: success, version: HTTP/1.1)
HTTP/1.1 200 OK
Content-Length: 860
Content-Type: application/json; charset=utf-8
cache-control: no-cache

[DEBUG] Adding key: http://localhost:16238 for channel [id: 0xdb28415d, L:/127.0.0.1:64262 - R:localhost/127.0.0.1:16238]
[DEBUG] Using new Channel '[id: 0xecf80a74, L:/127.0.0.1:64268 - R:localhost/127.0.0.1:64263]' for 'GET' to '/json/version'
[DEBUG] 

Request DefaultFullHttpRequest(decodeResult: success, version: HTTP/1.1, content: EmptyByteBufBE)
GET /json/version HTTP/1.1
User-Agent: selenium/4.8.2 (java windows)
host: localhost:64263
accept: */*

Response DefaultHttpResponse(decodeResult: success, version: HTTP/1.1)
HTTP/1.1 200 OK
Content-Security-Policy: frame-ancestors 'none'
Content-Length: 424
Content-Type: application/json; charset=UTF-8

[DEBUG] Adding key: http://localhost:64263 for channel [id: 0xecf80a74, L:/127.0.0.1:64268 - R:localhost/127.0.0.1:64263]
[DEBUG] Using new Channel '[id: 0x89194428, L:/127.0.0.1:64269 - R:localhost/127.0.0.1:64263]' for 'GET' to '/devtools/browser/b8c573d1-3a93-42c4-b7be-8d675a4d6689'
[DEBUG] 

Request DefaultFullHttpRequest(decodeResult: success, version: HTTP/1.1, content: EmptyByteBufBE)
GET /devtools/browser/b8c573d1-3a93-42c4-b7be-8d675a4d6689 HTTP/1.1
upgrade: websocket
connection: upgrade
sec-websocket-key: Hzzue6l21+fGG34P8t65MQ==
sec-websocket-version: 13
origin: http://localhost:64263
host: localhost:64263
accept: */*
user-agent: AHC/2.1

Response DefaultHttpResponse(decodeResult: success, version: HTTP/1.1)
HTTP/1.1 101 WebSocket Protocol Handshake
Upgrade: WebSocket
Connection: Upgrade
Sec-WebSocket-Accept: dVmiONfAgVdfOc5Aa3jSpEghtSg=

[DEBUG] Using pooled Channel '[id: 0xdb28415d, L:/127.0.0.1:64262 - R:localhost/127.0.0.1:16238]' for 'POST' to 'http://localhost:16238/session/77bd802dbea324267c09687de6d2c020/window/maximize'
[DEBUG] Using open Channel [id: 0xdb28415d, L:/127.0.0.1:64262 - R:localhost/127.0.0.1:16238] for POST '/session/77bd802dbea324267c09687de6d2c020/window/maximize'
[DEBUG] 

Request DefaultHttpRequest(decodeResult: success, version: HTTP/1.1)
POST /session/77bd802dbea324267c09687de6d2c020/window/maximize HTTP/1.1
User-Agent: selenium/4.8.2 (java windows)
Content-Length: 3
Content-Type: application/json; charset=utf-8
host: localhost:16238
accept: */*

Response DefaultHttpResponse(decodeResult: success, version: HTTP/1.1)
HTTP/1.1 200 OK
Content-Length: 51
Content-Type: application/json; charset=utf-8
cache-control: no-cache

[DEBUG] Adding key: http://localhost:16238 for channel [id: 0xdb28415d, L:/127.0.0.1:64262 - R:localhost/127.0.0.1:16238]
[DEBUG] Using pooled Channel '[id: 0xdb28415d, L:/127.0.0.1:64262 - R:localhost/127.0.0.1:16238]' for 'POST' to 'http://localhost:16238/session/77bd802dbea324267c09687de6d2c020/url'
[DEBUG] Using open Channel [id: 0xdb28415d, L:/127.0.0.1:64262 - R:localhost/127.0.0.1:16238] for POST '/session/77bd802dbea324267c09687de6d2c020/url'
[DEBUG] 

Request DefaultHttpRequest(decodeResult: success, version: HTTP/1.1)
POST /session/77bd802dbea324267c09687de6d2c020/url HTTP/1.1
User-Agent: selenium/4.8.2 (java windows)
Content-Length: 74
Content-Type: application/json; charset=utf-8
host: localhost:16238
accept: */*

Response DefaultHttpResponse(decodeResult: success, version: HTTP/1.1)
HTTP/1.1 200 OK
Content-Length: 14
Content-Type: application/json; charset=utf-8
cache-control: no-cache

[DEBUG] Adding key: http://localhost:16238 for channel [id: 0xdb28415d, L:/127.0.0.1:64262 - R:localhost/127.0.0.1:16238]
[DEBUG] Using pooled Channel '[id: 0xdb28415d, L:/127.0.0.1:64262 - R:localhost/127.0.0.1:16238]' for 'POST' to 'http://localhost:16238/session/77bd802dbea324267c09687de6d2c020/timeouts'
[DEBUG] Using open Channel [id: 0xdb28415d, L:/127.0.0.1:64262 - R:localhost/127.0.0.1:16238] for POST '/session/77bd802dbea324267c09687de6d2c020/timeouts'
[DEBUG] 

Request DefaultHttpRequest(decodeResult: success, version: HTTP/1.1)
POST /session/77bd802dbea324267c09687de6d2c020/timeouts HTTP/1.1
User-Agent: selenium/4.8.2 (java windows)
Content-Length: 23
Content-Type: application/json; charset=utf-8
host: localhost:16238
accept: */*

Response DefaultHttpResponse(decodeResult: success, version: HTTP/1.1)
HTTP/1.1 200 OK
Content-Length: 14
Content-Type: application/json; charset=utf-8
cache-control: no-cache

[DEBUG] Adding key: http://localhost:16238 for channel [id: 0xdb28415d, L:/127.0.0.1:64262 - R:localhost/127.0.0.1:16238]
[DEBUG] Using pooled Channel '[id: 0xdb28415d, L:/127.0.0.1:64262 - R:localhost/127.0.0.1:16238]' for 'POST' to 'http://localhost:16238/session/77bd802dbea324267c09687de6d2c020/timeouts'
[DEBUG] Using open Channel [id: 0xdb28415d, L:/127.0.0.1:64262 - R:localhost/127.0.0.1:16238] for POST '/session/77bd802dbea324267c09687de6d2c020/timeouts'
[DEBUG] 

Request DefaultHttpRequest(decodeResult: success, version: HTTP/1.1)
POST /session/77bd802dbea324267c09687de6d2c020/timeouts HTTP/1.1
User-Agent: selenium/4.8.2 (java windows)
Content-Length: 23
Content-Type: application/json; charset=utf-8
host: localhost:16238
accept: */*

Response DefaultHttpResponse(decodeResult: success, version: HTTP/1.1)
HTTP/1.1 200 OK
Content-Length: 14
Content-Type: application/json; charset=utf-8
cache-control: no-cache

[DEBUG] Adding key: http://localhost:16238 for channel [id: 0xdb28415d, L:/127.0.0.1:64262 - R:localhost/127.0.0.1:16238]
[DEBUG] Using pooled Channel '[id: 0xdb28415d, L:/127.0.0.1:64262 - R:localhost/127.0.0.1:16238]' for 'POST' to 'http://localhost:16238/session/77bd802dbea324267c09687de6d2c020/timeouts'
[DEBUG] Using open Channel [id: 0xdb28415d, L:/127.0.0.1:64262 - R:localhost/127.0.0.1:16238] for POST '/session/77bd802dbea324267c09687de6d2c020/timeouts'
[DEBUG] 

Request DefaultHttpRequest(decodeResult: success, version: HTTP/1.1)
POST /session/77bd802dbea324267c09687de6d2c020/timeouts HTTP/1.1
User-Agent: selenium/4.8.2 (java windows)
Content-Length: 22
Content-Type: application/json; charset=utf-8
host: localhost:16238
accept: */*

Response DefaultHttpResponse(decodeResult: success, version: HTTP/1.1)
HTTP/1.1 200 OK
Content-Length: 14
Content-Type: application/json; charset=utf-8
cache-control: no-cache

[DEBUG] Adding key: http://localhost:16238 for channel [id: 0xdb28415d, L:/127.0.0.1:64262 - R:localhost/127.0.0.1:16238]
[DEBUG] Using pooled Channel '[id: 0xdb28415d, L:/127.0.0.1:64262 - R:localhost/127.0.0.1:16238]' for 'POST' to 'http://localhost:16238/session/77bd802dbea324267c09687de6d2c020/element'
[DEBUG] Using open Channel [id: 0xdb28415d, L:/127.0.0.1:64262 - R:localhost/127.0.0.1:16238] for POST '/session/77bd802dbea324267c09687de6d2c020/element'
[DEBUG] Entry count for : http://localhost:64263 : 1
[DEBUG] 

Request DefaultHttpRequest(decodeResult: success, version: HTTP/1.1)
POST /session/77bd802dbea324267c09687de6d2c020/element HTTP/1.1
User-Agent: selenium/4.8.2 (java windows)
Content-Length: 51
Content-Type: application/json; charset=utf-8
host: localhost:16238
accept: */*

Response DefaultHttpResponse(decodeResult: success, version: HTTP/1.1)
HTTP/1.1 200 OK
Content-Length: 95
Content-Type: application/json; charset=utf-8
cache-control: no-cache

[DEBUG] Adding key: http://localhost:16238 for channel [id: 0xdb28415d, L:/127.0.0.1:64262 - R:localhost/127.0.0.1:16238]
[DEBUG] Using pooled Channel '[id: 0xdb28415d, L:/127.0.0.1:64262 - R:localhost/127.0.0.1:16238]' for 'POST' to 'http://localhost:16238/session/77bd802dbea324267c09687de6d2c020/element/F31C14249EFD2E118B6ED305B9CDEBC6_element_41/click'
[DEBUG] Using open Channel [id: 0xdb28415d, L:/127.0.0.1:64262 - R:localhost/127.0.0.1:16238] for POST '/session/77bd802dbea324267c09687de6d2c020/element/F31C14249EFD2E118B6ED305B9CDEBC6_element_41/click'
[DEBUG] 

Request DefaultHttpRequest(decodeResult: success, version: HTTP/1.1)
POST /session/77bd802dbea324267c09687de6d2c020/element/F31C14249EFD2E118B6ED305B9CDEBC6_element_41/click HTTP/1.1
User-Agent: selenium/4.8.2 (java windows)
Content-Length: 57
Content-Type: application/json; charset=utf-8
host: localhost:16238
accept: */*

Response DefaultHttpResponse(decodeResult: success, version: HTTP/1.1)
HTTP/1.1 200 OK
Content-Length: 14
Content-Type: application/json; charset=utf-8
cache-control: no-cache

[DEBUG] Adding key: http://localhost:16238 for channel [id: 0xdb28415d, L:/127.0.0.1:64262 - R:localhost/127.0.0.1:16238]
[DEBUG] Using pooled Channel '[id: 0xdb28415d, L:/127.0.0.1:64262 - R:localhost/127.0.0.1:16238]' for 'POST' to 'http://localhost:16238/session/77bd802dbea324267c09687de6d2c020/element'
[DEBUG] Using open Channel [id: 0xdb28415d, L:/127.0.0.1:64262 - R:localhost/127.0.0.1:16238] for POST '/session/77bd802dbea324267c09687de6d2c020/element'
[DEBUG] 

Request DefaultHttpRequest(decodeResult: success, version: HTTP/1.1)
POST /session/77bd802dbea324267c09687de6d2c020/element HTTP/1.1
User-Agent: selenium/4.8.2 (java windows)
Content-Length: 58
Content-Type: application/json; charset=utf-8
host: localhost:16238
accept: */*

Response DefaultHttpResponse(decodeResult: success, version: HTTP/1.1)
HTTP/1.1 200 OK
Content-Length: 95
Content-Type: application/json; charset=utf-8
cache-control: no-cache

[DEBUG] Adding key: http://localhost:16238 for channel [id: 0xdb28415d, L:/127.0.0.1:64262 - R:localhost/127.0.0.1:16238]
[DEBUG] Using pooled Channel '[id: 0xdb28415d, L:/127.0.0.1:64262 - R:localhost/127.0.0.1:16238]' for 'POST' to 'http://localhost:16238/session/77bd802dbea324267c09687de6d2c020/element/F31C14249EFD2E118B6ED305B9CDEBC6_element_42/value'
[DEBUG] Using open Channel [id: 0xdb28415d, L:/127.0.0.1:64262 - R:localhost/127.0.0.1:16238] for POST '/session/77bd802dbea324267c09687de6d2c020/element/F31C14249EFD2E118B6ED305B9CDEBC6_element_42/value'
[DEBUG] 

Request DefaultHttpRequest(decodeResult: success, version: HTTP/1.1)
POST /session/77bd802dbea324267c09687de6d2c020/element/F31C14249EFD2E118B6ED305B9CDEBC6_element_42/value HTTP/1.1
User-Agent: selenium/4.8.2 (java windows)
Content-Length: 308
Content-Type: application/json; charset=utf-8
host: localhost:16238
accept: */*

Response DefaultHttpResponse(decodeResult: success, version: HTTP/1.1)
HTTP/1.1 200 OK
Content-Length: 14
Content-Type: application/json; charset=utf-8
cache-control: no-cache

[DEBUG] Adding key: http://localhost:16238 for channel [id: 0xdb28415d, L:/127.0.0.1:64262 - R:localhost/127.0.0.1:16238]
[DEBUG] Using pooled Channel '[id: 0xdb28415d, L:/127.0.0.1:64262 - R:localhost/127.0.0.1:16238]' for 'POST' to 'http://localhost:16238/session/77bd802dbea324267c09687de6d2c020/element'
[DEBUG] Using open Channel [id: 0xdb28415d, L:/127.0.0.1:64262 - R:localhost/127.0.0.1:16238] for POST '/session/77bd802dbea324267c09687de6d2c020/element'
[DEBUG] 

Request DefaultHttpRequest(decodeResult: success, version: HTTP/1.1)
POST /session/77bd802dbea324267c09687de6d2c020/element HTTP/1.1
User-Agent: selenium/4.8.2 (java windows)
Content-Length: 58
Content-Type: application/json; charset=utf-8
host: localhost:16238
accept: */*

Response DefaultHttpResponse(decodeResult: success, version: HTTP/1.1)
HTTP/1.1 200 OK
Content-Length: 95
Content-Type: application/json; charset=utf-8
cache-control: no-cache

[DEBUG] Adding key: http://localhost:16238 for channel [id: 0xdb28415d, L:/127.0.0.1:64262 - R:localhost/127.0.0.1:16238]
[DEBUG] Using pooled Channel '[id: 0xdb28415d, L:/127.0.0.1:64262 - R:localhost/127.0.0.1:16238]' for 'POST' to 'http://localhost:16238/session/77bd802dbea324267c09687de6d2c020/element/F31C14249EFD2E118B6ED305B9CDEBC6_element_34/value'
[DEBUG] Using open Channel [id: 0xdb28415d, L:/127.0.0.1:64262 - R:localhost/127.0.0.1:16238] for POST '/session/77bd802dbea324267c09687de6d2c020/element/F31C14249EFD2E118B6ED305B9CDEBC6_element_34/value'
[DEBUG] 

Request DefaultHttpRequest(decodeResult: success, version: HTTP/1.1)
POST /session/77bd802dbea324267c09687de6d2c020/element/F31C14249EFD2E118B6ED305B9CDEBC6_element_34/value HTTP/1.1
User-Agent: selenium/4.8.2 (java windows)
Content-Length: 158
Content-Type: application/json; charset=utf-8
host: localhost:16238
accept: */*

Response DefaultHttpResponse(decodeResult: success, version: HTTP/1.1)
HTTP/1.1 200 OK
Content-Length: 14
Content-Type: application/json; charset=utf-8
cache-control: no-cache

[DEBUG] Adding key: http://localhost:16238 for channel [id: 0xdb28415d, L:/127.0.0.1:64262 - R:localhost/127.0.0.1:16238]
[DEBUG] Using pooled Channel '[id: 0xdb28415d, L:/127.0.0.1:64262 - R:localhost/127.0.0.1:16238]' for 'POST' to 'http://localhost:16238/session/77bd802dbea324267c09687de6d2c020/element'
[DEBUG] Using open Channel [id: 0xdb28415d, L:/127.0.0.1:64262 - R:localhost/127.0.0.1:16238] for POST '/session/77bd802dbea324267c09687de6d2c020/element'
[DEBUG] 

Request DefaultHttpRequest(decodeResult: success, version: HTTP/1.1)
POST /session/77bd802dbea324267c09687de6d2c020/element HTTP/1.1
User-Agent: selenium/4.8.2 (java windows)
Content-Length: 72
Content-Type: application/json; charset=utf-8
host: localhost:16238
accept: */*

Response DefaultHttpResponse(decodeResult: success, version: HTTP/1.1)
HTTP/1.1 200 OK
Content-Length: 95
Content-Type: application/json; charset=utf-8
cache-control: no-cache

[DEBUG] Adding key: http://localhost:16238 for channel [id: 0xdb28415d, L:/127.0.0.1:64262 - R:localhost/127.0.0.1:16238]
[DEBUG] Using pooled Channel '[id: 0xdb28415d, L:/127.0.0.1:64262 - R:localhost/127.0.0.1:16238]' for 'POST' to 'http://localhost:16238/session/77bd802dbea324267c09687de6d2c020/element/F31C14249EFD2E118B6ED305B9CDEBC6_element_58/click'
[DEBUG] Using open Channel [id: 0xdb28415d, L:/127.0.0.1:64262 - R:localhost/127.0.0.1:16238] for POST '/session/77bd802dbea324267c09687de6d2c020/element/F31C14249EFD2E118B6ED305B9CDEBC6_element_58/click'
[DEBUG] 

Request DefaultHttpRequest(decodeResult: success, version: HTTP/1.1)
POST /session/77bd802dbea324267c09687de6d2c020/element/F31C14249EFD2E118B6ED305B9CDEBC6_element_58/click HTTP/1.1
User-Agent: selenium/4.8.2 (java windows)
Content-Length: 57
Content-Type: application/json; charset=utf-8
host: localhost:16238
accept: */*

Response DefaultHttpResponse(decodeResult: success, version: HTTP/1.1)
HTTP/1.1 200 OK
Content-Length: 14
Content-Type: application/json; charset=utf-8
cache-control: no-cache

[DEBUG] Adding key: http://localhost:16238 for channel [id: 0xdb28415d, L:/127.0.0.1:64262 - R:localhost/127.0.0.1:16238]
[DEBUG] Using pooled Channel '[id: 0xdb28415d, L:/127.0.0.1:64262 - R:localhost/127.0.0.1:16238]' for 'POST' to 'http://localhost:16238/session/77bd802dbea324267c09687de6d2c020/element'
[DEBUG] Using open Channel [id: 0xdb28415d, L:/127.0.0.1:64262 - R:localhost/127.0.0.1:16238] for POST '/session/77bd802dbea324267c09687de6d2c020/element'
[DEBUG] 

Request DefaultHttpRequest(decodeResult: success, version: HTTP/1.1)
POST /session/77bd802dbea324267c09687de6d2c020/element HTTP/1.1
User-Agent: selenium/4.8.2 (java windows)
Content-Length: 56
Content-Type: application/json; charset=utf-8
host: localhost:16238
accept: */*

Response DefaultHttpResponse(decodeResult: success, version: HTTP/1.1)
HTTP/1.1 200 OK
Content-Length: 95
Content-Type: application/json; charset=utf-8
cache-control: no-cache

[DEBUG] Adding key: http://localhost:16238 for channel [id: 0xdb28415d, L:/127.0.0.1:64262 - R:localhost/127.0.0.1:16238]
[DEBUG] Using pooled Channel '[id: 0xdb28415d, L:/127.0.0.1:64262 - R:localhost/127.0.0.1:16238]' for 'GET' to 'http://localhost:16238/session/77bd802dbea324267c09687de6d2c020/element/F31C14249EFD2E118B6ED305B9CDEBC6_element_59/text'
[DEBUG] Using open Channel [id: 0xdb28415d, L:/127.0.0.1:64262 - R:localhost/127.0.0.1:16238] for GET '/session/77bd802dbea324267c09687de6d2c020/element/F31C14249EFD2E118B6ED305B9CDEBC6_element_59/text'
[DEBUG] 

Request DefaultFullHttpRequest(decodeResult: success, version: HTTP/1.1, content: EmptyByteBufBE)
GET /session/77bd802dbea324267c09687de6d2c020/element/F31C14249EFD2E118B6ED305B9CDEBC6_element_59/text HTTP/1.1
User-Agent: selenium/4.8.2 (java windows)
Cache-Control: no-cache
Content-Type: application/json; charset=utf-8
host: localhost:16238
accept: */*

Response DefaultHttpResponse(decodeResult: success, version: HTTP/1.1)
HTTP/1.1 200 OK
Content-Length: 12
Content-Type: application/json; charset=utf-8
cache-control: no-cache

[DEBUG] Adding key: http://localhost:16238 for channel [id: 0xdb28415d, L:/127.0.0.1:64262 - R:localhost/127.0.0.1:16238]
]]></system-out>
    <system-err><![CDATA[Starting ChromeDriver 113.0.5672.63 (0e1a4471d5ae5bf128b1bd8f4d627c8cbd55f70c-refs/branch-heads/5672@{#912}) on port 16238
Only local connections are allowed.
Please see https://chromedriver.chromium.org/security-considerations for suggestions on keeping ChromeDriver safe.
ChromeDriver was started successfully.
May 30, 2023 7:26:26 PM org.openqa.selenium.devtools.CdpVersionFinder findNearestMatch
WARNING: Unable to find an exact match for CDP version 113, so returning the closest version found: 111
]]></system-err>
  </testcase>
  <testcase name="loginWithValidCredentials[gkcmono@yahoo.com, shajlee](5)" classname="com.qa.demoblaze.testcases.DemoBlaze_LoginTest" time="0.376">
    <system-out><![CDATA[[DEBUG] Channel Closed: [id: 0x89194428, L:/127.0.0.1:64269 ! R:localhost/127.0.0.1:64263] with attribute NettyResponseFuture{currentRetry=0,
	isDone=1,
	isCancelled=0,
	asyncHandler=org.asynchttpclient.ws.WebSocketUpgradeHandler@7c209523,
	nettyRequest=org.asynchttpclient.netty.request.NettyRequest@392214c3,
	future=java.util.concurrent.CompletableFuture@8395fd2[Completed normally],
	uri=ws://localhost:64263/devtools/browser/b8c573d1-3a93-42c4-b7be-8d675a4d6689,
	keepAlive=true,
	redirectCount=0,
	timeoutsHolder=null,
	inAuth=0,
	touch=1685499986160}
[DEBUG] Closing Channel [id: 0x89194428, L:/127.0.0.1:64269 ! R:localhost/127.0.0.1:64263] 
[DEBUG] Using pooled Channel '[id: 0xdb28415d, L:/127.0.0.1:64262 - R:localhost/127.0.0.1:16238]' for 'DELETE' to 'http://localhost:16238/session/77bd802dbea324267c09687de6d2c020'
[DEBUG] Using open Channel [id: 0xdb28415d, L:/127.0.0.1:64262 - R:localhost/127.0.0.1:16238] for DELETE '/session/77bd802dbea324267c09687de6d2c020'
[DEBUG] Unexpected I/O exception on channel [id: 0xecf80a74, L:/127.0.0.1:64268 - R:localhost/127.0.0.1:64263]
java.io.IOException: An existing connection was forcibly closed by the remote host
	at sun.nio.ch.SocketDispatcher.read0(Native Method) ~[na:1.8.0_333]
	at sun.nio.ch.SocketDispatcher.read(SocketDispatcher.java:43) ~[na:1.8.0_333]
	at sun.nio.ch.IOUtil.readIntoNativeBuffer(IOUtil.java:223) ~[na:1.8.0_333]
	at sun.nio.ch.IOUtil.read(IOUtil.java:192) ~[na:1.8.0_333]
	at sun.nio.ch.SocketChannelImpl.read(SocketChannelImpl.java:378) ~[na:1.8.0_333]
	at io.netty.buffer.PooledByteBuf.setBytes(PooledByteBuf.java:256) ~[netty-buffer-4.1.90.Final.jar:4.1.90.Final]
	at io.netty.buffer.AbstractByteBuf.writeBytes(AbstractByteBuf.java:1132) ~[netty-buffer-4.1.90.Final.jar:4.1.90.Final]
	at io.netty.channel.socket.nio.NioSocketChannel.doReadBytes(NioSocketChannel.java:357) ~[netty-transport-4.1.90.Final.jar:4.1.90.Final]
	at io.netty.channel.nio.AbstractNioByteChannel$NioByteUnsafe.read(AbstractNioByteChannel.java:151) ~[netty-transport-4.1.90.Final.jar:4.1.90.Final]
	at io.netty.channel.nio.NioEventLoop.processSelectedKey(NioEventLoop.java:788) [netty-transport-4.1.90.Final.jar:4.1.90.Final]
	at io.netty.channel.nio.NioEventLoop.processSelectedKeysOptimized(NioEventLoop.java:724) [netty-transport-4.1.90.Final.jar:4.1.90.Final]
	at io.netty.channel.nio.NioEventLoop.processSelectedKeys(NioEventLoop.java:650) [netty-transport-4.1.90.Final.jar:4.1.90.Final]
	at io.netty.channel.nio.NioEventLoop.run(NioEventLoop.java:562) [netty-transport-4.1.90.Final.jar:4.1.90.Final]
	at io.netty.util.concurrent.SingleThreadEventExecutor$4.run(SingleThreadEventExecutor.java:997) [netty-common-4.1.90.Final.jar:4.1.90.Final]
	at io.netty.util.internal.ThreadExecutorMap$2.run(ThreadExecutorMap.java:74) [netty-common-4.1.90.Final.jar:4.1.90.Final]
	at io.netty.util.concurrent.FastThreadLocalRunnable.run(FastThreadLocalRunnable.java:30) [netty-common-4.1.90.Final.jar:4.1.90.Final]
	at java.lang.Thread.run(Thread.java:750) [na:1.8.0_333]
[DEBUG] Closing Channel [id: 0xecf80a74, L:/127.0.0.1:64268 - R:localhost/127.0.0.1:64263] 
[DEBUG] Channel Closed: [id: 0xecf80a74, L:/127.0.0.1:64268 ! R:localhost/127.0.0.1:64263] with attribute DISCARD
[DEBUG] 

Request DefaultFullHttpRequest(decodeResult: success, version: HTTP/1.1, content: EmptyByteBufBE)
DELETE /session/77bd802dbea324267c09687de6d2c020 HTTP/1.1
User-Agent: selenium/4.8.2 (java windows)
Content-Type: application/json; charset=utf-8
host: localhost:16238
accept: */*

Response DefaultHttpResponse(decodeResult: success, version: HTTP/1.1)
HTTP/1.1 200 OK
Content-Length: 14
Content-Type: application/json; charset=utf-8
cache-control: no-cache

[DEBUG] Adding key: http://localhost:16238 for channel [id: 0xdb28415d, L:/127.0.0.1:64262 - R:localhost/127.0.0.1:16238]
[DEBUG] Channel Closed: [id: 0xdb28415d, L:/127.0.0.1:64262 ! R:localhost/127.0.0.1:16238] with attribute DISCARD
[DEBUG] Entry count for : http://localhost:16238 : 1
[DEBUG] Entry count for : http://localhost:64263 : 1
[DEBUG] Adding Candidate expired Channel [id: 0xdb28415d, L:/127.0.0.1:64262 ! R:localhost/127.0.0.1:16238] isIdleTimeoutExpired=false isRemotelyClosed=true isTtlExpired=false
[DEBUG] Closing Idle Channel [id: 0xdb28415d, L:/127.0.0.1:64262 ! R:localhost/127.0.0.1:16238]
[DEBUG] Adding Candidate expired Channel [id: 0xecf80a74, L:/127.0.0.1:64268 ! R:localhost/127.0.0.1:64263] isIdleTimeoutExpired=false isRemotelyClosed=true isTtlExpired=false
[DEBUG] Closing Idle Channel [id: 0xecf80a74, L:/127.0.0.1:64268 ! R:localhost/127.0.0.1:64263]
[DEBUG] Closed 2 connections out of 2 in 0 ms
[DEBUG] Using new Channel '[id: 0x61ef81f4, L:/127.0.0.1:64279 - R:localhost/127.0.0.1:22286]' for 'POST' to '/session'
[DEBUG] 

Request DefaultHttpRequest(decodeResult: success, version: HTTP/1.1)
POST /session HTTP/1.1
User-Agent: selenium/4.8.2 (java windows)
Content-Length: 489
Content-Type: application/json; charset=utf-8
host: localhost:22286
accept: */*

Response DefaultHttpResponse(decodeResult: success, version: HTTP/1.1)
HTTP/1.1 200 OK
Content-Length: 859
Content-Type: application/json; charset=utf-8
cache-control: no-cache

[DEBUG] Adding key: http://localhost:22286 for channel [id: 0x61ef81f4, L:/127.0.0.1:64279 - R:localhost/127.0.0.1:22286]
[DEBUG] Using new Channel '[id: 0x7c9253a1, L:/127.0.0.1:64285 - R:localhost/127.0.0.1:64280]' for 'GET' to '/json/version'
[DEBUG] 

Request DefaultFullHttpRequest(decodeResult: success, version: HTTP/1.1, content: EmptyByteBufBE)
GET /json/version HTTP/1.1
User-Agent: selenium/4.8.2 (java windows)
host: localhost:64280
accept: */*

Response DefaultHttpResponse(decodeResult: success, version: HTTP/1.1)
HTTP/1.1 200 OK
Content-Security-Policy: frame-ancestors 'none'
Content-Length: 424
Content-Type: application/json; charset=UTF-8

[DEBUG] Adding key: http://localhost:64280 for channel [id: 0x7c9253a1, L:/127.0.0.1:64285 - R:localhost/127.0.0.1:64280]
[DEBUG] Using new Channel '[id: 0x030f3846, L:/127.0.0.1:64286 - R:localhost/127.0.0.1:64280]' for 'GET' to '/devtools/browser/d30f5258-67da-44f0-988b-10fb1e00977e'
[DEBUG] 

Request DefaultFullHttpRequest(decodeResult: success, version: HTTP/1.1, content: EmptyByteBufBE)
GET /devtools/browser/d30f5258-67da-44f0-988b-10fb1e00977e HTTP/1.1
upgrade: websocket
connection: upgrade
sec-websocket-key: M7xum+AUU5RWoE22c96X7A==
sec-websocket-version: 13
origin: http://localhost:64280
host: localhost:64280
accept: */*
user-agent: AHC/2.1

Response DefaultHttpResponse(decodeResult: success, version: HTTP/1.1)
HTTP/1.1 101 WebSocket Protocol Handshake
Upgrade: WebSocket
Connection: Upgrade
Sec-WebSocket-Accept: YyZekVDplveW0pMQCPfJ+3GJzbI=

[DEBUG] Using pooled Channel '[id: 0x61ef81f4, L:/127.0.0.1:64279 - R:localhost/127.0.0.1:22286]' for 'POST' to 'http://localhost:22286/session/a9f72a8b70db3239ba725ae81c0079a0/window/maximize'
[DEBUG] Using open Channel [id: 0x61ef81f4, L:/127.0.0.1:64279 - R:localhost/127.0.0.1:22286] for POST '/session/a9f72a8b70db3239ba725ae81c0079a0/window/maximize'
[DEBUG] 

Request DefaultHttpRequest(decodeResult: success, version: HTTP/1.1)
POST /session/a9f72a8b70db3239ba725ae81c0079a0/window/maximize HTTP/1.1
User-Agent: selenium/4.8.2 (java windows)
Content-Length: 3
Content-Type: application/json; charset=utf-8
host: localhost:22286
accept: */*

Response DefaultHttpResponse(decodeResult: success, version: HTTP/1.1)
HTTP/1.1 200 OK
Content-Length: 51
Content-Type: application/json; charset=utf-8
cache-control: no-cache

[DEBUG] Adding key: http://localhost:22286 for channel [id: 0x61ef81f4, L:/127.0.0.1:64279 - R:localhost/127.0.0.1:22286]
[DEBUG] Using pooled Channel '[id: 0x61ef81f4, L:/127.0.0.1:64279 - R:localhost/127.0.0.1:22286]' for 'POST' to 'http://localhost:22286/session/a9f72a8b70db3239ba725ae81c0079a0/url'
[DEBUG] Using open Channel [id: 0x61ef81f4, L:/127.0.0.1:64279 - R:localhost/127.0.0.1:22286] for POST '/session/a9f72a8b70db3239ba725ae81c0079a0/url'
[DEBUG] Entry count for : http://localhost:64280 : 1
[DEBUG] 

Request DefaultHttpRequest(decodeResult: success, version: HTTP/1.1)
POST /session/a9f72a8b70db3239ba725ae81c0079a0/url HTTP/1.1
User-Agent: selenium/4.8.2 (java windows)
Content-Length: 74
Content-Type: application/json; charset=utf-8
host: localhost:22286
accept: */*

Response DefaultHttpResponse(decodeResult: success, version: HTTP/1.1)
HTTP/1.1 200 OK
Content-Length: 14
Content-Type: application/json; charset=utf-8
cache-control: no-cache

[DEBUG] Adding key: http://localhost:22286 for channel [id: 0x61ef81f4, L:/127.0.0.1:64279 - R:localhost/127.0.0.1:22286]
[DEBUG] Using pooled Channel '[id: 0x61ef81f4, L:/127.0.0.1:64279 - R:localhost/127.0.0.1:22286]' for 'POST' to 'http://localhost:22286/session/a9f72a8b70db3239ba725ae81c0079a0/timeouts'
[DEBUG] Using open Channel [id: 0x61ef81f4, L:/127.0.0.1:64279 - R:localhost/127.0.0.1:22286] for POST '/session/a9f72a8b70db3239ba725ae81c0079a0/timeouts'
[DEBUG] 

Request DefaultHttpRequest(decodeResult: success, version: HTTP/1.1)
POST /session/a9f72a8b70db3239ba725ae81c0079a0/timeouts HTTP/1.1
User-Agent: selenium/4.8.2 (java windows)
Content-Length: 23
Content-Type: application/json; charset=utf-8
host: localhost:22286
accept: */*

Response DefaultHttpResponse(decodeResult: success, version: HTTP/1.1)
HTTP/1.1 200 OK
Content-Length: 14
Content-Type: application/json; charset=utf-8
cache-control: no-cache

[DEBUG] Adding key: http://localhost:22286 for channel [id: 0x61ef81f4, L:/127.0.0.1:64279 - R:localhost/127.0.0.1:22286]
[DEBUG] Using pooled Channel '[id: 0x61ef81f4, L:/127.0.0.1:64279 - R:localhost/127.0.0.1:22286]' for 'POST' to 'http://localhost:22286/session/a9f72a8b70db3239ba725ae81c0079a0/timeouts'
[DEBUG] Using open Channel [id: 0x61ef81f4, L:/127.0.0.1:64279 - R:localhost/127.0.0.1:22286] for POST '/session/a9f72a8b70db3239ba725ae81c0079a0/timeouts'
[DEBUG] 

Request DefaultHttpRequest(decodeResult: success, version: HTTP/1.1)
POST /session/a9f72a8b70db3239ba725ae81c0079a0/timeouts HTTP/1.1
User-Agent: selenium/4.8.2 (java windows)
Content-Length: 23
Content-Type: application/json; charset=utf-8
host: localhost:22286
accept: */*

Response DefaultHttpResponse(decodeResult: success, version: HTTP/1.1)
HTTP/1.1 200 OK
Content-Length: 14
Content-Type: application/json; charset=utf-8
cache-control: no-cache

[DEBUG] Adding key: http://localhost:22286 for channel [id: 0x61ef81f4, L:/127.0.0.1:64279 - R:localhost/127.0.0.1:22286]
[DEBUG] Using pooled Channel '[id: 0x61ef81f4, L:/127.0.0.1:64279 - R:localhost/127.0.0.1:22286]' for 'POST' to 'http://localhost:22286/session/a9f72a8b70db3239ba725ae81c0079a0/timeouts'
[DEBUG] Using open Channel [id: 0x61ef81f4, L:/127.0.0.1:64279 - R:localhost/127.0.0.1:22286] for POST '/session/a9f72a8b70db3239ba725ae81c0079a0/timeouts'
[DEBUG] 

Request DefaultHttpRequest(decodeResult: success, version: HTTP/1.1)
POST /session/a9f72a8b70db3239ba725ae81c0079a0/timeouts HTTP/1.1
User-Agent: selenium/4.8.2 (java windows)
Content-Length: 22
Content-Type: application/json; charset=utf-8
host: localhost:22286
accept: */*

Response DefaultHttpResponse(decodeResult: success, version: HTTP/1.1)
HTTP/1.1 200 OK
Content-Length: 14
Content-Type: application/json; charset=utf-8
cache-control: no-cache

[DEBUG] Adding key: http://localhost:22286 for channel [id: 0x61ef81f4, L:/127.0.0.1:64279 - R:localhost/127.0.0.1:22286]
[DEBUG] Using pooled Channel '[id: 0x61ef81f4, L:/127.0.0.1:64279 - R:localhost/127.0.0.1:22286]' for 'POST' to 'http://localhost:22286/session/a9f72a8b70db3239ba725ae81c0079a0/element'
[DEBUG] Using open Channel [id: 0x61ef81f4, L:/127.0.0.1:64279 - R:localhost/127.0.0.1:22286] for POST '/session/a9f72a8b70db3239ba725ae81c0079a0/element'
[DEBUG] 

Request DefaultHttpRequest(decodeResult: success, version: HTTP/1.1)
POST /session/a9f72a8b70db3239ba725ae81c0079a0/element HTTP/1.1
User-Agent: selenium/4.8.2 (java windows)
Content-Length: 51
Content-Type: application/json; charset=utf-8
host: localhost:22286
accept: */*

Response DefaultHttpResponse(decodeResult: success, version: HTTP/1.1)
HTTP/1.1 200 OK
Content-Length: 95
Content-Type: application/json; charset=utf-8
cache-control: no-cache

[DEBUG] Adding key: http://localhost:22286 for channel [id: 0x61ef81f4, L:/127.0.0.1:64279 - R:localhost/127.0.0.1:22286]
[DEBUG] Using pooled Channel '[id: 0x61ef81f4, L:/127.0.0.1:64279 - R:localhost/127.0.0.1:22286]' for 'POST' to 'http://localhost:22286/session/a9f72a8b70db3239ba725ae81c0079a0/element/61F7982E953BD8F08C00CAA8BCD7B1D8_element_41/click'
[DEBUG] Using open Channel [id: 0x61ef81f4, L:/127.0.0.1:64279 - R:localhost/127.0.0.1:22286] for POST '/session/a9f72a8b70db3239ba725ae81c0079a0/element/61F7982E953BD8F08C00CAA8BCD7B1D8_element_41/click'
[DEBUG] 

Request DefaultHttpRequest(decodeResult: success, version: HTTP/1.1)
POST /session/a9f72a8b70db3239ba725ae81c0079a0/element/61F7982E953BD8F08C00CAA8BCD7B1D8_element_41/click HTTP/1.1
User-Agent: selenium/4.8.2 (java windows)
Content-Length: 57
Content-Type: application/json; charset=utf-8
host: localhost:22286
accept: */*

Response DefaultHttpResponse(decodeResult: success, version: HTTP/1.1)
HTTP/1.1 200 OK
Content-Length: 14
Content-Type: application/json; charset=utf-8
cache-control: no-cache

[DEBUG] Adding key: http://localhost:22286 for channel [id: 0x61ef81f4, L:/127.0.0.1:64279 - R:localhost/127.0.0.1:22286]
[DEBUG] Using pooled Channel '[id: 0x61ef81f4, L:/127.0.0.1:64279 - R:localhost/127.0.0.1:22286]' for 'POST' to 'http://localhost:22286/session/a9f72a8b70db3239ba725ae81c0079a0/element'
[DEBUG] Using open Channel [id: 0x61ef81f4, L:/127.0.0.1:64279 - R:localhost/127.0.0.1:22286] for POST '/session/a9f72a8b70db3239ba725ae81c0079a0/element'
[DEBUG] 

Request DefaultHttpRequest(decodeResult: success, version: HTTP/1.1)
POST /session/a9f72a8b70db3239ba725ae81c0079a0/element HTTP/1.1
User-Agent: selenium/4.8.2 (java windows)
Content-Length: 58
Content-Type: application/json; charset=utf-8
host: localhost:22286
accept: */*

Response DefaultHttpResponse(decodeResult: success, version: HTTP/1.1)
HTTP/1.1 200 OK
Content-Length: 95
Content-Type: application/json; charset=utf-8
cache-control: no-cache

[DEBUG] Adding key: http://localhost:22286 for channel [id: 0x61ef81f4, L:/127.0.0.1:64279 - R:localhost/127.0.0.1:22286]
[DEBUG] Using pooled Channel '[id: 0x61ef81f4, L:/127.0.0.1:64279 - R:localhost/127.0.0.1:22286]' for 'POST' to 'http://localhost:22286/session/a9f72a8b70db3239ba725ae81c0079a0/element/61F7982E953BD8F08C00CAA8BCD7B1D8_element_42/value'
[DEBUG] Using open Channel [id: 0x61ef81f4, L:/127.0.0.1:64279 - R:localhost/127.0.0.1:22286] for POST '/session/a9f72a8b70db3239ba725ae81c0079a0/element/61F7982E953BD8F08C00CAA8BCD7B1D8_element_42/value'
[DEBUG] 

Request DefaultHttpRequest(decodeResult: success, version: HTTP/1.1)
POST /session/a9f72a8b70db3239ba725ae81c0079a0/element/61F7982E953BD8F08C00CAA8BCD7B1D8_element_42/value HTTP/1.1
User-Agent: selenium/4.8.2 (java windows)
Content-Length: 258
Content-Type: application/json; charset=utf-8
host: localhost:22286
accept: */*

Response DefaultHttpResponse(decodeResult: success, version: HTTP/1.1)
HTTP/1.1 200 OK
Content-Length: 14
Content-Type: application/json; charset=utf-8
cache-control: no-cache

[DEBUG] Adding key: http://localhost:22286 for channel [id: 0x61ef81f4, L:/127.0.0.1:64279 - R:localhost/127.0.0.1:22286]
[DEBUG] Using pooled Channel '[id: 0x61ef81f4, L:/127.0.0.1:64279 - R:localhost/127.0.0.1:22286]' for 'POST' to 'http://localhost:22286/session/a9f72a8b70db3239ba725ae81c0079a0/element'
[DEBUG] Using open Channel [id: 0x61ef81f4, L:/127.0.0.1:64279 - R:localhost/127.0.0.1:22286] for POST '/session/a9f72a8b70db3239ba725ae81c0079a0/element'
[DEBUG] 

Request DefaultHttpRequest(decodeResult: success, version: HTTP/1.1)
POST /session/a9f72a8b70db3239ba725ae81c0079a0/element HTTP/1.1
User-Agent: selenium/4.8.2 (java windows)
Content-Length: 58
Content-Type: application/json; charset=utf-8
host: localhost:22286
accept: */*

Response DefaultHttpResponse(decodeResult: success, version: HTTP/1.1)
HTTP/1.1 200 OK
Content-Length: 95
Content-Type: application/json; charset=utf-8
cache-control: no-cache

[DEBUG] Adding key: http://localhost:22286 for channel [id: 0x61ef81f4, L:/127.0.0.1:64279 - R:localhost/127.0.0.1:22286]
[DEBUG] Using pooled Channel '[id: 0x61ef81f4, L:/127.0.0.1:64279 - R:localhost/127.0.0.1:22286]' for 'POST' to 'http://localhost:22286/session/a9f72a8b70db3239ba725ae81c0079a0/element/61F7982E953BD8F08C00CAA8BCD7B1D8_element_34/value'
[DEBUG] Using open Channel [id: 0x61ef81f4, L:/127.0.0.1:64279 - R:localhost/127.0.0.1:22286] for POST '/session/a9f72a8b70db3239ba725ae81c0079a0/element/61F7982E953BD8F08C00CAA8BCD7B1D8_element_34/value'
[DEBUG] 

Request DefaultHttpRequest(decodeResult: success, version: HTTP/1.1)
POST /session/a9f72a8b70db3239ba725ae81c0079a0/element/61F7982E953BD8F08C00CAA8BCD7B1D8_element_34/value HTTP/1.1
User-Agent: selenium/4.8.2 (java windows)
Content-Length: 158
Content-Type: application/json; charset=utf-8
host: localhost:22286
accept: */*

Response DefaultHttpResponse(decodeResult: success, version: HTTP/1.1)
HTTP/1.1 200 OK
Content-Length: 14
Content-Type: application/json; charset=utf-8
cache-control: no-cache

[DEBUG] Adding key: http://localhost:22286 for channel [id: 0x61ef81f4, L:/127.0.0.1:64279 - R:localhost/127.0.0.1:22286]
[DEBUG] Using pooled Channel '[id: 0x61ef81f4, L:/127.0.0.1:64279 - R:localhost/127.0.0.1:22286]' for 'POST' to 'http://localhost:22286/session/a9f72a8b70db3239ba725ae81c0079a0/element'
[DEBUG] Using open Channel [id: 0x61ef81f4, L:/127.0.0.1:64279 - R:localhost/127.0.0.1:22286] for POST '/session/a9f72a8b70db3239ba725ae81c0079a0/element'
[DEBUG] 

Request DefaultHttpRequest(decodeResult: success, version: HTTP/1.1)
POST /session/a9f72a8b70db3239ba725ae81c0079a0/element HTTP/1.1
User-Agent: selenium/4.8.2 (java windows)
Content-Length: 72
Content-Type: application/json; charset=utf-8
host: localhost:22286
accept: */*

Response DefaultHttpResponse(decodeResult: success, version: HTTP/1.1)
HTTP/1.1 200 OK
Content-Length: 95
Content-Type: application/json; charset=utf-8
cache-control: no-cache

[DEBUG] Adding key: http://localhost:22286 for channel [id: 0x61ef81f4, L:/127.0.0.1:64279 - R:localhost/127.0.0.1:22286]
[DEBUG] Using pooled Channel '[id: 0x61ef81f4, L:/127.0.0.1:64279 - R:localhost/127.0.0.1:22286]' for 'POST' to 'http://localhost:22286/session/a9f72a8b70db3239ba725ae81c0079a0/element/61F7982E953BD8F08C00CAA8BCD7B1D8_element_59/click'
[DEBUG] Using open Channel [id: 0x61ef81f4, L:/127.0.0.1:64279 - R:localhost/127.0.0.1:22286] for POST '/session/a9f72a8b70db3239ba725ae81c0079a0/element/61F7982E953BD8F08C00CAA8BCD7B1D8_element_59/click'
[DEBUG] 

Request DefaultHttpRequest(decodeResult: success, version: HTTP/1.1)
POST /session/a9f72a8b70db3239ba725ae81c0079a0/element/61F7982E953BD8F08C00CAA8BCD7B1D8_element_59/click HTTP/1.1
User-Agent: selenium/4.8.2 (java windows)
Content-Length: 57
Content-Type: application/json; charset=utf-8
host: localhost:22286
accept: */*

Response DefaultHttpResponse(decodeResult: success, version: HTTP/1.1)
HTTP/1.1 200 OK
Content-Length: 14
Content-Type: application/json; charset=utf-8
cache-control: no-cache

[DEBUG] Adding key: http://localhost:22286 for channel [id: 0x61ef81f4, L:/127.0.0.1:64279 - R:localhost/127.0.0.1:22286]
[DEBUG] Using pooled Channel '[id: 0x61ef81f4, L:/127.0.0.1:64279 - R:localhost/127.0.0.1:22286]' for 'POST' to 'http://localhost:22286/session/a9f72a8b70db3239ba725ae81c0079a0/element'
[DEBUG] Using open Channel [id: 0x61ef81f4, L:/127.0.0.1:64279 - R:localhost/127.0.0.1:22286] for POST '/session/a9f72a8b70db3239ba725ae81c0079a0/element'
[DEBUG] 

Request DefaultHttpRequest(decodeResult: success, version: HTTP/1.1)
POST /session/a9f72a8b70db3239ba725ae81c0079a0/element HTTP/1.1
User-Agent: selenium/4.8.2 (java windows)
Content-Length: 56
Content-Type: application/json; charset=utf-8
host: localhost:22286
accept: */*

Response DefaultHttpResponse(decodeResult: success, version: HTTP/1.1)
HTTP/1.1 200 OK
Content-Length: 95
Content-Type: application/json; charset=utf-8
cache-control: no-cache

[DEBUG] Adding key: http://localhost:22286 for channel [id: 0x61ef81f4, L:/127.0.0.1:64279 - R:localhost/127.0.0.1:22286]
[DEBUG] Using pooled Channel '[id: 0x61ef81f4, L:/127.0.0.1:64279 - R:localhost/127.0.0.1:22286]' for 'GET' to 'http://localhost:22286/session/a9f72a8b70db3239ba725ae81c0079a0/element/61F7982E953BD8F08C00CAA8BCD7B1D8_element_60/text'
[DEBUG] Using open Channel [id: 0x61ef81f4, L:/127.0.0.1:64279 - R:localhost/127.0.0.1:22286] for GET '/session/a9f72a8b70db3239ba725ae81c0079a0/element/61F7982E953BD8F08C00CAA8BCD7B1D8_element_60/text'
[DEBUG] 

Request DefaultFullHttpRequest(decodeResult: success, version: HTTP/1.1, content: EmptyByteBufBE)
GET /session/a9f72a8b70db3239ba725ae81c0079a0/element/61F7982E953BD8F08C00CAA8BCD7B1D8_element_60/text HTTP/1.1
User-Agent: selenium/4.8.2 (java windows)
Cache-Control: no-cache
Content-Type: application/json; charset=utf-8
host: localhost:22286
accept: */*

Response DefaultHttpResponse(decodeResult: success, version: HTTP/1.1)
HTTP/1.1 200 OK
Content-Length: 12
Content-Type: application/json; charset=utf-8
cache-control: no-cache

[DEBUG] Adding key: http://localhost:22286 for channel [id: 0x61ef81f4, L:/127.0.0.1:64279 - R:localhost/127.0.0.1:22286]
]]></system-out>
    <system-err><![CDATA[Starting ChromeDriver 113.0.5672.63 (0e1a4471d5ae5bf128b1bd8f4d627c8cbd55f70c-refs/branch-heads/5672@{#912}) on port 22286
Only local connections are allowed.
Please see https://chromedriver.chromium.org/security-considerations for suggestions on keeping ChromeDriver safe.
ChromeDriver was started successfully.
May 30, 2023 7:26:28 PM org.openqa.selenium.devtools.CdpVersionFinder findNearestMatch
WARNING: Unable to find an exact match for CDP version 113, so returning the closest version found: 111
]]></system-err>
  </testcase>
  <testcase name="provideSignUpCredentials" classname="com.qa.demoblaze.testcases.DemoBlaze_SignUpTest" time="2.497">
    <system-out><![CDATA[[DEBUG] Channel Closed: [id: 0x030f3846, L:/127.0.0.1:64286 ! R:localhost/127.0.0.1:64280] with attribute NettyResponseFuture{currentRetry=0,
	isDone=1,
	isCancelled=0,
	asyncHandler=org.asynchttpclient.ws.WebSocketUpgradeHandler@376ae0bd,
	nettyRequest=org.asynchttpclient.netty.request.NettyRequest@af4a98e,
	future=java.util.concurrent.CompletableFuture@174408d2[Completed normally],
	uri=ws://localhost:64280/devtools/browser/d30f5258-67da-44f0-988b-10fb1e00977e,
	keepAlive=true,
	redirectCount=0,
	timeoutsHolder=null,
	inAuth=0,
	touch=1685499988969}
[DEBUG] Closing Channel [id: 0x030f3846, L:/127.0.0.1:64286 ! R:localhost/127.0.0.1:64280] 
[DEBUG] Using pooled Channel '[id: 0x61ef81f4, L:/127.0.0.1:64279 - R:localhost/127.0.0.1:22286]' for 'DELETE' to 'http://localhost:22286/session/a9f72a8b70db3239ba725ae81c0079a0'
[DEBUG] Using open Channel [id: 0x61ef81f4, L:/127.0.0.1:64279 - R:localhost/127.0.0.1:22286] for DELETE '/session/a9f72a8b70db3239ba725ae81c0079a0'
[DEBUG] Unexpected I/O exception on channel [id: 0x7c9253a1, L:/127.0.0.1:64285 - R:localhost/127.0.0.1:64280]
java.io.IOException: An existing connection was forcibly closed by the remote host
	at sun.nio.ch.SocketDispatcher.read0(Native Method) ~[na:1.8.0_333]
	at sun.nio.ch.SocketDispatcher.read(SocketDispatcher.java:43) ~[na:1.8.0_333]
	at sun.nio.ch.IOUtil.readIntoNativeBuffer(IOUtil.java:223) ~[na:1.8.0_333]
	at sun.nio.ch.IOUtil.read(IOUtil.java:192) ~[na:1.8.0_333]
	at sun.nio.ch.SocketChannelImpl.read(SocketChannelImpl.java:378) ~[na:1.8.0_333]
	at io.netty.buffer.PooledByteBuf.setBytes(PooledByteBuf.java:256) ~[netty-buffer-4.1.90.Final.jar:4.1.90.Final]
	at io.netty.buffer.AbstractByteBuf.writeBytes(AbstractByteBuf.java:1132) ~[netty-buffer-4.1.90.Final.jar:4.1.90.Final]
	at io.netty.channel.socket.nio.NioSocketChannel.doReadBytes(NioSocketChannel.java:357) ~[netty-transport-4.1.90.Final.jar:4.1.90.Final]
	at io.netty.channel.nio.AbstractNioByteChannel$NioByteUnsafe.read(AbstractNioByteChannel.java:151) ~[netty-transport-4.1.90.Final.jar:4.1.90.Final]
	at io.netty.channel.nio.NioEventLoop.processSelectedKey(NioEventLoop.java:788) [netty-transport-4.1.90.Final.jar:4.1.90.Final]
	at io.netty.channel.nio.NioEventLoop.processSelectedKeysOptimized(NioEventLoop.java:724) [netty-transport-4.1.90.Final.jar:4.1.90.Final]
	at io.netty.channel.nio.NioEventLoop.processSelectedKeys(NioEventLoop.java:650) [netty-transport-4.1.90.Final.jar:4.1.90.Final]
	at io.netty.channel.nio.NioEventLoop.run(NioEventLoop.java:562) [netty-transport-4.1.90.Final.jar:4.1.90.Final]
	at io.netty.util.concurrent.SingleThreadEventExecutor$4.run(SingleThreadEventExecutor.java:997) [netty-common-4.1.90.Final.jar:4.1.90.Final]
	at io.netty.util.internal.ThreadExecutorMap$2.run(ThreadExecutorMap.java:74) [netty-common-4.1.90.Final.jar:4.1.90.Final]
	at io.netty.util.concurrent.FastThreadLocalRunnable.run(FastThreadLocalRunnable.java:30) [netty-common-4.1.90.Final.jar:4.1.90.Final]
	at java.lang.Thread.run(Thread.java:750) [na:1.8.0_333]
[DEBUG] Closing Channel [id: 0x7c9253a1, L:/127.0.0.1:64285 - R:localhost/127.0.0.1:64280] 
[DEBUG] Channel Closed: [id: 0x7c9253a1, L:/127.0.0.1:64285 ! R:localhost/127.0.0.1:64280] with attribute DISCARD
[DEBUG] 

Request DefaultFullHttpRequest(decodeResult: success, version: HTTP/1.1, content: EmptyByteBufBE)
DELETE /session/a9f72a8b70db3239ba725ae81c0079a0 HTTP/1.1
User-Agent: selenium/4.8.2 (java windows)
Content-Type: application/json; charset=utf-8
host: localhost:22286
accept: */*

Response DefaultHttpResponse(decodeResult: success, version: HTTP/1.1)
HTTP/1.1 200 OK
Content-Length: 14
Content-Type: application/json; charset=utf-8
cache-control: no-cache

[DEBUG] Adding key: http://localhost:22286 for channel [id: 0x61ef81f4, L:/127.0.0.1:64279 - R:localhost/127.0.0.1:22286]
[DEBUG] Channel Closed: [id: 0x61ef81f4, L:/127.0.0.1:64279 ! R:localhost/127.0.0.1:22286] with attribute DISCARD
[DEBUG] Entry count for : http://localhost:22286 : 1
[DEBUG] Entry count for : http://localhost:64280 : 1
[DEBUG] Adding Candidate expired Channel [id: 0x61ef81f4, L:/127.0.0.1:64279 ! R:localhost/127.0.0.1:22286] isIdleTimeoutExpired=false isRemotelyClosed=true isTtlExpired=false
[DEBUG] Closing Idle Channel [id: 0x61ef81f4, L:/127.0.0.1:64279 ! R:localhost/127.0.0.1:22286]
[DEBUG] Adding Candidate expired Channel [id: 0x7c9253a1, L:/127.0.0.1:64285 ! R:localhost/127.0.0.1:64280] isIdleTimeoutExpired=false isRemotelyClosed=true isTtlExpired=false
[DEBUG] Closing Idle Channel [id: 0x7c9253a1, L:/127.0.0.1:64285 ! R:localhost/127.0.0.1:64280]
[DEBUG] Closed 2 connections out of 2 in 0 ms
[DEBUG] Using new Channel '[id: 0x4919ec2c, L:/127.0.0.1:64296 - R:localhost/127.0.0.1:4995]' for 'POST' to '/session'
[DEBUG] 

Request DefaultHttpRequest(decodeResult: success, version: HTTP/1.1)
POST /session HTTP/1.1
User-Agent: selenium/4.8.2 (java windows)
Content-Length: 489
Content-Type: application/json; charset=utf-8
host: localhost:4995
accept: */*

Response DefaultHttpResponse(decodeResult: success, version: HTTP/1.1)
HTTP/1.1 200 OK
Content-Length: 859
Content-Type: application/json; charset=utf-8
cache-control: no-cache

[DEBUG] Adding key: http://localhost:4995 for channel [id: 0x4919ec2c, L:/127.0.0.1:64296 - R:localhost/127.0.0.1:4995]
[DEBUG] Using new Channel '[id: 0x73f3ed4b, L:/127.0.0.1:64302 - R:localhost/127.0.0.1:64297]' for 'GET' to '/json/version'
[DEBUG] 

Request DefaultFullHttpRequest(decodeResult: success, version: HTTP/1.1, content: EmptyByteBufBE)
GET /json/version HTTP/1.1
User-Agent: selenium/4.8.2 (java windows)
host: localhost:64297
accept: */*

Response DefaultHttpResponse(decodeResult: success, version: HTTP/1.1)
HTTP/1.1 200 OK
Content-Security-Policy: frame-ancestors 'none'
Content-Length: 424
Content-Type: application/json; charset=UTF-8

[DEBUG] Adding key: http://localhost:64297 for channel [id: 0x73f3ed4b, L:/127.0.0.1:64302 - R:localhost/127.0.0.1:64297]
[DEBUG] Using new Channel '[id: 0x705795ba, L:/127.0.0.1:64303 - R:localhost/127.0.0.1:64297]' for 'GET' to '/devtools/browser/701d055e-855a-4cbe-bb4d-88267b638d2d'
[DEBUG] 

Request DefaultFullHttpRequest(decodeResult: success, version: HTTP/1.1, content: EmptyByteBufBE)
GET /devtools/browser/701d055e-855a-4cbe-bb4d-88267b638d2d HTTP/1.1
upgrade: websocket
connection: upgrade
sec-websocket-key: VuDqCxCRCGZuQNYXs1mHwQ==
sec-websocket-version: 13
origin: http://localhost:64297
host: localhost:64297
accept: */*
user-agent: AHC/2.1

Response DefaultHttpResponse(decodeResult: success, version: HTTP/1.1)
HTTP/1.1 101 WebSocket Protocol Handshake
Upgrade: WebSocket
Connection: Upgrade
Sec-WebSocket-Accept: 4nU1yc918d1WmMXxbfDxVRuAZoE=

[DEBUG] Using pooled Channel '[id: 0x4919ec2c, L:/127.0.0.1:64296 - R:localhost/127.0.0.1:4995]' for 'POST' to 'http://localhost:4995/session/1805ac9561b4130fc9728f2b9e9d86e8/window/maximize'
[DEBUG] Using open Channel [id: 0x4919ec2c, L:/127.0.0.1:64296 - R:localhost/127.0.0.1:4995] for POST '/session/1805ac9561b4130fc9728f2b9e9d86e8/window/maximize'
[DEBUG] 

Request DefaultHttpRequest(decodeResult: success, version: HTTP/1.1)
POST /session/1805ac9561b4130fc9728f2b9e9d86e8/window/maximize HTTP/1.1
User-Agent: selenium/4.8.2 (java windows)
Content-Length: 3
Content-Type: application/json; charset=utf-8
host: localhost:4995
accept: */*

Response DefaultHttpResponse(decodeResult: success, version: HTTP/1.1)
HTTP/1.1 200 OK
Content-Length: 51
Content-Type: application/json; charset=utf-8
cache-control: no-cache

[DEBUG] Adding key: http://localhost:4995 for channel [id: 0x4919ec2c, L:/127.0.0.1:64296 - R:localhost/127.0.0.1:4995]
[DEBUG] Using pooled Channel '[id: 0x4919ec2c, L:/127.0.0.1:64296 - R:localhost/127.0.0.1:4995]' for 'POST' to 'http://localhost:4995/session/1805ac9561b4130fc9728f2b9e9d86e8/url'
[DEBUG] Using open Channel [id: 0x4919ec2c, L:/127.0.0.1:64296 - R:localhost/127.0.0.1:4995] for POST '/session/1805ac9561b4130fc9728f2b9e9d86e8/url'
[DEBUG] 

Request DefaultHttpRequest(decodeResult: success, version: HTTP/1.1)
POST /session/1805ac9561b4130fc9728f2b9e9d86e8/url HTTP/1.1
User-Agent: selenium/4.8.2 (java windows)
Content-Length: 74
Content-Type: application/json; charset=utf-8
host: localhost:4995
accept: */*

Response DefaultHttpResponse(decodeResult: success, version: HTTP/1.1)
HTTP/1.1 200 OK
Content-Length: 14
Content-Type: application/json; charset=utf-8
cache-control: no-cache

[DEBUG] Adding key: http://localhost:4995 for channel [id: 0x4919ec2c, L:/127.0.0.1:64296 - R:localhost/127.0.0.1:4995]
[DEBUG] Using pooled Channel '[id: 0x4919ec2c, L:/127.0.0.1:64296 - R:localhost/127.0.0.1:4995]' for 'POST' to 'http://localhost:4995/session/1805ac9561b4130fc9728f2b9e9d86e8/timeouts'
[DEBUG] Using open Channel [id: 0x4919ec2c, L:/127.0.0.1:64296 - R:localhost/127.0.0.1:4995] for POST '/session/1805ac9561b4130fc9728f2b9e9d86e8/timeouts'
[DEBUG] 

Request DefaultHttpRequest(decodeResult: success, version: HTTP/1.1)
POST /session/1805ac9561b4130fc9728f2b9e9d86e8/timeouts HTTP/1.1
User-Agent: selenium/4.8.2 (java windows)
Content-Length: 23
Content-Type: application/json; charset=utf-8
host: localhost:4995
accept: */*

Response DefaultHttpResponse(decodeResult: success, version: HTTP/1.1)
HTTP/1.1 200 OK
Content-Length: 14
Content-Type: application/json; charset=utf-8
cache-control: no-cache

[DEBUG] Adding key: http://localhost:4995 for channel [id: 0x4919ec2c, L:/127.0.0.1:64296 - R:localhost/127.0.0.1:4995]
[DEBUG] Using pooled Channel '[id: 0x4919ec2c, L:/127.0.0.1:64296 - R:localhost/127.0.0.1:4995]' for 'POST' to 'http://localhost:4995/session/1805ac9561b4130fc9728f2b9e9d86e8/timeouts'
[DEBUG] Using open Channel [id: 0x4919ec2c, L:/127.0.0.1:64296 - R:localhost/127.0.0.1:4995] for POST '/session/1805ac9561b4130fc9728f2b9e9d86e8/timeouts'
[DEBUG] 

Request DefaultHttpRequest(decodeResult: success, version: HTTP/1.1)
POST /session/1805ac9561b4130fc9728f2b9e9d86e8/timeouts HTTP/1.1
User-Agent: selenium/4.8.2 (java windows)
Content-Length: 23
Content-Type: application/json; charset=utf-8
host: localhost:4995
accept: */*

Response DefaultHttpResponse(decodeResult: success, version: HTTP/1.1)
HTTP/1.1 200 OK
Content-Length: 14
Content-Type: application/json; charset=utf-8
cache-control: no-cache

[DEBUG] Adding key: http://localhost:4995 for channel [id: 0x4919ec2c, L:/127.0.0.1:64296 - R:localhost/127.0.0.1:4995]
[DEBUG] Using pooled Channel '[id: 0x4919ec2c, L:/127.0.0.1:64296 - R:localhost/127.0.0.1:4995]' for 'POST' to 'http://localhost:4995/session/1805ac9561b4130fc9728f2b9e9d86e8/timeouts'
[DEBUG] Using open Channel [id: 0x4919ec2c, L:/127.0.0.1:64296 - R:localhost/127.0.0.1:4995] for POST '/session/1805ac9561b4130fc9728f2b9e9d86e8/timeouts'
[DEBUG] 

Request DefaultHttpRequest(decodeResult: success, version: HTTP/1.1)
POST /session/1805ac9561b4130fc9728f2b9e9d86e8/timeouts HTTP/1.1
User-Agent: selenium/4.8.2 (java windows)
Content-Length: 22
Content-Type: application/json; charset=utf-8
host: localhost:4995
accept: */*

Response DefaultHttpResponse(decodeResult: success, version: HTTP/1.1)
HTTP/1.1 200 OK
Content-Length: 14
Content-Type: application/json; charset=utf-8
cache-control: no-cache

[DEBUG] Adding key: http://localhost:4995 for channel [id: 0x4919ec2c, L:/127.0.0.1:64296 - R:localhost/127.0.0.1:4995]
[DEBUG] Using pooled Channel '[id: 0x4919ec2c, L:/127.0.0.1:64296 - R:localhost/127.0.0.1:4995]' for 'POST' to 'http://localhost:4995/session/1805ac9561b4130fc9728f2b9e9d86e8/element'
[DEBUG] Using open Channel [id: 0x4919ec2c, L:/127.0.0.1:64296 - R:localhost/127.0.0.1:4995] for POST '/session/1805ac9561b4130fc9728f2b9e9d86e8/element'
[DEBUG] 

Request DefaultHttpRequest(decodeResult: success, version: HTTP/1.1)
POST /session/1805ac9561b4130fc9728f2b9e9d86e8/element HTTP/1.1
User-Agent: selenium/4.8.2 (java windows)
Content-Length: 52
Content-Type: application/json; charset=utf-8
host: localhost:4995
accept: */*

Response DefaultHttpResponse(decodeResult: success, version: HTTP/1.1)
HTTP/1.1 200 OK
Content-Length: 95
Content-Type: application/json; charset=utf-8
cache-control: no-cache

[DEBUG] Adding key: http://localhost:4995 for channel [id: 0x4919ec2c, L:/127.0.0.1:64296 - R:localhost/127.0.0.1:4995]
[DEBUG] Using pooled Channel '[id: 0x4919ec2c, L:/127.0.0.1:64296 - R:localhost/127.0.0.1:4995]' for 'POST' to 'http://localhost:4995/session/1805ac9561b4130fc9728f2b9e9d86e8/element/AFB2EBD2605F319720A98AF70298B77A_element_41/click'
[DEBUG] Using open Channel [id: 0x4919ec2c, L:/127.0.0.1:64296 - R:localhost/127.0.0.1:4995] for POST '/session/1805ac9561b4130fc9728f2b9e9d86e8/element/AFB2EBD2605F319720A98AF70298B77A_element_41/click'
[DEBUG] 

Request DefaultHttpRequest(decodeResult: success, version: HTTP/1.1)
POST /session/1805ac9561b4130fc9728f2b9e9d86e8/element/AFB2EBD2605F319720A98AF70298B77A_element_41/click HTTP/1.1
User-Agent: selenium/4.8.2 (java windows)
Content-Length: 57
Content-Type: application/json; charset=utf-8
host: localhost:4995
accept: */*

Response DefaultHttpResponse(decodeResult: success, version: HTTP/1.1)
HTTP/1.1 200 OK
Content-Length: 14
Content-Type: application/json; charset=utf-8
cache-control: no-cache

[DEBUG] Adding key: http://localhost:4995 for channel [id: 0x4919ec2c, L:/127.0.0.1:64296 - R:localhost/127.0.0.1:4995]
[DEBUG] Using pooled Channel '[id: 0x4919ec2c, L:/127.0.0.1:64296 - R:localhost/127.0.0.1:4995]' for 'POST' to 'http://localhost:4995/session/1805ac9561b4130fc9728f2b9e9d86e8/element'
[DEBUG] Using open Channel [id: 0x4919ec2c, L:/127.0.0.1:64296 - R:localhost/127.0.0.1:4995] for POST '/session/1805ac9561b4130fc9728f2b9e9d86e8/element'
[DEBUG] 

Request DefaultHttpRequest(decodeResult: success, version: HTTP/1.1)
POST /session/1805ac9561b4130fc9728f2b9e9d86e8/element HTTP/1.1
User-Agent: selenium/4.8.2 (java windows)
Content-Length: 60
Content-Type: application/json; charset=utf-8
host: localhost:4995
accept: */*

Response DefaultHttpResponse(decodeResult: success, version: HTTP/1.1)
HTTP/1.1 200 OK
Content-Length: 95
Content-Type: application/json; charset=utf-8
cache-control: no-cache

[DEBUG] Adding key: http://localhost:4995 for channel [id: 0x4919ec2c, L:/127.0.0.1:64296 - R:localhost/127.0.0.1:4995]
[DEBUG] Using pooled Channel '[id: 0x4919ec2c, L:/127.0.0.1:64296 - R:localhost/127.0.0.1:4995]' for 'POST' to 'http://localhost:4995/session/1805ac9561b4130fc9728f2b9e9d86e8/element/AFB2EBD2605F319720A98AF70298B77A_element_42/value'
[DEBUG] Using open Channel [id: 0x4919ec2c, L:/127.0.0.1:64296 - R:localhost/127.0.0.1:4995] for POST '/session/1805ac9561b4130fc9728f2b9e9d86e8/element/AFB2EBD2605F319720A98AF70298B77A_element_42/value'
[DEBUG] Entry count for : http://localhost:64297 : 1
[DEBUG] 

Request DefaultHttpRequest(decodeResult: success, version: HTTP/1.1)
POST /session/1805ac9561b4130fc9728f2b9e9d86e8/element/AFB2EBD2605F319720A98AF70298B77A_element_42/value HTTP/1.1
User-Agent: selenium/4.8.2 (java windows)
Content-Length: 868
Content-Type: application/json; charset=utf-8
host: localhost:4995
accept: */*

Response DefaultHttpResponse(decodeResult: success, version: HTTP/1.1)
HTTP/1.1 200 OK
Content-Length: 14
Content-Type: application/json; charset=utf-8
cache-control: no-cache

[DEBUG] Adding key: http://localhost:4995 for channel [id: 0x4919ec2c, L:/127.0.0.1:64296 - R:localhost/127.0.0.1:4995]
[DEBUG] Using pooled Channel '[id: 0x4919ec2c, L:/127.0.0.1:64296 - R:localhost/127.0.0.1:4995]' for 'POST' to 'http://localhost:4995/session/1805ac9561b4130fc9728f2b9e9d86e8/element'
[DEBUG] Using open Channel [id: 0x4919ec2c, L:/127.0.0.1:64296 - R:localhost/127.0.0.1:4995] for POST '/session/1805ac9561b4130fc9728f2b9e9d86e8/element'
[DEBUG] 

Request DefaultHttpRequest(decodeResult: success, version: HTTP/1.1)
POST /session/1805ac9561b4130fc9728f2b9e9d86e8/element HTTP/1.1
User-Agent: selenium/4.8.2 (java windows)
Content-Length: 60
Content-Type: application/json; charset=utf-8
host: localhost:4995
accept: */*

Response DefaultHttpResponse(decodeResult: success, version: HTTP/1.1)
HTTP/1.1 200 OK
Content-Length: 95
Content-Type: application/json; charset=utf-8
cache-control: no-cache

[DEBUG] Adding key: http://localhost:4995 for channel [id: 0x4919ec2c, L:/127.0.0.1:64296 - R:localhost/127.0.0.1:4995]
[DEBUG] Using pooled Channel '[id: 0x4919ec2c, L:/127.0.0.1:64296 - R:localhost/127.0.0.1:4995]' for 'POST' to 'http://localhost:4995/session/1805ac9561b4130fc9728f2b9e9d86e8/element/AFB2EBD2605F319720A98AF70298B77A_element_19/value'
[DEBUG] Using open Channel [id: 0x4919ec2c, L:/127.0.0.1:64296 - R:localhost/127.0.0.1:4995] for POST '/session/1805ac9561b4130fc9728f2b9e9d86e8/element/AFB2EBD2605F319720A98AF70298B77A_element_19/value'
[DEBUG] 

Request DefaultHttpRequest(decodeResult: success, version: HTTP/1.1)
POST /session/1805ac9561b4130fc9728f2b9e9d86e8/element/AFB2EBD2605F319720A98AF70298B77A_element_19/value HTTP/1.1
User-Agent: selenium/4.8.2 (java windows)
Content-Length: 728
Content-Type: application/json; charset=utf-8
host: localhost:4995
accept: */*

Response DefaultHttpResponse(decodeResult: success, version: HTTP/1.1)
HTTP/1.1 200 OK
Content-Length: 14
Content-Type: application/json; charset=utf-8
cache-control: no-cache

[DEBUG] Adding key: http://localhost:4995 for channel [id: 0x4919ec2c, L:/127.0.0.1:64296 - R:localhost/127.0.0.1:4995]
[DEBUG] Using pooled Channel '[id: 0x4919ec2c, L:/127.0.0.1:64296 - R:localhost/127.0.0.1:4995]' for 'POST' to 'http://localhost:4995/session/1805ac9561b4130fc9728f2b9e9d86e8/element'
[DEBUG] Using open Channel [id: 0x4919ec2c, L:/127.0.0.1:64296 - R:localhost/127.0.0.1:4995] for POST '/session/1805ac9561b4130fc9728f2b9e9d86e8/element'
[DEBUG] 

Request DefaultHttpRequest(decodeResult: success, version: HTTP/1.1)
POST /session/1805ac9561b4130fc9728f2b9e9d86e8/element HTTP/1.1
User-Agent: selenium/4.8.2 (java windows)
Content-Length: 73
Content-Type: application/json; charset=utf-8
host: localhost:4995
accept: */*

Response DefaultHttpResponse(decodeResult: success, version: HTTP/1.1)
HTTP/1.1 200 OK
Content-Length: 95
Content-Type: application/json; charset=utf-8
cache-control: no-cache

[DEBUG] Adding key: http://localhost:4995 for channel [id: 0x4919ec2c, L:/127.0.0.1:64296 - R:localhost/127.0.0.1:4995]
[DEBUG] Using pooled Channel '[id: 0x4919ec2c, L:/127.0.0.1:64296 - R:localhost/127.0.0.1:4995]' for 'POST' to 'http://localhost:4995/session/1805ac9561b4130fc9728f2b9e9d86e8/element/AFB2EBD2605F319720A98AF70298B77A_element_51/click'
[DEBUG] Using open Channel [id: 0x4919ec2c, L:/127.0.0.1:64296 - R:localhost/127.0.0.1:4995] for POST '/session/1805ac9561b4130fc9728f2b9e9d86e8/element/AFB2EBD2605F319720A98AF70298B77A_element_51/click'
[DEBUG] 

Request DefaultHttpRequest(decodeResult: success, version: HTTP/1.1)
POST /session/1805ac9561b4130fc9728f2b9e9d86e8/element/AFB2EBD2605F319720A98AF70298B77A_element_51/click HTTP/1.1
User-Agent: selenium/4.8.2 (java windows)
Content-Length: 57
Content-Type: application/json; charset=utf-8
host: localhost:4995
accept: */*

Response DefaultHttpResponse(decodeResult: success, version: HTTP/1.1)
HTTP/1.1 200 OK
Content-Length: 14
Content-Type: application/json; charset=utf-8
cache-control: no-cache

[DEBUG] Adding key: http://localhost:4995 for channel [id: 0x4919ec2c, L:/127.0.0.1:64296 - R:localhost/127.0.0.1:4995]
[DEBUG] Entry count for : http://localhost:4995 : 1
[DEBUG] Entry count for : http://localhost:64297 : 1
[DEBUG] Entry count for : http://localhost:4995 : 1
[DEBUG] Entry count for : http://localhost:64297 : 1
[DEBUG] Using pooled Channel '[id: 0x4919ec2c, L:/127.0.0.1:64296 - R:localhost/127.0.0.1:4995]' for 'GET' to 'http://localhost:4995/session/1805ac9561b4130fc9728f2b9e9d86e8/alert/text'
[DEBUG] Using open Channel [id: 0x4919ec2c, L:/127.0.0.1:64296 - R:localhost/127.0.0.1:4995] for GET '/session/1805ac9561b4130fc9728f2b9e9d86e8/alert/text'
[DEBUG] 

Request DefaultFullHttpRequest(decodeResult: success, version: HTTP/1.1, content: EmptyByteBufBE)
GET /session/1805ac9561b4130fc9728f2b9e9d86e8/alert/text HTTP/1.1
User-Agent: selenium/4.8.2 (java windows)
Cache-Control: no-cache
Content-Type: application/json; charset=utf-8
host: localhost:4995
accept: */*

Response DefaultHttpResponse(decodeResult: success, version: HTTP/1.1)
HTTP/1.1 200 OK
Content-Length: 31
Content-Type: application/json; charset=utf-8
cache-control: no-cache

[DEBUG] Adding key: http://localhost:4995 for channel [id: 0x4919ec2c, L:/127.0.0.1:64296 - R:localhost/127.0.0.1:4995]
[DEBUG] Using pooled Channel '[id: 0x4919ec2c, L:/127.0.0.1:64296 - R:localhost/127.0.0.1:4995]' for 'GET' to 'http://localhost:4995/session/1805ac9561b4130fc9728f2b9e9d86e8/alert/text'
[DEBUG] Using open Channel [id: 0x4919ec2c, L:/127.0.0.1:64296 - R:localhost/127.0.0.1:4995] for GET '/session/1805ac9561b4130fc9728f2b9e9d86e8/alert/text'
[DEBUG] 

Request DefaultFullHttpRequest(decodeResult: success, version: HTTP/1.1, content: EmptyByteBufBE)
GET /session/1805ac9561b4130fc9728f2b9e9d86e8/alert/text HTTP/1.1
User-Agent: selenium/4.8.2 (java windows)
Cache-Control: no-cache
Content-Type: application/json; charset=utf-8
host: localhost:4995
accept: */*

Response DefaultHttpResponse(decodeResult: success, version: HTTP/1.1)
HTTP/1.1 200 OK
Content-Length: 31
Content-Type: application/json; charset=utf-8
cache-control: no-cache

[DEBUG] Adding key: http://localhost:4995 for channel [id: 0x4919ec2c, L:/127.0.0.1:64296 - R:localhost/127.0.0.1:4995]
[DEBUG] Using pooled Channel '[id: 0x4919ec2c, L:/127.0.0.1:64296 - R:localhost/127.0.0.1:4995]' for 'POST' to 'http://localhost:4995/session/1805ac9561b4130fc9728f2b9e9d86e8/alert/accept'
[DEBUG] Using open Channel [id: 0x4919ec2c, L:/127.0.0.1:64296 - R:localhost/127.0.0.1:4995] for POST '/session/1805ac9561b4130fc9728f2b9e9d86e8/alert/accept'
[DEBUG] 

Request DefaultHttpRequest(decodeResult: success, version: HTTP/1.1)
POST /session/1805ac9561b4130fc9728f2b9e9d86e8/alert/accept HTTP/1.1
User-Agent: selenium/4.8.2 (java windows)
Content-Length: 3
Content-Type: application/json; charset=utf-8
host: localhost:4995
accept: */*

Response DefaultHttpResponse(decodeResult: success, version: HTTP/1.1)
HTTP/1.1 200 OK
Content-Length: 14
Content-Type: application/json; charset=utf-8
cache-control: no-cache

[DEBUG] Adding key: http://localhost:4995 for channel [id: 0x4919ec2c, L:/127.0.0.1:64296 - R:localhost/127.0.0.1:4995]
]]></system-out>
    <system-err><![CDATA[Starting ChromeDriver 113.0.5672.63 (0e1a4471d5ae5bf128b1bd8f4d627c8cbd55f70c-refs/branch-heads/5672@{#912}) on port 4995
Only local connections are allowed.
Please see https://chromedriver.chromium.org/security-considerations for suggestions on keeping ChromeDriver safe.
ChromeDriver was started successfully.
May 30, 2023 7:26:31 PM org.openqa.selenium.devtools.CdpVersionFinder findNearestMatch
WARNING: Unable to find an exact match for CDP version 113, so returning the closest version found: 111
]]></system-err>
  </testcase>
  <testcase name="phoneCategory" classname="com.qa.demoblaze.testcases.DemoBlaze_CategoriesTest" time="0.289">
    <system-out><![CDATA[[DEBUG] Channel Closed: [id: 0x705795ba, L:/127.0.0.1:64303 ! R:localhost/127.0.0.1:64297] with attribute NettyResponseFuture{currentRetry=0,
	isDone=1,
	isCancelled=0,
	asyncHandler=org.asynchttpclient.ws.WebSocketUpgradeHandler@bb5a65f,
	nettyRequest=org.asynchttpclient.netty.request.NettyRequest@6e470f0c,
	future=java.util.concurrent.CompletableFuture@734a82db[Completed normally],
	uri=ws://localhost:64297/devtools/browser/701d055e-855a-4cbe-bb4d-88267b638d2d,
	keepAlive=true,
	redirectCount=0,
	timeoutsHolder=null,
	inAuth=0,
	touch=1685499991519}
[DEBUG] Closing Channel [id: 0x705795ba, L:/127.0.0.1:64303 ! R:localhost/127.0.0.1:64297] 
[DEBUG] Using pooled Channel '[id: 0x4919ec2c, L:/127.0.0.1:64296 - R:localhost/127.0.0.1:4995]' for 'DELETE' to 'http://localhost:4995/session/1805ac9561b4130fc9728f2b9e9d86e8'
[DEBUG] Using open Channel [id: 0x4919ec2c, L:/127.0.0.1:64296 - R:localhost/127.0.0.1:4995] for DELETE '/session/1805ac9561b4130fc9728f2b9e9d86e8'
[DEBUG] Unexpected I/O exception on channel [id: 0x73f3ed4b, L:/127.0.0.1:64302 - R:localhost/127.0.0.1:64297]
java.io.IOException: An existing connection was forcibly closed by the remote host
	at sun.nio.ch.SocketDispatcher.read0(Native Method) ~[na:1.8.0_333]
	at sun.nio.ch.SocketDispatcher.read(SocketDispatcher.java:43) ~[na:1.8.0_333]
	at sun.nio.ch.IOUtil.readIntoNativeBuffer(IOUtil.java:223) ~[na:1.8.0_333]
	at sun.nio.ch.IOUtil.read(IOUtil.java:192) ~[na:1.8.0_333]
	at sun.nio.ch.SocketChannelImpl.read(SocketChannelImpl.java:378) ~[na:1.8.0_333]
	at io.netty.buffer.PooledByteBuf.setBytes(PooledByteBuf.java:256) ~[netty-buffer-4.1.90.Final.jar:4.1.90.Final]
	at io.netty.buffer.AbstractByteBuf.writeBytes(AbstractByteBuf.java:1132) ~[netty-buffer-4.1.90.Final.jar:4.1.90.Final]
	at io.netty.channel.socket.nio.NioSocketChannel.doReadBytes(NioSocketChannel.java:357) ~[netty-transport-4.1.90.Final.jar:4.1.90.Final]
	at io.netty.channel.nio.AbstractNioByteChannel$NioByteUnsafe.read(AbstractNioByteChannel.java:151) ~[netty-transport-4.1.90.Final.jar:4.1.90.Final]
	at io.netty.channel.nio.NioEventLoop.processSelectedKey(NioEventLoop.java:788) [netty-transport-4.1.90.Final.jar:4.1.90.Final]
	at io.netty.channel.nio.NioEventLoop.processSelectedKeysOptimized(NioEventLoop.java:724) [netty-transport-4.1.90.Final.jar:4.1.90.Final]
	at io.netty.channel.nio.NioEventLoop.processSelectedKeys(NioEventLoop.java:650) [netty-transport-4.1.90.Final.jar:4.1.90.Final]
	at io.netty.channel.nio.NioEventLoop.run(NioEventLoop.java:562) [netty-transport-4.1.90.Final.jar:4.1.90.Final]
	at io.netty.util.concurrent.SingleThreadEventExecutor$4.run(SingleThreadEventExecutor.java:997) [netty-common-4.1.90.Final.jar:4.1.90.Final]
	at io.netty.util.internal.ThreadExecutorMap$2.run(ThreadExecutorMap.java:74) [netty-common-4.1.90.Final.jar:4.1.90.Final]
	at io.netty.util.concurrent.FastThreadLocalRunnable.run(FastThreadLocalRunnable.java:30) [netty-common-4.1.90.Final.jar:4.1.90.Final]
	at java.lang.Thread.run(Thread.java:750) [na:1.8.0_333]
[DEBUG] Closing Channel [id: 0x73f3ed4b, L:/127.0.0.1:64302 - R:localhost/127.0.0.1:64297] 
[DEBUG] Channel Closed: [id: 0x73f3ed4b, L:/127.0.0.1:64302 ! R:localhost/127.0.0.1:64297] with attribute DISCARD
[DEBUG] 

Request DefaultFullHttpRequest(decodeResult: success, version: HTTP/1.1, content: EmptyByteBufBE)
DELETE /session/1805ac9561b4130fc9728f2b9e9d86e8 HTTP/1.1
User-Agent: selenium/4.8.2 (java windows)
Content-Type: application/json; charset=utf-8
host: localhost:4995
accept: */*

Response DefaultHttpResponse(decodeResult: success, version: HTTP/1.1)
HTTP/1.1 200 OK
Content-Length: 14
Content-Type: application/json; charset=utf-8
cache-control: no-cache

[DEBUG] Adding key: http://localhost:4995 for channel [id: 0x4919ec2c, L:/127.0.0.1:64296 - R:localhost/127.0.0.1:4995]
[DEBUG] Channel Closed: [id: 0x4919ec2c, L:/127.0.0.1:64296 ! R:localhost/127.0.0.1:4995] with attribute DISCARD
[DEBUG] Entry count for : http://localhost:4995 : 1
[DEBUG] Entry count for : http://localhost:64297 : 1
[DEBUG] Adding Candidate expired Channel [id: 0x4919ec2c, L:/127.0.0.1:64296 ! R:localhost/127.0.0.1:4995] isIdleTimeoutExpired=false isRemotelyClosed=true isTtlExpired=false
[DEBUG] Closing Idle Channel [id: 0x4919ec2c, L:/127.0.0.1:64296 ! R:localhost/127.0.0.1:4995]
[DEBUG] Adding Candidate expired Channel [id: 0x73f3ed4b, L:/127.0.0.1:64302 ! R:localhost/127.0.0.1:64297] isIdleTimeoutExpired=false isRemotelyClosed=true isTtlExpired=false
[DEBUG] Closing Idle Channel [id: 0x73f3ed4b, L:/127.0.0.1:64302 ! R:localhost/127.0.0.1:64297]
[DEBUG] Closed 2 connections out of 2 in 0 ms
[DEBUG] Using new Channel '[id: 0xa8905105, L:/127.0.0.1:64313 - R:localhost/127.0.0.1:23544]' for 'POST' to '/session'
[DEBUG] 

Request DefaultHttpRequest(decodeResult: success, version: HTTP/1.1)
POST /session HTTP/1.1
User-Agent: selenium/4.8.2 (java windows)
Content-Length: 489
Content-Type: application/json; charset=utf-8
host: localhost:23544
accept: */*

Response DefaultHttpResponse(decodeResult: success, version: HTTP/1.1)
HTTP/1.1 200 OK
Content-Length: 859
Content-Type: application/json; charset=utf-8
cache-control: no-cache

[DEBUG] Adding key: http://localhost:23544 for channel [id: 0xa8905105, L:/127.0.0.1:64313 - R:localhost/127.0.0.1:23544]
[DEBUG] Using new Channel '[id: 0xae7089d2, L:/127.0.0.1:64319 - R:localhost/127.0.0.1:64314]' for 'GET' to '/json/version'
[DEBUG] 

Request DefaultFullHttpRequest(decodeResult: success, version: HTTP/1.1, content: EmptyByteBufBE)
GET /json/version HTTP/1.1
User-Agent: selenium/4.8.2 (java windows)
host: localhost:64314
accept: */*

Response DefaultHttpResponse(decodeResult: success, version: HTTP/1.1)
HTTP/1.1 200 OK
Content-Security-Policy: frame-ancestors 'none'
Content-Length: 424
Content-Type: application/json; charset=UTF-8

[DEBUG] Adding key: http://localhost:64314 for channel [id: 0xae7089d2, L:/127.0.0.1:64319 - R:localhost/127.0.0.1:64314]
[DEBUG] Using new Channel '[id: 0x9a3ae74b, L:/127.0.0.1:64320 - R:localhost/127.0.0.1:64314]' for 'GET' to '/devtools/browser/25fad763-d89f-42f1-9d36-fe59af4c8b5a'
[DEBUG] 

Request DefaultFullHttpRequest(decodeResult: success, version: HTTP/1.1, content: EmptyByteBufBE)
GET /devtools/browser/25fad763-d89f-42f1-9d36-fe59af4c8b5a HTTP/1.1
upgrade: websocket
connection: upgrade
sec-websocket-key: MmI0n2O2ZU3NACmu7LeTsQ==
sec-websocket-version: 13
origin: http://localhost:64314
host: localhost:64314
accept: */*
user-agent: AHC/2.1

Response DefaultHttpResponse(decodeResult: success, version: HTTP/1.1)
HTTP/1.1 101 WebSocket Protocol Handshake
Upgrade: WebSocket
Connection: Upgrade
Sec-WebSocket-Accept: KWNeEQ/nDCr2lJ22eLAFS+yPgdo=

[DEBUG] Using pooled Channel '[id: 0xa8905105, L:/127.0.0.1:64313 - R:localhost/127.0.0.1:23544]' for 'POST' to 'http://localhost:23544/session/0bb7ec56883e21ab4a9927e1f5f12f38/window/maximize'
[DEBUG] Using open Channel [id: 0xa8905105, L:/127.0.0.1:64313 - R:localhost/127.0.0.1:23544] for POST '/session/0bb7ec56883e21ab4a9927e1f5f12f38/window/maximize'
[DEBUG] 

Request DefaultHttpRequest(decodeResult: success, version: HTTP/1.1)
POST /session/0bb7ec56883e21ab4a9927e1f5f12f38/window/maximize HTTP/1.1
User-Agent: selenium/4.8.2 (java windows)
Content-Length: 3
Content-Type: application/json; charset=utf-8
host: localhost:23544
accept: */*

Response DefaultHttpResponse(decodeResult: success, version: HTTP/1.1)
HTTP/1.1 200 OK
Content-Length: 51
Content-Type: application/json; charset=utf-8
cache-control: no-cache

[DEBUG] Adding key: http://localhost:23544 for channel [id: 0xa8905105, L:/127.0.0.1:64313 - R:localhost/127.0.0.1:23544]
[DEBUG] Using pooled Channel '[id: 0xa8905105, L:/127.0.0.1:64313 - R:localhost/127.0.0.1:23544]' for 'POST' to 'http://localhost:23544/session/0bb7ec56883e21ab4a9927e1f5f12f38/url'
[DEBUG] Using open Channel [id: 0xa8905105, L:/127.0.0.1:64313 - R:localhost/127.0.0.1:23544] for POST '/session/0bb7ec56883e21ab4a9927e1f5f12f38/url'
[DEBUG] Entry count for : http://localhost:64314 : 1
[DEBUG] 

Request DefaultHttpRequest(decodeResult: success, version: HTTP/1.1)
POST /session/0bb7ec56883e21ab4a9927e1f5f12f38/url HTTP/1.1
User-Agent: selenium/4.8.2 (java windows)
Content-Length: 74
Content-Type: application/json; charset=utf-8
host: localhost:23544
accept: */*

Response DefaultHttpResponse(decodeResult: success, version: HTTP/1.1)
HTTP/1.1 200 OK
Content-Length: 14
Content-Type: application/json; charset=utf-8
cache-control: no-cache

[DEBUG] Adding key: http://localhost:23544 for channel [id: 0xa8905105, L:/127.0.0.1:64313 - R:localhost/127.0.0.1:23544]
[DEBUG] Using pooled Channel '[id: 0xa8905105, L:/127.0.0.1:64313 - R:localhost/127.0.0.1:23544]' for 'POST' to 'http://localhost:23544/session/0bb7ec56883e21ab4a9927e1f5f12f38/timeouts'
[DEBUG] Using open Channel [id: 0xa8905105, L:/127.0.0.1:64313 - R:localhost/127.0.0.1:23544] for POST '/session/0bb7ec56883e21ab4a9927e1f5f12f38/timeouts'
[DEBUG] 

Request DefaultHttpRequest(decodeResult: success, version: HTTP/1.1)
POST /session/0bb7ec56883e21ab4a9927e1f5f12f38/timeouts HTTP/1.1
User-Agent: selenium/4.8.2 (java windows)
Content-Length: 23
Content-Type: application/json; charset=utf-8
host: localhost:23544
accept: */*

Response DefaultHttpResponse(decodeResult: success, version: HTTP/1.1)
HTTP/1.1 200 OK
Content-Length: 14
Content-Type: application/json; charset=utf-8
cache-control: no-cache

[DEBUG] Adding key: http://localhost:23544 for channel [id: 0xa8905105, L:/127.0.0.1:64313 - R:localhost/127.0.0.1:23544]
[DEBUG] Using pooled Channel '[id: 0xa8905105, L:/127.0.0.1:64313 - R:localhost/127.0.0.1:23544]' for 'POST' to 'http://localhost:23544/session/0bb7ec56883e21ab4a9927e1f5f12f38/timeouts'
[DEBUG] Using open Channel [id: 0xa8905105, L:/127.0.0.1:64313 - R:localhost/127.0.0.1:23544] for POST '/session/0bb7ec56883e21ab4a9927e1f5f12f38/timeouts'
[DEBUG] 

Request DefaultHttpRequest(decodeResult: success, version: HTTP/1.1)
POST /session/0bb7ec56883e21ab4a9927e1f5f12f38/timeouts HTTP/1.1
User-Agent: selenium/4.8.2 (java windows)
Content-Length: 23
Content-Type: application/json; charset=utf-8
host: localhost:23544
accept: */*

Response DefaultHttpResponse(decodeResult: success, version: HTTP/1.1)
HTTP/1.1 200 OK
Content-Length: 14
Content-Type: application/json; charset=utf-8
cache-control: no-cache

[DEBUG] Adding key: http://localhost:23544 for channel [id: 0xa8905105, L:/127.0.0.1:64313 - R:localhost/127.0.0.1:23544]
[DEBUG] Using pooled Channel '[id: 0xa8905105, L:/127.0.0.1:64313 - R:localhost/127.0.0.1:23544]' for 'POST' to 'http://localhost:23544/session/0bb7ec56883e21ab4a9927e1f5f12f38/timeouts'
[DEBUG] Using open Channel [id: 0xa8905105, L:/127.0.0.1:64313 - R:localhost/127.0.0.1:23544] for POST '/session/0bb7ec56883e21ab4a9927e1f5f12f38/timeouts'
[DEBUG] 

Request DefaultHttpRequest(decodeResult: success, version: HTTP/1.1)
POST /session/0bb7ec56883e21ab4a9927e1f5f12f38/timeouts HTTP/1.1
User-Agent: selenium/4.8.2 (java windows)
Content-Length: 22
Content-Type: application/json; charset=utf-8
host: localhost:23544
accept: */*

Response DefaultHttpResponse(decodeResult: success, version: HTTP/1.1)
HTTP/1.1 200 OK
Content-Length: 14
Content-Type: application/json; charset=utf-8
cache-control: no-cache

[DEBUG] Adding key: http://localhost:23544 for channel [id: 0xa8905105, L:/127.0.0.1:64313 - R:localhost/127.0.0.1:23544]
[DEBUG] Using pooled Channel '[id: 0xa8905105, L:/127.0.0.1:64313 - R:localhost/127.0.0.1:23544]' for 'POST' to 'http://localhost:23544/session/0bb7ec56883e21ab4a9927e1f5f12f38/element'
[DEBUG] Using open Channel [id: 0xa8905105, L:/127.0.0.1:64313 - R:localhost/127.0.0.1:23544] for POST '/session/0bb7ec56883e21ab4a9927e1f5f12f38/element'
[DEBUG] 

Request DefaultHttpRequest(decodeResult: success, version: HTTP/1.1)
POST /session/0bb7ec56883e21ab4a9927e1f5f12f38/element HTTP/1.1
User-Agent: selenium/4.8.2 (java windows)
Content-Length: 67
Content-Type: application/json; charset=utf-8
host: localhost:23544
accept: */*

Response DefaultHttpResponse(decodeResult: success, version: HTTP/1.1)
HTTP/1.1 200 OK
Content-Length: 95
Content-Type: application/json; charset=utf-8
cache-control: no-cache

[DEBUG] Adding key: http://localhost:23544 for channel [id: 0xa8905105, L:/127.0.0.1:64313 - R:localhost/127.0.0.1:23544]
[DEBUG] Using pooled Channel '[id: 0xa8905105, L:/127.0.0.1:64313 - R:localhost/127.0.0.1:23544]' for 'POST' to 'http://localhost:23544/session/0bb7ec56883e21ab4a9927e1f5f12f38/element/43FD26B00CCB42F1789C9AF43842AC61_element_28/click'
[DEBUG] Using open Channel [id: 0xa8905105, L:/127.0.0.1:64313 - R:localhost/127.0.0.1:23544] for POST '/session/0bb7ec56883e21ab4a9927e1f5f12f38/element/43FD26B00CCB42F1789C9AF43842AC61_element_28/click'
[DEBUG] 

Request DefaultHttpRequest(decodeResult: success, version: HTTP/1.1)
POST /session/0bb7ec56883e21ab4a9927e1f5f12f38/element/43FD26B00CCB42F1789C9AF43842AC61_element_28/click HTTP/1.1
User-Agent: selenium/4.8.2 (java windows)
Content-Length: 57
Content-Type: application/json; charset=utf-8
host: localhost:23544
accept: */*

Response DefaultHttpResponse(decodeResult: success, version: HTTP/1.1)
HTTP/1.1 200 OK
Content-Length: 14
Content-Type: application/json; charset=utf-8
cache-control: no-cache

[DEBUG] Adding key: http://localhost:23544 for channel [id: 0xa8905105, L:/127.0.0.1:64313 - R:localhost/127.0.0.1:23544]
[DEBUG] Using pooled Channel '[id: 0xa8905105, L:/127.0.0.1:64313 - R:localhost/127.0.0.1:23544]' for 'POST' to 'http://localhost:23544/session/0bb7ec56883e21ab4a9927e1f5f12f38/element'
[DEBUG] Using open Channel [id: 0xa8905105, L:/127.0.0.1:64313 - R:localhost/127.0.0.1:23544] for POST '/session/0bb7ec56883e21ab4a9927e1f5f12f38/element'
[DEBUG] 

Request DefaultHttpRequest(decodeResult: success, version: HTTP/1.1)
POST /session/0bb7ec56883e21ab4a9927e1f5f12f38/element HTTP/1.1
User-Agent: selenium/4.8.2 (java windows)
Content-Length: 58
Content-Type: application/json; charset=utf-8
host: localhost:23544
accept: */*

Response DefaultHttpResponse(decodeResult: success, version: HTTP/1.1)
HTTP/1.1 200 OK
Content-Length: 95
Content-Type: application/json; charset=utf-8
cache-control: no-cache

[DEBUG] Adding key: http://localhost:23544 for channel [id: 0xa8905105, L:/127.0.0.1:64313 - R:localhost/127.0.0.1:23544]
[DEBUG] Using pooled Channel '[id: 0xa8905105, L:/127.0.0.1:64313 - R:localhost/127.0.0.1:23544]' for 'POST' to 'http://localhost:23544/session/0bb7ec56883e21ab4a9927e1f5f12f38/execute/sync'
[DEBUG] Using open Channel [id: 0xa8905105, L:/127.0.0.1:64313 - R:localhost/127.0.0.1:23544] for POST '/session/0bb7ec56883e21ab4a9927e1f5f12f38/execute/sync'
[DEBUG] 

Request DefaultHttpRequest(decodeResult: success, version: HTTP/1.1)
POST /session/0bb7ec56883e21ab4a9927e1f5f12f38/execute/sync HTTP/1.1
User-Agent: selenium/4.8.2 (java windows)
Content-Length: 48814
Content-Type: application/json; charset=utf-8
host: localhost:23544
accept: */*

Response DefaultHttpResponse(decodeResult: success, version: HTTP/1.1)
HTTP/1.1 200 OK
Content-Length: 14
Content-Type: application/json; charset=utf-8
cache-control: no-cache

[DEBUG] Adding key: http://localhost:23544 for channel [id: 0xa8905105, L:/127.0.0.1:64313 - R:localhost/127.0.0.1:23544]
[DEBUG] Using pooled Channel '[id: 0xa8905105, L:/127.0.0.1:64313 - R:localhost/127.0.0.1:23544]' for 'POST' to 'http://localhost:23544/session/0bb7ec56883e21ab4a9927e1f5f12f38/element'
[DEBUG] Using open Channel [id: 0xa8905105, L:/127.0.0.1:64313 - R:localhost/127.0.0.1:23544] for POST '/session/0bb7ec56883e21ab4a9927e1f5f12f38/element'
[DEBUG] 

Request DefaultHttpRequest(decodeResult: success, version: HTTP/1.1)
POST /session/0bb7ec56883e21ab4a9927e1f5f12f38/element HTTP/1.1
User-Agent: selenium/4.8.2 (java windows)
Content-Length: 58
Content-Type: application/json; charset=utf-8
host: localhost:23544
accept: */*

Response DefaultHttpResponse(decodeResult: success, version: HTTP/1.1)
HTTP/1.1 200 OK
Content-Length: 95
Content-Type: application/json; charset=utf-8
cache-control: no-cache

[DEBUG] Adding key: http://localhost:23544 for channel [id: 0xa8905105, L:/127.0.0.1:64313 - R:localhost/127.0.0.1:23544]
[DEBUG] Using pooled Channel '[id: 0xa8905105, L:/127.0.0.1:64313 - R:localhost/127.0.0.1:23544]' for 'POST' to 'http://localhost:23544/session/0bb7ec56883e21ab4a9927e1f5f12f38/execute/sync'
[DEBUG] Using open Channel [id: 0xa8905105, L:/127.0.0.1:64313 - R:localhost/127.0.0.1:23544] for POST '/session/0bb7ec56883e21ab4a9927e1f5f12f38/execute/sync'
[DEBUG] 

Request DefaultHttpRequest(decodeResult: success, version: HTTP/1.1)
POST /session/0bb7ec56883e21ab4a9927e1f5f12f38/execute/sync HTTP/1.1
User-Agent: selenium/4.8.2 (java windows)
Content-Length: 48814
Content-Type: application/json; charset=utf-8
host: localhost:23544
accept: */*

Response DefaultHttpResponse(decodeResult: success, version: HTTP/1.1)
HTTP/1.1 200 OK
Content-Length: 14
Content-Type: application/json; charset=utf-8
cache-control: no-cache

[DEBUG] Adding key: http://localhost:23544 for channel [id: 0xa8905105, L:/127.0.0.1:64313 - R:localhost/127.0.0.1:23544]
]]></system-out>
    <system-err><![CDATA[Starting ChromeDriver 113.0.5672.63 (0e1a4471d5ae5bf128b1bd8f4d627c8cbd55f70c-refs/branch-heads/5672@{#912}) on port 23544
Only local connections are allowed.
Please see https://chromedriver.chromium.org/security-considerations for suggestions on keeping ChromeDriver safe.
ChromeDriver was started successfully.
May 30, 2023 7:26:36 PM org.openqa.selenium.devtools.CdpVersionFinder findNearestMatch
WARNING: Unable to find an exact match for CDP version 113, so returning the closest version found: 111
]]></system-err>
  </testcase>
</testsuite>