<?xml version="1.0" encoding="UTF-8"?>
<!-- Generated by org.testng.reporters.JUnitReportReporter -->
<testsuite hostname="LAPTOP-PLNO5R2G" failures="0" tests="1" name="com.qa.demoblaze.pages.SingnUpTest" time="5.787" errors="0" timestamp="2023-05-30T15:07:17 PDT" skipped="0">
  <testcase classname="com.qa.demoblaze.pages.SingnUpTest" name="signUpWithNoCredentials" time="5.787"/>
  <system-out/>
</testsuite> <!-- com.qa.demoblaze.pages.SingnUpTest -->
