<?xml version="1.0" encoding="UTF-8"?>
<!-- Generated by org.testng.reporters.JUnitReportReporter -->
<testsuite hostname="LAPTOP-PLNO5R2G" failures="0" tests="3" name="com.qa.demoblaze.pages.CategoriesTest" time="9.193" errors="0" timestamp="2023-05-30T15:25:23 PDT" skipped="0">
  <testcase classname="com.qa.demoblaze.pages.CategoriesTest" name="phoneCategory" time="2.589"/>
  <system-out/>
  <testcase classname="com.qa.demoblaze.pages.CategoriesTest" name="laptopCategory" time="3.919"/>
  <system-out/>
  <testcase classname="com.qa.demoblaze.pages.CategoriesTest" name="monitorCategory" time="2.685"/>
  <system-out/>
</testsuite> <!-- com.qa.demoblaze.pages.CategoriesTest -->
