<?xml version="1.0" encoding="UTF-8"?>
<!-- Generated by org.testng.reporters.JUnitReportReporter -->
<testsuite hostname="LAPTOP-PLNO5R2G" failures="0" tests="2" name="com.qa.demoblaze.testcases.DemoBlaze_SignUpTest" time="9.525" errors="0" timestamp="2023-05-30T19:24:12 PDT" skipped="0">
  <testcase classname="com.qa.demoblaze.testcases.DemoBlaze_SignUpTest" name="provideSignUpCredentials" time="4.786"/>
  <system-out/>
  <testcase classname="com.qa.demoblaze.testcases.DemoBlaze_SignUpTest" name="signUpWithNoCredentials" time="4.739"/>
  <system-out/>
</testsuite> <!-- com.qa.demoblaze.testcases.DemoBlaze_SignUpTest -->
