<?xml version="1.0" encoding="UTF-8"?>
<!-- Generated by org.testng.reporters.JUnitReportReporter -->
<testsuite hostname="LAPTOP-PLNO5R2G" failures="0" tests="3" name="com.qa.demoblaze.testcases.DemoBlaze_CategoriesTest" time="7.966" errors="0" timestamp="2023-05-30T19:24:12 PDT" skipped="0">
  <testcase classname="com.qa.demoblaze.testcases.DemoBlaze_CategoriesTest" name="phoneCategory" time="2.540"/>
  <system-out/>
  <testcase classname="com.qa.demoblaze.testcases.DemoBlaze_CategoriesTest" name="laptopCategory" time="2.719"/>
  <system-out/>
  <testcase classname="com.qa.demoblaze.testcases.DemoBlaze_CategoriesTest" name="monitorCategory" time="2.707"/>
  <system-out/>
</testsuite> <!-- com.qa.demoblaze.testcases.DemoBlaze_CategoriesTest -->
