<?xml version="1.0" encoding="UTF-8"?>
<!-- Generated by org.testng.reporters.JUnitReportReporter -->
<testsuite hostname="LAPTOP-PLNO5R2G" failures="0" tests="9" name="com.qa.demoblaze.testcases.DemoBlaze_LoginTest" time="33.079" errors="0" timestamp="2023-05-30T19:24:12 PDT" skipped="0">
  <testcase classname="com.qa.demoblaze.testcases.DemoBlaze_LoginTest" name="loginWithValidCredentials" time="2.739"/>
  <system-out/>
  <testcase classname="com.qa.demoblaze.testcases.DemoBlaze_LoginTest" name="loginWithValidCredentials" time="2.668"/>
  <system-out/>
  <testcase classname="com.qa.demoblaze.testcases.DemoBlaze_LoginTest" name="loginWithValidCredentials" time="2.902"/>
  <system-out/>
  <testcase classname="com.qa.demoblaze.testcases.DemoBlaze_LoginTest" name="loginWithValidCredentials" time="2.799"/>
  <system-out/>
  <testcase classname="com.qa.demoblaze.testcases.DemoBlaze_LoginTest" name="loginWithValidCredentials" time="2.877"/>
  <system-out/>
  <testcase classname="com.qa.demoblaze.testcases.DemoBlaze_LoginTest" name="loginWithInvalidCredentials" time="4.735"/>
  <system-out/>
  <testcase classname="com.qa.demoblaze.testcases.DemoBlaze_LoginTest" name="loginWithInValidUsernameValidPassword" time="4.785"/>
  <system-out/>
  <testcase classname="com.qa.demoblaze.testcases.DemoBlaze_LoginTest" name="loginWithValidUsernameInvalidPassword" time="5.127"/>
  <system-out/>
  <testcase classname="com.qa.demoblaze.testcases.DemoBlaze_LoginTest" name="loginWithNoCredentials" time="4.447"/>
  <system-out/>
</testsuite> <!-- com.qa.demoblaze.testcases.DemoBlaze_LoginTest -->
