<?xml version="1.0" encoding="UTF-8"?>
<!-- Generated by org.testng.reporters.JUnitReportReporter -->
<testsuite skipped="0" hostname="LAPTOP-PLNO5R2G" name="com.qa.demoblaze.testcases.DemoBlaze_CategoriesTest" tests="1" failures="0" timestamp="31 May 2023 02:26:40 GMT" time="2.595" errors="0">
  <testcase name="phoneCategory" time="2.595" classname="com.qa.demoblaze.testcases.DemoBlaze_CategoriesTest"/>
</testsuite> <!-- com.qa.demoblaze.testcases.DemoBlaze_CategoriesTest -->
