<?xml version="1.0" encoding="UTF-8"?>
<!-- Generated by org.testng.reporters.JUnitReportReporter -->
<testsuite skipped="0" hostname="LAPTOP-PLNO5R2G" name="com.qa.demoblaze.testcases.DemoBlaze_SignUpTest" tests="1" failures="0" timestamp="31 May 2023 02:26:40 GMT" time="4.771" errors="0">
  <testcase name="provideSignUpCredentials" time="4.771" classname="com.qa.demoblaze.testcases.DemoBlaze_SignUpTest"/>
</testsuite> <!-- com.qa.demoblaze.testcases.DemoBlaze_SignUpTest -->
