<?xml version="1.0" encoding="UTF-8"?>
<!-- Generated by org.testng.reporters.JUnitReportReporter -->
<testsuite skipped="0" hostname="LAPTOP-PLNO5R2G" name="com.qa.demoblaze.testcases.DemoBlaze_Landingage" tests="2" failures="0" timestamp="31 May 2023 02:26:40 GMT" time="5.595" errors="0">
  <testcase name="pageTitleAndUrl" time="3.338" classname="com.qa.demoblaze.testcases.DemoBlaze_Landingage"/>
  <testcase name="presenceOfProductStoreLink" time="2.257" classname="com.qa.demoblaze.testcases.DemoBlaze_Landingage"/>
</testsuite> <!-- com.qa.demoblaze.testcases.DemoBlaze_Landingage -->
