<?xml version="1.0" encoding="UTF-8"?>
<!-- Generated by org.testng.reporters.JUnitReportReporter -->
<testsuite skipped="0" hostname="LAPTOP-PLNO5R2G" name="com.qa.demoblaze.testcases.DemoBlaze_LoginTest" tests="5" failures="0" timestamp="31 May 2023 02:26:40 GMT" time="13.617" errors="0">
  <testcase name="loginWithValidCredentials" time="2.558" classname="com.qa.demoblaze.testcases.DemoBlaze_LoginTest"/>
  <testcase name="loginWithValidCredentials" time="2.649" classname="com.qa.demoblaze.testcases.DemoBlaze_LoginTest"/>
  <testcase name="loginWithValidCredentials" time="2.869" classname="com.qa.demoblaze.testcases.DemoBlaze_LoginTest"/>
  <testcase name="loginWithValidCredentials" time="2.923" classname="com.qa.demoblaze.testcases.DemoBlaze_LoginTest"/>
  <testcase name="loginWithValidCredentials" time="2.618" classname="com.qa.demoblaze.testcases.DemoBlaze_LoginTest"/>
</testsuite> <!-- com.qa.demoblaze.testcases.DemoBlaze_LoginTest -->
